{"D:\\Hacktiv8\\Phase-3\\Privator\\server-2\\server\\app.js": {"path":"D:\\Hacktiv8\\Phase-3\\Privator\\server-2\\server\\app.js","statementMap":{"0":{"start":{"line":1,"column":0},"end":{"line":3,"column":1}},"1":{"start":{"line":2,"column":2},"end":{"line":2,"column":29}},"2":{"start":{"line":5,"column":13},"end":{"line":5,"column":28}},"3":{"start":{"line":6,"column":16},"end":{"line":6,"column":34}},"4":{"start":{"line":8,"column":12},"end":{"line":8,"column":21}},"5":{"start":{"line":9,"column":13},"end":{"line":9,"column":37}},"6":{"start":{"line":11,"column":21},"end":{"line":11,"column":58}},"7":{"start":{"line":12,"column":15},"end":{"line":12,"column":41}},"8":{"start":{"line":13,"column":0},"end":{"line":13,"column":16}},"9":{"start":{"line":15,"column":0},"end":{"line":15,"column":24}},"10":{"start":{"line":16,"column":0},"end":{"line":16,"column":48}},"11":{"start":{"line":18,"column":0},"end":{"line":25,"column":3}},"12":{"start":{"line":19,"column":2},"end":{"line":19,"column":49}},"13":{"start":{"line":20,"column":2},"end":{"line":23,"column":4}},"14":{"start":{"line":24,"column":2},"end":{"line":24,"column":9}},"15":{"start":{"line":27,"column":0},"end":{"line":27,"column":21}},"16":{"start":{"line":29,"column":0},"end":{"line":29,"column":22}},"17":{"start":{"line":31,"column":0},"end":{"line":33,"column":3}},"18":{"start":{"line":32,"column":2},"end":{"line":32,"column":62}},"19":{"start":{"line":35,"column":0},"end":{"line":35,"column":21}}},"fnMap":{"0":{"name":"(anonymous_0)","decl":{"start":{"line":18,"column":8},"end":{"line":18,"column":9}},"loc":{"start":{"line":18,"column":34},"end":{"line":25,"column":1}},"line":18},"1":{"name":"(anonymous_1)","decl":{"start":{"line":31,"column":17},"end":{"line":31,"column":18}},"loc":{"start":{"line":31,"column":23},"end":{"line":33,"column":1}},"line":31}},"branchMap":{"0":{"loc":{"start":{"line":1,"column":0},"end":{"line":3,"column":1}},"type":"if","locations":[{"start":{"line":1,"column":0},"end":{"line":3,"column":1}},{"start":{},"end":{}}],"line":1},"1":{"loc":{"start":{"line":9,"column":13},"end":{"line":9,"column":37}},"type":"binary-expr","locations":[{"start":{"line":9,"column":13},"end":{"line":9,"column":29}},{"start":{"line":9,"column":33},"end":{"line":9,"column":37}}],"line":9}},"s":{"0":6,"1":6,"2":6,"3":6,"4":6,"5":6,"6":6,"7":6,"8":6,"9":6,"10":6,"11":6,"12":65,"13":65,"14":65,"15":6,"16":6,"17":6,"18":1,"19":6},"f":{"0":65,"1":1},"b":{"0":[6,0],"1":[6,6]},"_coverageSchema":"1a1c01bbd47fc00a2c39e90264f33305004495a9","hash":"e7ea1f41784ca3f7eb67a0d14c524d4a9c35a73b"}
,"D:\\Hacktiv8\\Phase-3\\Privator\\server-2\\server\\cloudinary\\index.js": {"path":"D:\\Hacktiv8\\Phase-3\\Privator\\server-2\\server\\cloudinary\\index.js","statementMap":{"0":{"start":{"line":1,"column":19},"end":{"line":1,"column":43}},"1":{"start":{"line":2,"column":30},"end":{"line":2,"column":66}},"2":{"start":{"line":4,"column":0},"end":{"line":8,"column":3}},"3":{"start":{"line":10,"column":16},"end":{"line":14,"column":2}},"4":{"start":{"line":16,"column":0},"end":{"line":19,"column":2}}},"fnMap":{},"branchMap":{},"s":{"0":6,"1":6,"2":6,"3":6,"4":6},"f":{},"b":{},"_coverageSchema":"1a1c01bbd47fc00a2c39e90264f33305004495a9","hash":"3c5761ccc75126ee1bc0641dfb8787d89f7eb824"}
,"D:\\Hacktiv8\\Phase-3\\Privator\\server-2\\server\\controllers\\bookingController.js": {"path":"D:\\Hacktiv8\\Phase-3\\Privator\\server-2\\server\\controllers\\bookingController.js","statementMap":{"0":{"start":{"line":9,"column":4},"end":{"line":9,"column":24}},"1":{"start":{"line":14,"column":4},"end":{"line":35,"column":5}},"2":{"start":{"line":15,"column":23},"end":{"line":30,"column":8}},"3":{"start":{"line":32,"column":6},"end":{"line":32,"column":37}},"4":{"start":{"line":34,"column":6},"end":{"line":34,"column":18}},"5":{"start":{"line":40,"column":4},"end":{"line":62,"column":5}},"6":{"start":{"line":41,"column":22},"end":{"line":53,"column":8}},"7":{"start":{"line":55,"column":6},"end":{"line":57,"column":7}},"8":{"start":{"line":56,"column":8},"end":{"line":56,"column":44}},"9":{"start":{"line":59,"column":6},"end":{"line":59,"column":36}},"10":{"start":{"line":61,"column":6},"end":{"line":61,"column":18}},"11":{"start":{"line":67,"column":4},"end":{"line":83,"column":5}},"12":{"start":{"line":68,"column":23},"end":{"line":68,"column":42}},"13":{"start":{"line":69,"column":19},"end":{"line":69,"column":50}},"14":{"start":{"line":71,"column":6},"end":{"line":71,"column":54}},"15":{"start":{"line":71,"column":19},"end":{"line":71,"column":54}},"16":{"start":{"line":73,"column":22},"end":{"line":78,"column":8}},"17":{"start":{"line":80,"column":6},"end":{"line":80,"column":36}},"18":{"start":{"line":82,"column":6},"end":{"line":82,"column":18}},"19":{"start":{"line":88,"column":14},"end":{"line":88,"column":43}},"20":{"start":{"line":89,"column":4},"end":{"line":136,"column":5}},"21":{"start":{"line":90,"column":22},"end":{"line":90,"column":59}},"22":{"start":{"line":92,"column":28},"end":{"line":96,"column":8}},"23":{"start":{"line":98,"column":6},"end":{"line":98,"column":78}},"24":{"start":{"line":98,"column":37},"end":{"line":98,"column":78}},"25":{"start":{"line":100,"column":6},"end":{"line":104,"column":7}},"26":{"start":{"line":101,"column":8},"end":{"line":103,"column":9}},"27":{"start":{"line":102,"column":10},"end":{"line":102,"column":50}},"28":{"start":{"line":106,"column":6},"end":{"line":106,"column":56}},"29":{"start":{"line":106,"column":20},"end":{"line":106,"column":56}},"30":{"start":{"line":108,"column":6},"end":{"line":108,"column":68}},"31":{"start":{"line":108,"column":37},"end":{"line":108,"column":68}},"32":{"start":{"line":110,"column":6},"end":{"line":120,"column":8}},"33":{"start":{"line":122,"column":26},"end":{"line":127,"column":7}},"34":{"start":{"line":129,"column":6},"end":{"line":129,"column":80}},"35":{"start":{"line":131,"column":6},"end":{"line":131,"column":23}},"36":{"start":{"line":132,"column":6},"end":{"line":132,"column":36}},"37":{"start":{"line":134,"column":6},"end":{"line":134,"column":25}},"38":{"start":{"line":135,"column":6},"end":{"line":135,"column":18}},"39":{"start":{"line":140,"column":0},"end":{"line":140,"column":35}}},"fnMap":{"0":{"name":"(anonymous_0)","decl":{"start":{"line":13,"column":2},"end":{"line":13,"column":3}},"loc":{"start":{"line":13,"column":46},"end":{"line":36,"column":3}},"line":13},"1":{"name":"(anonymous_1)","decl":{"start":{"line":39,"column":2},"end":{"line":39,"column":3}},"loc":{"start":{"line":39,"column":45},"end":{"line":63,"column":3}},"line":39},"2":{"name":"(anonymous_2)","decl":{"start":{"line":66,"column":2},"end":{"line":66,"column":3}},"loc":{"start":{"line":66,"column":45},"end":{"line":84,"column":3}},"line":66},"3":{"name":"(anonymous_3)","decl":{"start":{"line":87,"column":2},"end":{"line":87,"column":3}},"loc":{"start":{"line":87,"column":42},"end":{"line":137,"column":3}},"line":87}},"branchMap":{"0":{"loc":{"start":{"line":55,"column":6},"end":{"line":57,"column":7}},"type":"if","locations":[{"start":{"line":55,"column":6},"end":{"line":57,"column":7}},{"start":{},"end":{}}],"line":55},"1":{"loc":{"start":{"line":71,"column":6},"end":{"line":71,"column":54}},"type":"if","locations":[{"start":{"line":71,"column":6},"end":{"line":71,"column":54}},{"start":{},"end":{}}],"line":71},"2":{"loc":{"start":{"line":98,"column":6},"end":{"line":98,"column":78}},"type":"if","locations":[{"start":{"line":98,"column":6},"end":{"line":98,"column":78}},{"start":{},"end":{}}],"line":98},"3":{"loc":{"start":{"line":101,"column":8},"end":{"line":103,"column":9}},"type":"if","locations":[{"start":{"line":101,"column":8},"end":{"line":103,"column":9}},{"start":{},"end":{}}],"line":101},"4":{"loc":{"start":{"line":106,"column":6},"end":{"line":106,"column":56}},"type":"if","locations":[{"start":{"line":106,"column":6},"end":{"line":106,"column":56}},{"start":{},"end":{}}],"line":106},"5":{"loc":{"start":{"line":108,"column":6},"end":{"line":108,"column":68}},"type":"if","locations":[{"start":{"line":108,"column":6},"end":{"line":108,"column":68}},{"start":{},"end":{}}],"line":108}},"s":{"0":6,"1":1,"2":1,"3":1,"4":0,"5":2,"6":2,"7":2,"8":1,"9":1,"10":1,"11":2,"12":2,"13":2,"14":2,"15":1,"16":1,"17":1,"18":1,"19":1,"20":1,"21":1,"22":1,"23":1,"24":0,"25":1,"26":0,"27":0,"28":1,"29":0,"30":1,"31":0,"32":1,"33":1,"34":1,"35":0,"36":0,"37":1,"38":1,"39":6},"f":{"0":1,"1":2,"2":2,"3":1},"b":{"0":[1,1],"1":[1,1],"2":[0,1],"3":[0,0],"4":[0,1],"5":[0,1]},"_coverageSchema":"1a1c01bbd47fc00a2c39e90264f33305004495a9","hash":"c9d8375a542ea39964a5db283e0463d24d2fdeef"}
,"D:\\Hacktiv8\\Phase-3\\Privator\\server-2\\server\\controllers\\courseController.js": {"path":"D:\\Hacktiv8\\Phase-3\\Privator\\server-2\\server\\controllers\\courseController.js","statementMap":{"0":{"start":{"line":8,"column":4},"end":{"line":8,"column":24}},"1":{"start":{"line":13,"column":8},"end":{"line":45,"column":9}},"2":{"start":{"line":14,"column":28},"end":{"line":41,"column":14}},"3":{"start":{"line":42,"column":12},"end":{"line":42,"column":42}},"4":{"start":{"line":44,"column":12},"end":{"line":44,"column":24}},"5":{"start":{"line":50,"column":8},"end":{"line":90,"column":9}},"6":{"start":{"line":51,"column":27},"end":{"line":84,"column":14}},"7":{"start":{"line":86,"column":12},"end":{"line":86,"column":60}},"8":{"start":{"line":86,"column":25},"end":{"line":86,"column":60}},"9":{"start":{"line":87,"column":12},"end":{"line":87,"column":41}},"10":{"start":{"line":89,"column":12},"end":{"line":89,"column":24}},"11":{"start":{"line":95,"column":8},"end":{"line":102,"column":9}},"12":{"start":{"line":96,"column":31},"end":{"line":98,"column":14}},"13":{"start":{"line":99,"column":12},"end":{"line":99,"column":45}},"14":{"start":{"line":101,"column":12},"end":{"line":101,"column":24}},"15":{"start":{"line":107,"column":8},"end":{"line":139,"column":9}},"16":{"start":{"line":108,"column":28},"end":{"line":132,"column":14}},"17":{"start":{"line":134,"column":12},"end":{"line":135,"column":61}},"18":{"start":{"line":135,"column":16},"end":{"line":135,"column":61}},"19":{"start":{"line":136,"column":12},"end":{"line":136,"column":42}},"20":{"start":{"line":138,"column":12},"end":{"line":138,"column":24}},"21":{"start":{"line":144,"column":8},"end":{"line":179,"column":9}},"22":{"start":{"line":146,"column":16},"end":{"line":146,"column":24}},"23":{"start":{"line":161,"column":12},"end":{"line":163,"column":13}},"24":{"start":{"line":162,"column":16},"end":{"line":162,"column":60}},"25":{"start":{"line":165,"column":27},"end":{"line":174,"column":14}},"26":{"start":{"line":176,"column":12},"end":{"line":176,"column":41}},"27":{"start":{"line":178,"column":12},"end":{"line":178,"column":24}},"28":{"start":{"line":183,"column":0},"end":{"line":183,"column":34}}},"fnMap":{"0":{"name":"(anonymous_0)","decl":{"start":{"line":12,"column":4},"end":{"line":12,"column":5}},"loc":{"start":{"line":12,"column":47},"end":{"line":46,"column":5}},"line":12},"1":{"name":"(anonymous_1)","decl":{"start":{"line":49,"column":4},"end":{"line":49,"column":5}},"loc":{"start":{"line":49,"column":46},"end":{"line":91,"column":5}},"line":49},"2":{"name":"(anonymous_2)","decl":{"start":{"line":94,"column":4},"end":{"line":94,"column":5}},"loc":{"start":{"line":94,"column":50},"end":{"line":103,"column":5}},"line":94},"3":{"name":"(anonymous_3)","decl":{"start":{"line":106,"column":4},"end":{"line":106,"column":5}},"loc":{"start":{"line":106,"column":48},"end":{"line":140,"column":5}},"line":106},"4":{"name":"(anonymous_4)","decl":{"start":{"line":143,"column":4},"end":{"line":143,"column":5}},"loc":{"start":{"line":143,"column":46},"end":{"line":180,"column":5}},"line":143}},"branchMap":{"0":{"loc":{"start":{"line":86,"column":12},"end":{"line":86,"column":60}},"type":"if","locations":[{"start":{"line":86,"column":12},"end":{"line":86,"column":60}},{"start":{},"end":{}}],"line":86},"1":{"loc":{"start":{"line":134,"column":12},"end":{"line":135,"column":61}},"type":"if","locations":[{"start":{"line":134,"column":12},"end":{"line":135,"column":61}},{"start":{},"end":{}}],"line":134},"2":{"loc":{"start":{"line":161,"column":12},"end":{"line":163,"column":13}},"type":"if","locations":[{"start":{"line":161,"column":12},"end":{"line":163,"column":13}},{"start":{},"end":{}}],"line":161},"3":{"loc":{"start":{"line":161,"column":16},"end":{"line":161,"column":76}},"type":"binary-expr","locations":[{"start":{"line":161,"column":16},"end":{"line":161,"column":21}},{"start":{"line":161,"column":25},"end":{"line":161,"column":32}},{"start":{"line":161,"column":36},"end":{"line":161,"column":42}},{"start":{"line":161,"column":46},"end":{"line":161,"column":51}},{"start":{"line":161,"column":55},"end":{"line":161,"column":66}},{"start":{"line":161,"column":70},"end":{"line":161,"column":76}}],"line":161}},"s":{"0":6,"1":1,"2":1,"3":1,"4":0,"5":2,"6":2,"7":2,"8":1,"9":1,"10":1,"11":1,"12":1,"13":1,"14":0,"15":2,"16":2,"17":2,"18":2,"19":0,"20":2,"21":2,"22":2,"23":2,"24":1,"25":1,"26":1,"27":1,"28":6},"f":{"0":1,"1":2,"2":1,"3":2,"4":2},"b":{"0":[1,1],"1":[2,0],"2":[1,1],"3":[2,2,1,1,1,1]},"_coverageSchema":"1a1c01bbd47fc00a2c39e90264f33305004495a9","hash":"fabbce93ee052bda606779a12dc20a250d6dd4e4"}
,"D:\\Hacktiv8\\Phase-3\\Privator\\server-2\\server\\controllers\\instructorController.js": {"path":"D:\\Hacktiv8\\Phase-3\\Privator\\server-2\\server\\controllers\\instructorController.js","statementMap":{"0":{"start":{"line":8,"column":4},"end":{"line":8,"column":24}},"1":{"start":{"line":9,"column":42},"end":{"line":9,"column":70}},"2":{"start":{"line":10,"column":24},"end":{"line":10,"column":49}},"3":{"start":{"line":13,"column":21},"end":{"line":13,"column":69}},"4":{"start":{"line":14,"column":20},"end":{"line":14,"column":44}},"5":{"start":{"line":15,"column":17},"end":{"line":15,"column":59}},"6":{"start":{"line":20,"column":8},"end":{"line":53,"column":9}},"7":{"start":{"line":21,"column":12},"end":{"line":21,"column":69}},"8":{"start":{"line":21,"column":33},"end":{"line":21,"column":69}},"9":{"start":{"line":22,"column":12},"end":{"line":22,"column":75}},"10":{"start":{"line":22,"column":36},"end":{"line":22,"column":75}},"11":{"start":{"line":23,"column":12},"end":{"line":23,"column":76}},"12":{"start":{"line":23,"column":36},"end":{"line":23,"column":76}},"13":{"start":{"line":24,"column":12},"end":{"line":24,"column":78}},"14":{"start":{"line":24,"column":37},"end":{"line":24,"column":78}},"15":{"start":{"line":25,"column":12},"end":{"line":25,"column":75}},"16":{"start":{"line":25,"column":36},"end":{"line":25,"column":75}},"17":{"start":{"line":27,"column":28},"end":{"line":32,"column":23}},"18":{"start":{"line":34,"column":24},"end":{"line":45,"column":13}},"19":{"start":{"line":47,"column":31},"end":{"line":47,"column":61}},"20":{"start":{"line":48,"column":12},"end":{"line":50,"column":15}},"21":{"start":{"line":52,"column":12},"end":{"line":52,"column":24}},"22":{"start":{"line":58,"column":8},"end":{"line":91,"column":9}},"23":{"start":{"line":59,"column":12},"end":{"line":59,"column":69}},"24":{"start":{"line":59,"column":33},"end":{"line":59,"column":69}},"25":{"start":{"line":60,"column":12},"end":{"line":60,"column":75}},"26":{"start":{"line":60,"column":36},"end":{"line":60,"column":75}},"27":{"start":{"line":62,"column":31},"end":{"line":66,"column":14}},"28":{"start":{"line":68,"column":12},"end":{"line":68,"column":73}},"29":{"start":{"line":68,"column":29},"end":{"line":68,"column":73}},"30":{"start":{"line":70,"column":36},"end":{"line":73,"column":13}},"31":{"start":{"line":75,"column":12},"end":{"line":75,"column":78}},"32":{"start":{"line":75,"column":34},"end":{"line":75,"column":78}},"33":{"start":{"line":77,"column":26},"end":{"line":79,"column":13}},"34":{"start":{"line":81,"column":31},"end":{"line":81,"column":51}},"35":{"start":{"line":83,"column":12},"end":{"line":88,"column":15}},"36":{"start":{"line":90,"column":12},"end":{"line":90,"column":24}},"37":{"start":{"line":96,"column":8},"end":{"line":118,"column":9}},"38":{"start":{"line":97,"column":32},"end":{"line":114,"column":14}},"39":{"start":{"line":115,"column":12},"end":{"line":115,"column":46}},"40":{"start":{"line":117,"column":12},"end":{"line":117,"column":24}},"41":{"start":{"line":122,"column":8},"end":{"line":162,"column":9}},"42":{"start":{"line":123,"column":31},"end":{"line":156,"column":14}},"43":{"start":{"line":158,"column":12},"end":{"line":158,"column":68}},"44":{"start":{"line":158,"column":29},"end":{"line":158,"column":68}},"45":{"start":{"line":159,"column":12},"end":{"line":159,"column":45}},"46":{"start":{"line":161,"column":12},"end":{"line":161,"column":24}},"47":{"start":{"line":167,"column":8},"end":{"line":206,"column":9}},"48":{"start":{"line":168,"column":31},"end":{"line":200,"column":14}},"49":{"start":{"line":202,"column":12},"end":{"line":202,"column":68}},"50":{"start":{"line":202,"column":29},"end":{"line":202,"column":68}},"51":{"start":{"line":203,"column":12},"end":{"line":203,"column":45}},"52":{"start":{"line":205,"column":12},"end":{"line":205,"column":24}},"53":{"start":{"line":210,"column":0},"end":{"line":210,"column":38}}},"fnMap":{"0":{"name":"(anonymous_0)","decl":{"start":{"line":19,"column":4},"end":{"line":19,"column":5}},"loc":{"start":{"line":19,"column":42},"end":{"line":54,"column":5}},"line":19},"1":{"name":"(anonymous_1)","decl":{"start":{"line":57,"column":4},"end":{"line":57,"column":5}},"loc":{"start":{"line":57,"column":39},"end":{"line":92,"column":5}},"line":57},"2":{"name":"(anonymous_2)","decl":{"start":{"line":95,"column":4},"end":{"line":95,"column":5}},"loc":{"start":{"line":95,"column":51},"end":{"line":119,"column":5}},"line":95},"3":{"name":"(anonymous_3)","decl":{"start":{"line":121,"column":4},"end":{"line":121,"column":5}},"loc":{"start":{"line":121,"column":54},"end":{"line":163,"column":5}},"line":121},"4":{"name":"(anonymous_4)","decl":{"start":{"line":166,"column":4},"end":{"line":166,"column":5}},"loc":{"start":{"line":166,"column":50},"end":{"line":207,"column":5}},"line":166}},"branchMap":{"0":{"loc":{"start":{"line":21,"column":12},"end":{"line":21,"column":69}},"type":"if","locations":[{"start":{"line":21,"column":12},"end":{"line":21,"column":69}},{"start":{},"end":{}}],"line":21},"1":{"loc":{"start":{"line":22,"column":12},"end":{"line":22,"column":75}},"type":"if","locations":[{"start":{"line":22,"column":12},"end":{"line":22,"column":75}},{"start":{},"end":{}}],"line":22},"2":{"loc":{"start":{"line":23,"column":12},"end":{"line":23,"column":76}},"type":"if","locations":[{"start":{"line":23,"column":12},"end":{"line":23,"column":76}},{"start":{},"end":{}}],"line":23},"3":{"loc":{"start":{"line":24,"column":12},"end":{"line":24,"column":78}},"type":"if","locations":[{"start":{"line":24,"column":12},"end":{"line":24,"column":78}},{"start":{},"end":{}}],"line":24},"4":{"loc":{"start":{"line":25,"column":12},"end":{"line":25,"column":75}},"type":"if","locations":[{"start":{"line":25,"column":12},"end":{"line":25,"column":75}},{"start":{},"end":{}}],"line":25},"5":{"loc":{"start":{"line":59,"column":12},"end":{"line":59,"column":69}},"type":"if","locations":[{"start":{"line":59,"column":12},"end":{"line":59,"column":69}},{"start":{},"end":{}}],"line":59},"6":{"loc":{"start":{"line":60,"column":12},"end":{"line":60,"column":75}},"type":"if","locations":[{"start":{"line":60,"column":12},"end":{"line":60,"column":75}},{"start":{},"end":{}}],"line":60},"7":{"loc":{"start":{"line":68,"column":12},"end":{"line":68,"column":73}},"type":"if","locations":[{"start":{"line":68,"column":12},"end":{"line":68,"column":73}},{"start":{},"end":{}}],"line":68},"8":{"loc":{"start":{"line":75,"column":12},"end":{"line":75,"column":78}},"type":"if","locations":[{"start":{"line":75,"column":12},"end":{"line":75,"column":78}},{"start":{},"end":{}}],"line":75},"9":{"loc":{"start":{"line":158,"column":12},"end":{"line":158,"column":68}},"type":"if","locations":[{"start":{"line":158,"column":12},"end":{"line":158,"column":68}},{"start":{},"end":{}}],"line":158},"10":{"loc":{"start":{"line":202,"column":12},"end":{"line":202,"column":68}},"type":"if","locations":[{"start":{"line":202,"column":12},"end":{"line":202,"column":68}},{"start":{},"end":{}}],"line":202}},"s":{"0":6,"1":6,"2":6,"3":6,"4":6,"5":6,"6":9,"7":9,"8":1,"9":8,"10":1,"11":7,"12":1,"13":6,"14":1,"15":5,"16":1,"17":4,"18":4,"19":4,"20":2,"21":7,"22":8,"23":8,"24":1,"25":7,"26":1,"27":6,"28":6,"29":1,"30":5,"31":5,"32":1,"33":4,"34":4,"35":4,"36":4,"37":2,"38":2,"39":2,"40":0,"41":2,"42":2,"43":2,"44":1,"45":1,"46":1,"47":0,"48":0,"49":0,"50":0,"51":0,"52":0,"53":6},"f":{"0":9,"1":8,"2":2,"3":2,"4":0},"b":{"0":[1,8],"1":[1,7],"2":[1,6],"3":[1,5],"4":[1,4],"5":[1,7],"6":[1,6],"7":[1,5],"8":[1,4],"9":[1,1],"10":[0,0]},"_coverageSchema":"1a1c01bbd47fc00a2c39e90264f33305004495a9","hash":"2242bba1f41e380e07ce79775dcc9f8bf3323801"}
,"D:\\Hacktiv8\\Phase-3\\Privator\\server-2\\server\\controllers\\paymentController.js": {"path":"D:\\Hacktiv8\\Phase-3\\Privator\\server-2\\server\\controllers\\paymentController.js","statementMap":{"0":{"start":{"line":1,"column":58},"end":{"line":1,"column":78}},"1":{"start":{"line":2,"column":25},"end":{"line":2,"column":63}},"2":{"start":{"line":4,"column":15},"end":{"line":4,"column":38}},"3":{"start":{"line":6,"column":19},"end":{"line":6,"column":40}},"4":{"start":{"line":7,"column":18},"end":{"line":13,"column":2}},"5":{"start":{"line":17,"column":8},"end":{"line":29,"column":9}},"6":{"start":{"line":18,"column":23},"end":{"line":18,"column":61}},"7":{"start":{"line":19,"column":27},"end":{"line":19,"column":69}},"8":{"start":{"line":21,"column":12},"end":{"line":23,"column":13}},"9":{"start":{"line":22,"column":16},"end":{"line":22,"column":51}},"10":{"start":{"line":25,"column":32},"end":{"line":25,"column":74}},"11":{"start":{"line":26,"column":12},"end":{"line":26,"column":48}},"12":{"start":{"line":28,"column":12},"end":{"line":28,"column":24}},"13":{"start":{"line":33,"column":18},"end":{"line":33,"column":47}},"14":{"start":{"line":34,"column":8},"end":{"line":101,"column":9}},"15":{"start":{"line":35,"column":12},"end":{"line":38,"column":14}},"16":{"start":{"line":40,"column":23},"end":{"line":40,"column":61}},"17":{"start":{"line":44,"column":27},"end":{"line":44,"column":69}},"18":{"start":{"line":46,"column":28},"end":{"line":54,"column":13}},"19":{"start":{"line":56,"column":32},"end":{"line":62,"column":13}},"20":{"start":{"line":64,"column":28},"end":{"line":69,"column":13}},"21":{"start":{"line":71,"column":34},"end":{"line":76,"column":13}},"22":{"start":{"line":78,"column":12},"end":{"line":90,"column":13}},"23":{"start":{"line":79,"column":16},"end":{"line":83,"column":19}},"24":{"start":{"line":80,"column":20},"end":{"line":82,"column":21}},"25":{"start":{"line":81,"column":24},"end":{"line":81,"column":58}},"26":{"start":{"line":85,"column":16},"end":{"line":89,"column":19}},"27":{"start":{"line":86,"column":20},"end":{"line":88,"column":21}},"28":{"start":{"line":87,"column":24},"end":{"line":87,"column":58}},"29":{"start":{"line":92,"column":12},"end":{"line":95,"column":15}},"30":{"start":{"line":96,"column":12},"end":{"line":96,"column":29}},"31":{"start":{"line":97,"column":12},"end":{"line":97,"column":70}},"32":{"start":{"line":99,"column":12},"end":{"line":99,"column":31}},"33":{"start":{"line":100,"column":12},"end":{"line":100,"column":24}},"34":{"start":{"line":104,"column":0},"end":{"line":104,"column":35}}},"fnMap":{"0":{"name":"(anonymous_0)","decl":{"start":{"line":16,"column":4},"end":{"line":16,"column":5}},"loc":{"start":{"line":16,"column":42},"end":{"line":30,"column":5}},"line":16},"1":{"name":"(anonymous_1)","decl":{"start":{"line":32,"column":4},"end":{"line":32,"column":5}},"loc":{"start":{"line":32,"column":47},"end":{"line":102,"column":5}},"line":32},"2":{"name":"(anonymous_2)","decl":{"start":{"line":79,"column":52},"end":{"line":79,"column":53}},"loc":{"start":{"line":79,"column":67},"end":{"line":83,"column":17}},"line":79},"3":{"name":"(anonymous_3)","decl":{"start":{"line":85,"column":46},"end":{"line":85,"column":47}},"loc":{"start":{"line":85,"column":61},"end":{"line":89,"column":17}},"line":85}},"branchMap":{"0":{"loc":{"start":{"line":21,"column":12},"end":{"line":23,"column":13}},"type":"if","locations":[{"start":{"line":21,"column":12},"end":{"line":23,"column":13}},{"start":{},"end":{}}],"line":21},"1":{"loc":{"start":{"line":78,"column":12},"end":{"line":90,"column":13}},"type":"if","locations":[{"start":{"line":78,"column":12},"end":{"line":90,"column":13}},{"start":{"line":84,"column":19},"end":{"line":90,"column":13}}],"line":78},"2":{"loc":{"start":{"line":80,"column":20},"end":{"line":82,"column":21}},"type":"if","locations":[{"start":{"line":80,"column":20},"end":{"line":82,"column":21}},{"start":{},"end":{}}],"line":80},"3":{"loc":{"start":{"line":86,"column":20},"end":{"line":88,"column":21}},"type":"if","locations":[{"start":{"line":86,"column":20},"end":{"line":88,"column":21}},{"start":{},"end":{}}],"line":86}},"s":{"0":6,"1":6,"2":6,"3":6,"4":6,"5":0,"6":0,"7":0,"8":0,"9":0,"10":0,"11":0,"12":0,"13":0,"14":0,"15":0,"16":0,"17":0,"18":0,"19":0,"20":0,"21":0,"22":0,"23":0,"24":0,"25":0,"26":0,"27":0,"28":0,"29":0,"30":0,"31":0,"32":0,"33":0,"34":6},"f":{"0":0,"1":0,"2":0,"3":0},"b":{"0":[0,0],"1":[0,0],"2":[0,0],"3":[0,0]},"_coverageSchema":"1a1c01bbd47fc00a2c39e90264f33305004495a9","hash":"21c538824fd1b8d1cd99ca0c725c1437d59e3378"}
,"D:\\Hacktiv8\\Phase-3\\Privator\\server-2\\server\\controllers\\reviewController.js": {"path":"D:\\Hacktiv8\\Phase-3\\Privator\\server-2\\server\\controllers\\reviewController.js","statementMap":{"0":{"start":{"line":1,"column":59},"end":{"line":1,"column":79}},"1":{"start":{"line":5,"column":4},"end":{"line":22,"column":5}},"2":{"start":{"line":6,"column":21},"end":{"line":6,"column":31}},"3":{"start":{"line":7,"column":19},"end":{"line":18,"column":8}},"4":{"start":{"line":19,"column":6},"end":{"line":19,"column":33}},"5":{"start":{"line":21,"column":6},"end":{"line":21,"column":16}},"6":{"start":{"line":26,"column":14},"end":{"line":26,"column":43}},"7":{"start":{"line":27,"column":4},"end":{"line":50,"column":5}},"8":{"start":{"line":28,"column":47},"end":{"line":28,"column":55}},"9":{"start":{"line":29,"column":6},"end":{"line":31,"column":7}},"10":{"start":{"line":30,"column":8},"end":{"line":30,"column":43}},"11":{"start":{"line":32,"column":19},"end":{"line":41,"column":7}},"12":{"start":{"line":43,"column":6},"end":{"line":43,"column":23}},"13":{"start":{"line":44,"column":6},"end":{"line":46,"column":9}},"14":{"start":{"line":48,"column":6},"end":{"line":48,"column":25}},"15":{"start":{"line":49,"column":6},"end":{"line":49,"column":16}},"16":{"start":{"line":54,"column":4},"end":{"line":99,"column":5}},"17":{"start":{"line":55,"column":21},"end":{"line":55,"column":31}},"18":{"start":{"line":56,"column":19},"end":{"line":72,"column":8}},"19":{"start":{"line":73,"column":20},"end":{"line":73,"column":32}},"20":{"start":{"line":77,"column":19},"end":{"line":77,"column":21}},"21":{"start":{"line":78,"column":6},"end":{"line":90,"column":7}},"22":{"start":{"line":78,"column":19},"end":{"line":78,"column":20}},"23":{"start":{"line":79,"column":24},"end":{"line":79,"column":25}},"24":{"start":{"line":80,"column":25},"end":{"line":80,"column":26}},"25":{"start":{"line":81,"column":26},"end":{"line":81,"column":27}},"26":{"start":{"line":82,"column":8},"end":{"line":85,"column":9}},"27":{"start":{"line":82,"column":21},"end":{"line":82,"column":22}},"28":{"start":{"line":83,"column":10},"end":{"line":83,"column":24}},"29":{"start":{"line":84,"column":10},"end":{"line":84,"column":63}},"30":{"start":{"line":86,"column":8},"end":{"line":86,"column":45}},"31":{"start":{"line":87,"column":8},"end":{"line":89,"column":9}},"32":{"start":{"line":88,"column":10},"end":{"line":88,"column":32}},"33":{"start":{"line":91,"column":18},"end":{"line":91,"column":19}},"34":{"start":{"line":92,"column":6},"end":{"line":94,"column":9}},"35":{"start":{"line":93,"column":8},"end":{"line":93,"column":19}},"36":{"start":{"line":95,"column":16},"end":{"line":95,"column":35}},"37":{"start":{"line":96,"column":6},"end":{"line":96,"column":32}},"38":{"start":{"line":98,"column":6},"end":{"line":98,"column":16}},"39":{"start":{"line":103,"column":0},"end":{"line":103,"column":34}}},"fnMap":{"0":{"name":"(anonymous_0)","decl":{"start":{"line":4,"column":2},"end":{"line":4,"column":3}},"loc":{"start":{"line":4,"column":42},"end":{"line":23,"column":3}},"line":4},"1":{"name":"(anonymous_1)","decl":{"start":{"line":25,"column":2},"end":{"line":25,"column":3}},"loc":{"start":{"line":25,"column":42},"end":{"line":51,"column":3}},"line":25},"2":{"name":"(anonymous_2)","decl":{"start":{"line":53,"column":2},"end":{"line":53,"column":3}},"loc":{"start":{"line":53,"column":52},"end":{"line":100,"column":3}},"line":53},"3":{"name":"(anonymous_3)","decl":{"start":{"line":92,"column":21},"end":{"line":92,"column":22}},"loc":{"start":{"line":92,"column":27},"end":{"line":94,"column":7}},"line":92}},"branchMap":{"0":{"loc":{"start":{"line":29,"column":6},"end":{"line":31,"column":7}},"type":"if","locations":[{"start":{"line":29,"column":6},"end":{"line":31,"column":7}},{"start":{},"end":{}}],"line":29},"1":{"loc":{"start":{"line":87,"column":8},"end":{"line":89,"column":9}},"type":"if","locations":[{"start":{"line":87,"column":8},"end":{"line":89,"column":9}},{"start":{},"end":{}}],"line":87}},"s":{"0":6,"1":0,"2":0,"3":0,"4":0,"5":0,"6":0,"7":0,"8":0,"9":0,"10":0,"11":0,"12":0,"13":0,"14":0,"15":0,"16":0,"17":0,"18":0,"19":0,"20":0,"21":0,"22":0,"23":0,"24":0,"25":0,"26":0,"27":0,"28":0,"29":0,"30":0,"31":0,"32":0,"33":0,"34":0,"35":0,"36":0,"37":0,"38":0,"39":6},"f":{"0":0,"1":0,"2":0,"3":0},"b":{"0":[0,0],"1":[0,0]},"_coverageSchema":"1a1c01bbd47fc00a2c39e90264f33305004495a9","hash":"a2d037331888fcd5ff27c628a9f01316c1d40a55"}
,"D:\\Hacktiv8\\Phase-3\\Privator\\server-2\\server\\controllers\\scheduleController.js": {"path":"D:\\Hacktiv8\\Phase-3\\Privator\\server-2\\server\\controllers\\scheduleController.js","statementMap":{"0":{"start":{"line":9,"column":4},"end":{"line":9,"column":24}},"1":{"start":{"line":14,"column":4},"end":{"line":32,"column":5}},"2":{"start":{"line":15,"column":24},"end":{"line":26,"column":8}},"3":{"start":{"line":28,"column":6},"end":{"line":28,"column":38}},"4":{"start":{"line":31,"column":6},"end":{"line":31,"column":18}},"5":{"start":{"line":37,"column":14},"end":{"line":37,"column":43}},"6":{"start":{"line":38,"column":4},"end":{"line":68,"column":5}},"7":{"start":{"line":39,"column":23},"end":{"line":39,"column":61}},"8":{"start":{"line":41,"column":6},"end":{"line":41,"column":58}},"9":{"start":{"line":41,"column":21},"end":{"line":41,"column":58}},"10":{"start":{"line":43,"column":6},"end":{"line":48,"column":8}},"11":{"start":{"line":50,"column":6},"end":{"line":61,"column":8}},"12":{"start":{"line":63,"column":6},"end":{"line":63,"column":23}},"13":{"start":{"line":64,"column":6},"end":{"line":64,"column":37}},"14":{"start":{"line":66,"column":6},"end":{"line":66,"column":25}},"15":{"start":{"line":67,"column":6},"end":{"line":67,"column":18}},"16":{"start":{"line":72,"column":0},"end":{"line":72,"column":36}}},"fnMap":{"0":{"name":"(anonymous_0)","decl":{"start":{"line":13,"column":2},"end":{"line":13,"column":3}},"loc":{"start":{"line":13,"column":47},"end":{"line":33,"column":3}},"line":13},"1":{"name":"(anonymous_1)","decl":{"start":{"line":36,"column":2},"end":{"line":36,"column":3}},"loc":{"start":{"line":36,"column":48},"end":{"line":69,"column":3}},"line":36}},"branchMap":{"0":{"loc":{"start":{"line":41,"column":6},"end":{"line":41,"column":58}},"type":"if","locations":[{"start":{"line":41,"column":6},"end":{"line":41,"column":58}},{"start":{},"end":{}}],"line":41}},"s":{"0":6,"1":1,"2":1,"3":1,"4":0,"5":2,"6":2,"7":2,"8":2,"9":1,"10":1,"11":1,"12":1,"13":1,"14":1,"15":1,"16":6},"f":{"0":1,"1":2},"b":{"0":[1,1]},"_coverageSchema":"1a1c01bbd47fc00a2c39e90264f33305004495a9","hash":"b830d2ad052d03556f342cc195be684324ee918b"}
,"D:\\Hacktiv8\\Phase-3\\Privator\\server-2\\server\\controllers\\studentController.js": {"path":"D:\\Hacktiv8\\Phase-3\\Privator\\server-2\\server\\controllers\\studentController.js","statementMap":{"0":{"start":{"line":1,"column":59},"end":{"line":1,"column":79}},"1":{"start":{"line":2,"column":42},"end":{"line":2,"column":70}},"2":{"start":{"line":3,"column":24},"end":{"line":3,"column":49}},"3":{"start":{"line":6,"column":21},"end":{"line":6,"column":69}},"4":{"start":{"line":7,"column":20},"end":{"line":7,"column":44}},"5":{"start":{"line":8,"column":17},"end":{"line":8,"column":59}},"6":{"start":{"line":13,"column":8},"end":{"line":43,"column":9}},"7":{"start":{"line":14,"column":12},"end":{"line":14,"column":69}},"8":{"start":{"line":14,"column":33},"end":{"line":14,"column":69}},"9":{"start":{"line":15,"column":12},"end":{"line":15,"column":75}},"10":{"start":{"line":15,"column":36},"end":{"line":15,"column":75}},"11":{"start":{"line":16,"column":12},"end":{"line":16,"column":76}},"12":{"start":{"line":16,"column":36},"end":{"line":16,"column":76}},"13":{"start":{"line":17,"column":12},"end":{"line":17,"column":75}},"14":{"start":{"line":17,"column":36},"end":{"line":17,"column":75}},"15":{"start":{"line":19,"column":28},"end":{"line":24,"column":23}},"16":{"start":{"line":26,"column":24},"end":{"line":37,"column":13}},"17":{"start":{"line":39,"column":28},"end":{"line":39,"column":55}},"18":{"start":{"line":40,"column":12},"end":{"line":40,"column":78}},"19":{"start":{"line":42,"column":12},"end":{"line":42,"column":24}},"20":{"start":{"line":48,"column":8},"end":{"line":81,"column":9}},"21":{"start":{"line":49,"column":12},"end":{"line":49,"column":69}},"22":{"start":{"line":49,"column":33},"end":{"line":49,"column":69}},"23":{"start":{"line":50,"column":12},"end":{"line":50,"column":75}},"24":{"start":{"line":50,"column":36},"end":{"line":50,"column":75}},"25":{"start":{"line":52,"column":28},"end":{"line":56,"column":14}},"26":{"start":{"line":58,"column":12},"end":{"line":58,"column":70}},"27":{"start":{"line":58,"column":26},"end":{"line":58,"column":70}},"28":{"start":{"line":60,"column":36},"end":{"line":63,"column":13}},"29":{"start":{"line":65,"column":12},"end":{"line":65,"column":78}},"30":{"start":{"line":65,"column":34},"end":{"line":65,"column":78}},"31":{"start":{"line":67,"column":26},"end":{"line":69,"column":13}},"32":{"start":{"line":71,"column":31},"end":{"line":71,"column":51}},"33":{"start":{"line":73,"column":12},"end":{"line":78,"column":15}},"34":{"start":{"line":80,"column":12},"end":{"line":80,"column":24}},"35":{"start":{"line":85,"column":8},"end":{"line":114,"column":9}},"36":{"start":{"line":86,"column":28},"end":{"line":107,"column":14}},"37":{"start":{"line":109,"column":12},"end":{"line":109,"column":62}},"38":{"start":{"line":109,"column":26},"end":{"line":109,"column":62}},"39":{"start":{"line":111,"column":12},"end":{"line":111,"column":42}},"40":{"start":{"line":113,"column":12},"end":{"line":113,"column":24}},"41":{"start":{"line":118,"column":0},"end":{"line":118,"column":35}}},"fnMap":{"0":{"name":"(anonymous_0)","decl":{"start":{"line":12,"column":4},"end":{"line":12,"column":5}},"loc":{"start":{"line":12,"column":42},"end":{"line":44,"column":5}},"line":12},"1":{"name":"(anonymous_1)","decl":{"start":{"line":47,"column":4},"end":{"line":47,"column":5}},"loc":{"start":{"line":47,"column":39},"end":{"line":82,"column":5}},"line":47},"2":{"name":"(anonymous_2)","decl":{"start":{"line":84,"column":4},"end":{"line":84,"column":5}},"loc":{"start":{"line":84,"column":47},"end":{"line":115,"column":5}},"line":84}},"branchMap":{"0":{"loc":{"start":{"line":14,"column":12},"end":{"line":14,"column":69}},"type":"if","locations":[{"start":{"line":14,"column":12},"end":{"line":14,"column":69}},{"start":{},"end":{}}],"line":14},"1":{"loc":{"start":{"line":15,"column":12},"end":{"line":15,"column":75}},"type":"if","locations":[{"start":{"line":15,"column":12},"end":{"line":15,"column":75}},{"start":{},"end":{}}],"line":15},"2":{"loc":{"start":{"line":16,"column":12},"end":{"line":16,"column":76}},"type":"if","locations":[{"start":{"line":16,"column":12},"end":{"line":16,"column":76}},{"start":{},"end":{}}],"line":16},"3":{"loc":{"start":{"line":17,"column":12},"end":{"line":17,"column":75}},"type":"if","locations":[{"start":{"line":17,"column":12},"end":{"line":17,"column":75}},{"start":{},"end":{}}],"line":17},"4":{"loc":{"start":{"line":49,"column":12},"end":{"line":49,"column":69}},"type":"if","locations":[{"start":{"line":49,"column":12},"end":{"line":49,"column":69}},{"start":{},"end":{}}],"line":49},"5":{"loc":{"start":{"line":50,"column":12},"end":{"line":50,"column":75}},"type":"if","locations":[{"start":{"line":50,"column":12},"end":{"line":50,"column":75}},{"start":{},"end":{}}],"line":50},"6":{"loc":{"start":{"line":58,"column":12},"end":{"line":58,"column":70}},"type":"if","locations":[{"start":{"line":58,"column":12},"end":{"line":58,"column":70}},{"start":{},"end":{}}],"line":58},"7":{"loc":{"start":{"line":65,"column":12},"end":{"line":65,"column":78}},"type":"if","locations":[{"start":{"line":65,"column":12},"end":{"line":65,"column":78}},{"start":{},"end":{}}],"line":65},"8":{"loc":{"start":{"line":109,"column":12},"end":{"line":109,"column":62}},"type":"if","locations":[{"start":{"line":109,"column":12},"end":{"line":109,"column":62}},{"start":{},"end":{}}],"line":109}},"s":{"0":6,"1":6,"2":6,"3":6,"4":6,"5":6,"6":8,"7":8,"8":1,"9":7,"10":1,"11":6,"12":1,"13":5,"14":1,"15":4,"16":4,"17":4,"18":1,"19":7,"20":6,"21":6,"22":1,"23":5,"24":1,"25":4,"26":4,"27":1,"28":3,"29":3,"30":1,"31":2,"32":2,"33":2,"34":4,"35":0,"36":0,"37":0,"38":0,"39":0,"40":0,"41":6},"f":{"0":8,"1":6,"2":0},"b":{"0":[1,7],"1":[1,6],"2":[1,5],"3":[1,4],"4":[1,5],"5":[1,4],"6":[1,3],"7":[1,2],"8":[0,0]},"_coverageSchema":"1a1c01bbd47fc00a2c39e90264f33305004495a9","hash":"c97c6e6cea12c9dd61a0c92942a0813e5eada053"}
,"D:\\Hacktiv8\\Phase-3\\Privator\\server-2\\server\\helpers\\bcrypt.js": {"path":"D:\\Hacktiv8\\Phase-3\\Privator\\server-2\\server\\helpers\\bcrypt.js","statementMap":{"0":{"start":{"line":1,"column":15},"end":{"line":1,"column":32}},"1":{"start":{"line":2,"column":21},"end":{"line":2,"column":64}},"2":{"start":{"line":2,"column":35},"end":{"line":2,"column":64}},"3":{"start":{"line":3,"column":24},"end":{"line":3,"column":78}},"4":{"start":{"line":3,"column":44},"end":{"line":3,"column":78}},"5":{"start":{"line":7,"column":0},"end":{"line":7,"column":50}}},"fnMap":{"0":{"name":"(anonymous_0)","decl":{"start":{"line":2,"column":21},"end":{"line":2,"column":22}},"loc":{"start":{"line":2,"column":35},"end":{"line":2,"column":64}},"line":2},"1":{"name":"(anonymous_1)","decl":{"start":{"line":3,"column":24},"end":{"line":3,"column":25}},"loc":{"start":{"line":3,"column":44},"end":{"line":3,"column":78}},"line":3}},"branchMap":{},"s":{"0":6,"1":6,"2":8,"3":6,"4":8,"5":6},"f":{"0":8,"1":8},"b":{},"_coverageSchema":"1a1c01bbd47fc00a2c39e90264f33305004495a9","hash":"b7d15b19b80770e71eee90f74afd4be8c0a04843"}
,"D:\\Hacktiv8\\Phase-3\\Privator\\server-2\\server\\helpers\\jwt.js": {"path":"D:\\Hacktiv8\\Phase-3\\Privator\\server-2\\server\\helpers\\jwt.js","statementMap":{"0":{"start":{"line":1,"column":12},"end":{"line":1,"column":35}},"1":{"start":{"line":2,"column":13},"end":{"line":2,"column":35}},"2":{"start":{"line":4,"column":20},"end":{"line":6,"column":1}},"3":{"start":{"line":5,"column":2},"end":{"line":5,"column":34}},"4":{"start":{"line":8,"column":20},"end":{"line":10,"column":1}},"5":{"start":{"line":9,"column":2},"end":{"line":9,"column":34}},"6":{"start":{"line":12,"column":0},"end":{"line":12,"column":45}}},"fnMap":{"0":{"name":"(anonymous_0)","decl":{"start":{"line":4,"column":20},"end":{"line":4,"column":21}},"loc":{"start":{"line":4,"column":33},"end":{"line":6,"column":1}},"line":4},"1":{"name":"(anonymous_1)","decl":{"start":{"line":8,"column":20},"end":{"line":8,"column":21}},"loc":{"start":{"line":8,"column":31},"end":{"line":10,"column":1}},"line":8}},"branchMap":{},"s":{"0":6,"1":6,"2":6,"3":6,"4":6,"5":17,"6":6},"f":{"0":6,"1":17},"b":{},"_coverageSchema":"1a1c01bbd47fc00a2c39e90264f33305004495a9","hash":"0ab804b94689f0a8223cbe17ca075b5a33cddc21"}
,"D:\\Hacktiv8\\Phase-3\\Privator\\server-2\\server\\helpers\\midtransFunction.js": {"path":"D:\\Hacktiv8\\Phase-3\\Privator\\server-2\\server\\helpers\\midtransFunction.js","statementMap":{"0":{"start":{"line":1,"column":23},"end":{"line":1,"column":49}},"1":{"start":{"line":3,"column":25},"end":{"line":27,"column":1}},"2":{"start":{"line":4,"column":15},"end":{"line":8,"column":6}},"3":{"start":{"line":10,"column":20},"end":{"line":22,"column":5}},"4":{"start":{"line":24,"column":26},"end":{"line":24,"column":65}},"5":{"start":{"line":25,"column":4},"end":{"line":25,"column":31}},"6":{"start":{"line":26,"column":4},"end":{"line":26,"column":25}},"7":{"start":{"line":29,"column":0},"end":{"line":29,"column":34}}},"fnMap":{"0":{"name":"(anonymous_0)","decl":{"start":{"line":3,"column":25},"end":{"line":3,"column":26}},"loc":{"start":{"line":3,"column":49},"end":{"line":27,"column":1}},"line":3}},"branchMap":{},"s":{"0":6,"1":6,"2":0,"3":0,"4":0,"5":0,"6":0,"7":6},"f":{"0":0},"b":{},"_coverageSchema":"1a1c01bbd47fc00a2c39e90264f33305004495a9","hash":"9d0b8b67fb7447807ac3148b8aa890bef6211a57"}
,"D:\\Hacktiv8\\Phase-3\\Privator\\server-2\\server\\middlewares\\authentication.js": {"path":"D:\\Hacktiv8\\Phase-3\\Privator\\server-2\\server\\middlewares\\authentication.js","statementMap":{"0":{"start":{"line":1,"column":24},"end":{"line":1,"column":49}},"1":{"start":{"line":2,"column":32},"end":{"line":2,"column":52}},"2":{"start":{"line":5,"column":30},"end":{"line":21,"column":1}},"3":{"start":{"line":6,"column":2},"end":{"line":20,"column":3}},"4":{"start":{"line":7,"column":27},"end":{"line":7,"column":38}},"5":{"start":{"line":8,"column":4},"end":{"line":8,"column":55}},"6":{"start":{"line":8,"column":23},"end":{"line":8,"column":55}},"7":{"start":{"line":10,"column":18},"end":{"line":10,"column":43}},"8":{"start":{"line":12,"column":18},"end":{"line":12,"column":52}},"9":{"start":{"line":14,"column":4},"end":{"line":14,"column":50}},"10":{"start":{"line":14,"column":18},"end":{"line":14,"column":50}},"11":{"start":{"line":16,"column":4},"end":{"line":16,"column":37}},"12":{"start":{"line":17,"column":4},"end":{"line":17,"column":11}},"13":{"start":{"line":19,"column":4},"end":{"line":19,"column":16}},"14":{"start":{"line":24,"column":33},"end":{"line":41,"column":1}},"15":{"start":{"line":25,"column":2},"end":{"line":40,"column":3}},"16":{"start":{"line":26,"column":29},"end":{"line":26,"column":40}},"17":{"start":{"line":28,"column":4},"end":{"line":28,"column":55}},"18":{"start":{"line":28,"column":23},"end":{"line":28,"column":55}},"19":{"start":{"line":30,"column":18},"end":{"line":30,"column":43}},"20":{"start":{"line":32,"column":21},"end":{"line":32,"column":58}},"21":{"start":{"line":34,"column":4},"end":{"line":34,"column":53}},"22":{"start":{"line":34,"column":21},"end":{"line":34,"column":53}},"23":{"start":{"line":36,"column":4},"end":{"line":36,"column":43}},"24":{"start":{"line":37,"column":4},"end":{"line":37,"column":11}},"25":{"start":{"line":39,"column":4},"end":{"line":39,"column":16}},"26":{"start":{"line":43,"column":0},"end":{"line":43,"column":69}}},"fnMap":{"0":{"name":"(anonymous_0)","decl":{"start":{"line":5,"column":30},"end":{"line":5,"column":31}},"loc":{"start":{"line":5,"column":56},"end":{"line":21,"column":1}},"line":5},"1":{"name":"(anonymous_1)","decl":{"start":{"line":24,"column":33},"end":{"line":24,"column":34}},"loc":{"start":{"line":24,"column":59},"end":{"line":41,"column":1}},"line":24}},"branchMap":{"0":{"loc":{"start":{"line":8,"column":4},"end":{"line":8,"column":55}},"type":"if","locations":[{"start":{"line":8,"column":4},"end":{"line":8,"column":55}},{"start":{},"end":{}}],"line":8},"1":{"loc":{"start":{"line":14,"column":4},"end":{"line":14,"column":50}},"type":"if","locations":[{"start":{"line":14,"column":4},"end":{"line":14,"column":50}},{"start":{},"end":{}}],"line":14},"2":{"loc":{"start":{"line":28,"column":4},"end":{"line":28,"column":55}},"type":"if","locations":[{"start":{"line":28,"column":4},"end":{"line":28,"column":55}},{"start":{},"end":{}}],"line":28},"3":{"loc":{"start":{"line":34,"column":4},"end":{"line":34,"column":53}},"type":"if","locations":[{"start":{"line":34,"column":4},"end":{"line":34,"column":53}},{"start":{},"end":{}}],"line":34}},"s":{"0":6,"1":6,"2":6,"3":10,"4":10,"5":10,"6":1,"7":9,"8":6,"9":6,"10":0,"11":6,"12":6,"13":4,"14":6,"15":11,"16":11,"17":11,"18":3,"19":8,"20":5,"21":5,"22":0,"23":5,"24":5,"25":6,"26":6},"f":{"0":10,"1":11},"b":{"0":[1,9],"1":[0,6],"2":[3,8],"3":[0,5]},"_coverageSchema":"1a1c01bbd47fc00a2c39e90264f33305004495a9","hash":"a2c22c40af2edc37d7db6b84072f8d8236327866"}
,"D:\\Hacktiv8\\Phase-3\\Privator\\server-2\\server\\middlewares\\errorHandler.js": {"path":"D:\\Hacktiv8\\Phase-3\\Privator\\server-2\\server\\middlewares\\errorHandler.js","statementMap":{"0":{"start":{"line":1,"column":0},"end":{"line":60,"column":2}},"1":{"start":{"line":2,"column":2},"end":{"line":2,"column":19}},"2":{"start":{"line":3,"column":19},"end":{"line":3,"column":22}},"3":{"start":{"line":4,"column":16},"end":{"line":4,"column":39}},"4":{"start":{"line":6,"column":2},"end":{"line":57,"column":3}},"5":{"start":{"line":10,"column":4},"end":{"line":10,"column":21}},"6":{"start":{"line":11,"column":4},"end":{"line":11,"column":36}},"7":{"start":{"line":12,"column":9},"end":{"line":57,"column":3}},"8":{"start":{"line":19,"column":4},"end":{"line":19,"column":21}},"9":{"start":{"line":20,"column":4},"end":{"line":20,"column":23}},"10":{"start":{"line":21,"column":9},"end":{"line":57,"column":3}},"11":{"start":{"line":22,"column":4},"end":{"line":22,"column":21}},"12":{"start":{"line":23,"column":4},"end":{"line":23,"column":23}},"13":{"start":{"line":24,"column":9},"end":{"line":57,"column":3}},"14":{"start":{"line":25,"column":4},"end":{"line":25,"column":21}},"15":{"start":{"line":26,"column":4},"end":{"line":26,"column":23}},"16":{"start":{"line":27,"column":9},"end":{"line":57,"column":3}},"17":{"start":{"line":31,"column":4},"end":{"line":31,"column":21}},"18":{"start":{"line":32,"column":4},"end":{"line":32,"column":23}},"19":{"start":{"line":33,"column":9},"end":{"line":57,"column":3}},"20":{"start":{"line":34,"column":4},"end":{"line":34,"column":21}},"21":{"start":{"line":35,"column":4},"end":{"line":35,"column":23}},"22":{"start":{"line":36,"column":9},"end":{"line":57,"column":3}},"23":{"start":{"line":37,"column":4},"end":{"line":37,"column":21}},"24":{"start":{"line":38,"column":4},"end":{"line":38,"column":23}},"25":{"start":{"line":39,"column":9},"end":{"line":57,"column":3}},"26":{"start":{"line":40,"column":4},"end":{"line":40,"column":21}},"27":{"start":{"line":41,"column":4},"end":{"line":41,"column":23}},"28":{"start":{"line":42,"column":9},"end":{"line":57,"column":3}},"29":{"start":{"line":43,"column":4},"end":{"line":43,"column":21}},"30":{"start":{"line":44,"column":4},"end":{"line":44,"column":42}},"31":{"start":{"line":45,"column":9},"end":{"line":57,"column":3}},"32":{"start":{"line":46,"column":4},"end":{"line":46,"column":21}},"33":{"start":{"line":47,"column":4},"end":{"line":47,"column":23}},"34":{"start":{"line":48,"column":9},"end":{"line":57,"column":3}},"35":{"start":{"line":49,"column":4},"end":{"line":49,"column":21}},"36":{"start":{"line":50,"column":4},"end":{"line":50,"column":23}},"37":{"start":{"line":51,"column":9},"end":{"line":57,"column":3}},"38":{"start":{"line":52,"column":4},"end":{"line":52,"column":21}},"39":{"start":{"line":53,"column":4},"end":{"line":53,"column":23}},"40":{"start":{"line":54,"column":9},"end":{"line":57,"column":3}},"41":{"start":{"line":55,"column":4},"end":{"line":55,"column":21}},"42":{"start":{"line":56,"column":4},"end":{"line":56,"column":23}},"43":{"start":{"line":59,"column":2},"end":{"line":59,"column":43}}},"fnMap":{"0":{"name":"errorHandler","decl":{"start":{"line":1,"column":26},"end":{"line":1,"column":38}},"loc":{"start":{"line":1,"column":60},"end":{"line":60,"column":1}},"line":1}},"branchMap":{"0":{"loc":{"start":{"line":6,"column":2},"end":{"line":57,"column":3}},"type":"if","locations":[{"start":{"line":6,"column":2},"end":{"line":57,"column":3}},{"start":{"line":12,"column":9},"end":{"line":57,"column":3}}],"line":6},"1":{"loc":{"start":{"line":7,"column":4},"end":{"line":8,"column":49}},"type":"binary-expr","locations":[{"start":{"line":7,"column":4},"end":{"line":7,"column":43}},{"start":{"line":8,"column":4},"end":{"line":8,"column":49}}],"line":7},"2":{"loc":{"start":{"line":12,"column":9},"end":{"line":57,"column":3}},"type":"if","locations":[{"start":{"line":12,"column":9},"end":{"line":57,"column":3}},{"start":{"line":21,"column":9},"end":{"line":57,"column":3}}],"line":12},"3":{"loc":{"start":{"line":13,"column":4},"end":{"line":17,"column":39}},"type":"binary-expr","locations":[{"start":{"line":13,"column":4},"end":{"line":13,"column":36}},{"start":{"line":14,"column":4},"end":{"line":14,"column":39}},{"start":{"line":15,"column":4},"end":{"line":15,"column":40}},{"start":{"line":16,"column":4},"end":{"line":16,"column":41}},{"start":{"line":17,"column":4},"end":{"line":17,"column":39}}],"line":13},"4":{"loc":{"start":{"line":21,"column":9},"end":{"line":57,"column":3}},"type":"if","locations":[{"start":{"line":21,"column":9},"end":{"line":57,"column":3}},{"start":{"line":24,"column":9},"end":{"line":57,"column":3}}],"line":21},"5":{"loc":{"start":{"line":24,"column":9},"end":{"line":57,"column":3}},"type":"if","locations":[{"start":{"line":24,"column":9},"end":{"line":57,"column":3}},{"start":{"line":27,"column":9},"end":{"line":57,"column":3}}],"line":24},"6":{"loc":{"start":{"line":24,"column":13},"end":{"line":24,"column":77}},"type":"binary-expr","locations":[{"start":{"line":24,"column":13},"end":{"line":24,"column":45}},{"start":{"line":24,"column":49},"end":{"line":24,"column":77}}],"line":24},"7":{"loc":{"start":{"line":27,"column":9},"end":{"line":57,"column":3}},"type":"if","locations":[{"start":{"line":27,"column":9},"end":{"line":57,"column":3}},{"start":{"line":33,"column":9},"end":{"line":57,"column":3}}],"line":27},"8":{"loc":{"start":{"line":28,"column":4},"end":{"line":29,"column":35}},"type":"binary-expr","locations":[{"start":{"line":28,"column":4},"end":{"line":28,"column":39}},{"start":{"line":29,"column":4},"end":{"line":29,"column":35}}],"line":28},"9":{"loc":{"start":{"line":33,"column":9},"end":{"line":57,"column":3}},"type":"if","locations":[{"start":{"line":33,"column":9},"end":{"line":57,"column":3}},{"start":{"line":36,"column":9},"end":{"line":57,"column":3}}],"line":33},"10":{"loc":{"start":{"line":36,"column":9},"end":{"line":57,"column":3}},"type":"if","locations":[{"start":{"line":36,"column":9},"end":{"line":57,"column":3}},{"start":{"line":39,"column":9},"end":{"line":57,"column":3}}],"line":36},"11":{"loc":{"start":{"line":39,"column":9},"end":{"line":57,"column":3}},"type":"if","locations":[{"start":{"line":39,"column":9},"end":{"line":57,"column":3}},{"start":{"line":42,"column":9},"end":{"line":57,"column":3}}],"line":39},"12":{"loc":{"start":{"line":42,"column":9},"end":{"line":57,"column":3}},"type":"if","locations":[{"start":{"line":42,"column":9},"end":{"line":57,"column":3}},{"start":{"line":45,"column":9},"end":{"line":57,"column":3}}],"line":42},"13":{"loc":{"start":{"line":45,"column":9},"end":{"line":57,"column":3}},"type":"if","locations":[{"start":{"line":45,"column":9},"end":{"line":57,"column":3}},{"start":{"line":48,"column":9},"end":{"line":57,"column":3}}],"line":45},"14":{"loc":{"start":{"line":48,"column":9},"end":{"line":57,"column":3}},"type":"if","locations":[{"start":{"line":48,"column":9},"end":{"line":57,"column":3}},{"start":{"line":51,"column":9},"end":{"line":57,"column":3}}],"line":48},"15":{"loc":{"start":{"line":51,"column":9},"end":{"line":57,"column":3}},"type":"if","locations":[{"start":{"line":51,"column":9},"end":{"line":57,"column":3}},{"start":{"line":54,"column":9},"end":{"line":57,"column":3}}],"line":51},"16":{"loc":{"start":{"line":54,"column":9},"end":{"line":57,"column":3}},"type":"if","locations":[{"start":{"line":54,"column":9},"end":{"line":57,"column":3}},{"start":{},"end":{}}],"line":54}},"s":{"0":6,"1":41,"2":41,"3":41,"4":41,"5":6,"6":6,"7":35,"8":13,"9":13,"10":22,"11":4,"12":4,"13":18,"14":10,"15":10,"16":8,"17":3,"18":3,"19":5,"20":2,"21":2,"22":3,"23":1,"24":1,"25":2,"26":0,"27":0,"28":2,"29":1,"30":1,"31":1,"32":0,"33":0,"34":1,"35":0,"36":0,"37":1,"38":1,"39":1,"40":0,"41":0,"42":0,"43":41},"f":{"0":41},"b":{"0":[6,35],"1":[41,38],"2":[13,22],"3":[35,31,27,25,24],"4":[4,18],"5":[10,8],"6":[18,12],"7":[3,5],"8":[8,7],"9":[2,3],"10":[1,2],"11":[0,2],"12":[1,1],"13":[0,1],"14":[0,1],"15":[1,0],"16":[0,0]},"_coverageSchema":"1a1c01bbd47fc00a2c39e90264f33305004495a9","hash":"554eff1136830d7956cf8f0e2c72b5702a3fda5f"}
,"D:\\Hacktiv8\\Phase-3\\Privator\\server-2\\server\\models\\booking.js": {"path":"D:\\Hacktiv8\\Phase-3\\Privator\\server-2\\server\\models\\booking.js","statementMap":{"0":{"start":{"line":2,"column":18},"end":{"line":2,"column":38}},"1":{"start":{"line":3,"column":0},"end":{"line":37,"column":2}},"2":{"start":{"line":12,"column":6},"end":{"line":12,"column":40}},"3":{"start":{"line":13,"column":6},"end":{"line":13,"column":39}},"4":{"start":{"line":14,"column":6},"end":{"line":14,"column":43}},"5":{"start":{"line":17,"column":2},"end":{"line":35,"column":4}},"6":{"start":{"line":36,"column":2},"end":{"line":36,"column":17}}},"fnMap":{"0":{"name":"(anonymous_0)","decl":{"start":{"line":3,"column":17},"end":{"line":3,"column":18}},"loc":{"start":{"line":3,"column":43},"end":{"line":37,"column":1}},"line":3},"1":{"name":"(anonymous_1)","decl":{"start":{"line":10,"column":4},"end":{"line":10,"column":5}},"loc":{"start":{"line":10,"column":29},"end":{"line":15,"column":5}},"line":10}},"branchMap":{},"s":{"0":6,"1":6,"2":6,"3":6,"4":6,"5":6,"6":6},"f":{"0":6,"1":6},"b":{},"_coverageSchema":"1a1c01bbd47fc00a2c39e90264f33305004495a9","hash":"9da8503a7a5460f32c74fbf6672162f5a8aeb1aa"}
,"D:\\Hacktiv8\\Phase-3\\Privator\\server-2\\server\\models\\category.js": {"path":"D:\\Hacktiv8\\Phase-3\\Privator\\server-2\\server\\models\\category.js","statementMap":{"0":{"start":{"line":2,"column":18},"end":{"line":2,"column":38}},"1":{"start":{"line":3,"column":0},"end":{"line":25,"column":2}},"2":{"start":{"line":12,"column":6},"end":{"line":12,"column":38}},"3":{"start":{"line":15,"column":2},"end":{"line":23,"column":4}},"4":{"start":{"line":24,"column":2},"end":{"line":24,"column":18}}},"fnMap":{"0":{"name":"(anonymous_0)","decl":{"start":{"line":3,"column":17},"end":{"line":3,"column":18}},"loc":{"start":{"line":3,"column":43},"end":{"line":25,"column":1}},"line":3},"1":{"name":"(anonymous_1)","decl":{"start":{"line":10,"column":4},"end":{"line":10,"column":5}},"loc":{"start":{"line":10,"column":29},"end":{"line":13,"column":5}},"line":10}},"branchMap":{},"s":{"0":6,"1":6,"2":6,"3":6,"4":6},"f":{"0":6,"1":6},"b":{},"_coverageSchema":"1a1c01bbd47fc00a2c39e90264f33305004495a9","hash":"fb78a42d6d89a51376dd30a845a5c7b323f915ce"}
,"D:\\Hacktiv8\\Phase-3\\Privator\\server-2\\server\\models\\course.js": {"path":"D:\\Hacktiv8\\Phase-3\\Privator\\server-2\\server\\models\\course.js","statementMap":{"0":{"start":{"line":2,"column":18},"end":{"line":2,"column":38}},"1":{"start":{"line":3,"column":0},"end":{"line":86,"column":2}},"2":{"start":{"line":12,"column":6},"end":{"line":12,"column":42}},"3":{"start":{"line":13,"column":6},"end":{"line":13,"column":40}},"4":{"start":{"line":14,"column":6},"end":{"line":14,"column":37}},"5":{"start":{"line":15,"column":6},"end":{"line":15,"column":35}},"6":{"start":{"line":18,"column":2},"end":{"line":84,"column":4}},"7":{"start":{"line":85,"column":2},"end":{"line":85,"column":16}}},"fnMap":{"0":{"name":"(anonymous_0)","decl":{"start":{"line":3,"column":17},"end":{"line":3,"column":18}},"loc":{"start":{"line":3,"column":43},"end":{"line":86,"column":1}},"line":3},"1":{"name":"(anonymous_1)","decl":{"start":{"line":10,"column":4},"end":{"line":10,"column":5}},"loc":{"start":{"line":10,"column":29},"end":{"line":16,"column":5}},"line":10}},"branchMap":{},"s":{"0":6,"1":6,"2":6,"3":6,"4":6,"5":6,"6":6,"7":6},"f":{"0":6,"1":6},"b":{},"_coverageSchema":"1a1c01bbd47fc00a2c39e90264f33305004495a9","hash":"a55c5d3258672c5de99f3b15279b6800b11b20ed"}
,"D:\\Hacktiv8\\Phase-3\\Privator\\server-2\\server\\models\\index.js": {"path":"D:\\Hacktiv8\\Phase-3\\Privator\\server-2\\server\\models\\index.js","statementMap":{"0":{"start":{"line":3,"column":11},"end":{"line":3,"column":24}},"1":{"start":{"line":4,"column":13},"end":{"line":4,"column":28}},"2":{"start":{"line":5,"column":18},"end":{"line":5,"column":38}},"3":{"start":{"line":6,"column":16},"end":{"line":6,"column":34}},"4":{"start":{"line":7,"column":17},"end":{"line":7,"column":42}},"5":{"start":{"line":8,"column":12},"end":{"line":8,"column":49}},"6":{"start":{"line":9,"column":15},"end":{"line":9,"column":65}},"7":{"start":{"line":10,"column":11},"end":{"line":10,"column":13}},"8":{"start":{"line":13,"column":0},"end":{"line":17,"column":1}},"9":{"start":{"line":14,"column":2},"end":{"line":14,"column":74}},"10":{"start":{"line":16,"column":2},"end":{"line":16,"column":87}},"11":{"start":{"line":19,"column":0},"end":{"line":27,"column":5}},"12":{"start":{"line":22,"column":4},"end":{"line":22,"column":90}},"13":{"start":{"line":25,"column":18},"end":{"line":25,"column":85}},"14":{"start":{"line":26,"column":4},"end":{"line":26,"column":27}},"15":{"start":{"line":29,"column":0},"end":{"line":33,"column":3}},"16":{"start":{"line":30,"column":2},"end":{"line":32,"column":3}},"17":{"start":{"line":31,"column":4},"end":{"line":31,"column":32}},"18":{"start":{"line":35,"column":0},"end":{"line":35,"column":25}},"19":{"start":{"line":36,"column":0},"end":{"line":36,"column":25}},"20":{"start":{"line":38,"column":0},"end":{"line":38,"column":20}}},"fnMap":{"0":{"name":"(anonymous_0)","decl":{"start":{"line":21,"column":10},"end":{"line":21,"column":11}},"loc":{"start":{"line":21,"column":18},"end":{"line":23,"column":3}},"line":21},"1":{"name":"(anonymous_1)","decl":{"start":{"line":24,"column":11},"end":{"line":24,"column":12}},"loc":{"start":{"line":24,"column":19},"end":{"line":27,"column":3}},"line":24},"2":{"name":"(anonymous_2)","decl":{"start":{"line":29,"column":24},"end":{"line":29,"column":25}},"loc":{"start":{"line":29,"column":37},"end":{"line":33,"column":1}},"line":29}},"branchMap":{"0":{"loc":{"start":{"line":8,"column":12},"end":{"line":8,"column":49}},"type":"binary-expr","locations":[{"start":{"line":8,"column":12},"end":{"line":8,"column":32}},{"start":{"line":8,"column":36},"end":{"line":8,"column":49}}],"line":8},"1":{"loc":{"start":{"line":13,"column":0},"end":{"line":17,"column":1}},"type":"if","locations":[{"start":{"line":13,"column":0},"end":{"line":17,"column":1}},{"start":{"line":15,"column":7},"end":{"line":17,"column":1}}],"line":13},"2":{"loc":{"start":{"line":22,"column":11},"end":{"line":22,"column":89}},"type":"binary-expr","locations":[{"start":{"line":22,"column":12},"end":{"line":22,"column":35}},{"start":{"line":22,"column":41},"end":{"line":22,"column":58}},{"start":{"line":22,"column":64},"end":{"line":22,"column":88}}],"line":22},"3":{"loc":{"start":{"line":30,"column":2},"end":{"line":32,"column":3}},"type":"if","locations":[{"start":{"line":30,"column":2},"end":{"line":32,"column":3}},{"start":{},"end":{}}],"line":30}},"s":{"0":6,"1":6,"2":6,"3":6,"4":6,"5":6,"6":6,"7":6,"8":6,"9":0,"10":6,"11":6,"12":48,"13":42,"14":42,"15":6,"16":42,"17":42,"18":6,"19":6,"20":6},"f":{"0":48,"1":42,"2":42},"b":{"0":[6,0],"1":[0,6],"2":[48,48,42],"3":[42,0]},"_coverageSchema":"1a1c01bbd47fc00a2c39e90264f33305004495a9","hash":"23499a3ce5e4977558a9457717392f76dac86ca5"}
,"D:\\Hacktiv8\\Phase-3\\Privator\\server-2\\server\\models\\instructor.js": {"path":"D:\\Hacktiv8\\Phase-3\\Privator\\server-2\\server\\models\\instructor.js","statementMap":{"0":{"start":{"line":2,"column":18},"end":{"line":2,"column":38}},"1":{"start":{"line":3,"column":0},"end":{"line":84,"column":2}},"2":{"start":{"line":12,"column":6},"end":{"line":12,"column":40}},"3":{"start":{"line":13,"column":6},"end":{"line":13,"column":42}},"4":{"start":{"line":14,"column":6},"end":{"line":14,"column":41}},"5":{"start":{"line":17,"column":2},"end":{"line":82,"column":4}},"6":{"start":{"line":83,"column":2},"end":{"line":83,"column":20}}},"fnMap":{"0":{"name":"(anonymous_0)","decl":{"start":{"line":3,"column":17},"end":{"line":3,"column":18}},"loc":{"start":{"line":3,"column":43},"end":{"line":84,"column":1}},"line":3},"1":{"name":"(anonymous_1)","decl":{"start":{"line":10,"column":4},"end":{"line":10,"column":5}},"loc":{"start":{"line":10,"column":29},"end":{"line":15,"column":5}},"line":10}},"branchMap":{},"s":{"0":6,"1":6,"2":6,"3":6,"4":6,"5":6,"6":6},"f":{"0":6,"1":6},"b":{},"_coverageSchema":"1a1c01bbd47fc00a2c39e90264f33305004495a9","hash":"cafbf8d1e06e1ff082425cad377bb4051913d068"}
,"D:\\Hacktiv8\\Phase-3\\Privator\\server-2\\server\\models\\review.js": {"path":"D:\\Hacktiv8\\Phase-3\\Privator\\server-2\\server\\models\\review.js","statementMap":{"0":{"start":{"line":2,"column":18},"end":{"line":2,"column":38}},"1":{"start":{"line":3,"column":0},"end":{"line":29,"column":2}},"2":{"start":{"line":12,"column":6},"end":{"line":12,"column":36}},"3":{"start":{"line":13,"column":6},"end":{"line":13,"column":37}},"4":{"start":{"line":16,"column":2},"end":{"line":27,"column":4}},"5":{"start":{"line":28,"column":2},"end":{"line":28,"column":16}}},"fnMap":{"0":{"name":"(anonymous_0)","decl":{"start":{"line":3,"column":17},"end":{"line":3,"column":18}},"loc":{"start":{"line":3,"column":43},"end":{"line":29,"column":1}},"line":3},"1":{"name":"(anonymous_1)","decl":{"start":{"line":10,"column":4},"end":{"line":10,"column":5}},"loc":{"start":{"line":10,"column":29},"end":{"line":14,"column":5}},"line":10}},"branchMap":{},"s":{"0":6,"1":6,"2":6,"3":6,"4":6,"5":6},"f":{"0":6,"1":6},"b":{},"_coverageSchema":"1a1c01bbd47fc00a2c39e90264f33305004495a9","hash":"3c538f1b793938ca1c8c15dd98e77fb42dae3b8b"}
,"D:\\Hacktiv8\\Phase-3\\Privator\\server-2\\server\\models\\schedule.js": {"path":"D:\\Hacktiv8\\Phase-3\\Privator\\server-2\\server\\models\\schedule.js","statementMap":{"0":{"start":{"line":2,"column":18},"end":{"line":2,"column":38}},"1":{"start":{"line":3,"column":0},"end":{"line":34,"column":2}},"2":{"start":{"line":12,"column":6},"end":{"line":12,"column":44}},"3":{"start":{"line":13,"column":6},"end":{"line":13,"column":41}},"4":{"start":{"line":16,"column":2},"end":{"line":32,"column":4}},"5":{"start":{"line":33,"column":2},"end":{"line":33,"column":18}}},"fnMap":{"0":{"name":"(anonymous_0)","decl":{"start":{"line":3,"column":17},"end":{"line":3,"column":18}},"loc":{"start":{"line":3,"column":43},"end":{"line":34,"column":1}},"line":3},"1":{"name":"(anonymous_1)","decl":{"start":{"line":10,"column":4},"end":{"line":10,"column":5}},"loc":{"start":{"line":10,"column":29},"end":{"line":14,"column":5}},"line":10}},"branchMap":{},"s":{"0":6,"1":6,"2":6,"3":6,"4":6,"5":6},"f":{"0":6,"1":6},"b":{},"_coverageSchema":"1a1c01bbd47fc00a2c39e90264f33305004495a9","hash":"349a9b2e0d1bf7cc507f26d5aeba2d1403cecd9b"}
,"D:\\Hacktiv8\\Phase-3\\Privator\\server-2\\server\\models\\student.js": {"path":"D:\\Hacktiv8\\Phase-3\\Privator\\server-2\\server\\models\\student.js","statementMap":{"0":{"start":{"line":2,"column":18},"end":{"line":2,"column":38}},"1":{"start":{"line":3,"column":0},"end":{"line":83,"column":2}},"2":{"start":{"line":12,"column":6},"end":{"line":12,"column":38}},"3":{"start":{"line":13,"column":6},"end":{"line":13,"column":39}},"4":{"start":{"line":16,"column":2},"end":{"line":81,"column":4}},"5":{"start":{"line":82,"column":2},"end":{"line":82,"column":17}}},"fnMap":{"0":{"name":"(anonymous_0)","decl":{"start":{"line":3,"column":17},"end":{"line":3,"column":18}},"loc":{"start":{"line":3,"column":43},"end":{"line":83,"column":1}},"line":3},"1":{"name":"(anonymous_1)","decl":{"start":{"line":10,"column":4},"end":{"line":10,"column":5}},"loc":{"start":{"line":10,"column":29},"end":{"line":14,"column":5}},"line":10}},"branchMap":{},"s":{"0":6,"1":6,"2":6,"3":6,"4":6,"5":6},"f":{"0":6,"1":6},"b":{},"_coverageSchema":"1a1c01bbd47fc00a2c39e90264f33305004495a9","hash":"585749bccb60eb68ff35d67ddb10c3527af39a60"}
,"D:\\Hacktiv8\\Phase-3\\Privator\\server-2\\server\\routers\\bookingRouter.js": {"path":"D:\\Hacktiv8\\Phase-3\\Privator\\server-2\\server\\routers\\bookingRouter.js","statementMap":{"0":{"start":{"line":1,"column":16},"end":{"line":1,"column":34}},"1":{"start":{"line":2,"column":15},"end":{"line":2,"column":31}},"2":{"start":{"line":3,"column":26},"end":{"line":3,"column":69}},"3":{"start":{"line":8,"column":4},"end":{"line":8,"column":44}},"4":{"start":{"line":10,"column":0},"end":{"line":10,"column":73}},"5":{"start":{"line":11,"column":0},"end":{"line":15,"column":2}},"6":{"start":{"line":16,"column":0},"end":{"line":20,"column":2}},"7":{"start":{"line":21,"column":0},"end":{"line":21,"column":75}},"8":{"start":{"line":23,"column":0},"end":{"line":23,"column":24}}},"fnMap":{},"branchMap":{},"s":{"0":6,"1":6,"2":6,"3":6,"4":6,"5":6,"6":6,"7":6,"8":6},"f":{},"b":{},"_coverageSchema":"1a1c01bbd47fc00a2c39e90264f33305004495a9","hash":"0af905f8e24cd82c1b63afe1e646c19b3357c134"}
,"D:\\Hacktiv8\\Phase-3\\Privator\\server-2\\server\\routers\\courseRouter.js": {"path":"D:\\Hacktiv8\\Phase-3\\Privator\\server-2\\server\\routers\\courseRouter.js","statementMap":{"0":{"start":{"line":1,"column":16},"end":{"line":1,"column":34}},"1":{"start":{"line":2,"column":15},"end":{"line":2,"column":31}},"2":{"start":{"line":3,"column":25},"end":{"line":3,"column":67}},"3":{"start":{"line":7,"column":4},"end":{"line":7,"column":44}},"4":{"start":{"line":9,"column":15},"end":{"line":9,"column":32}},"5":{"start":{"line":10,"column":20},"end":{"line":10,"column":50}},"6":{"start":{"line":11,"column":15},"end":{"line":11,"column":34}},"7":{"start":{"line":13,"column":0},"end":{"line":13,"column":48}},"8":{"start":{"line":14,"column":0},"end":{"line":19,"column":2}},"9":{"start":{"line":20,"column":0},"end":{"line":20,"column":61}},"10":{"start":{"line":21,"column":0},"end":{"line":21,"column":50}},"11":{"start":{"line":22,"column":0},"end":{"line":22,"column":63}},"12":{"start":{"line":24,"column":0},"end":{"line":24,"column":24}}},"fnMap":{},"branchMap":{},"s":{"0":6,"1":6,"2":6,"3":6,"4":6,"5":6,"6":6,"7":6,"8":6,"9":6,"10":6,"11":6,"12":6},"f":{},"b":{},"_coverageSchema":"1a1c01bbd47fc00a2c39e90264f33305004495a9","hash":"688b61894b22b6fb622a906b1a83576bcc3aa53f"}
,"D:\\Hacktiv8\\Phase-3\\Privator\\server-2\\server\\routers\\index.js": {"path":"D:\\Hacktiv8\\Phase-3\\Privator\\server-2\\server\\routers\\index.js","statementMap":{"0":{"start":{"line":1,"column":16},"end":{"line":1,"column":34}},"1":{"start":{"line":2,"column":15},"end":{"line":2,"column":31}},"2":{"start":{"line":3,"column":22},"end":{"line":3,"column":48}},"3":{"start":{"line":4,"column":25},"end":{"line":4,"column":54}},"4":{"start":{"line":5,"column":21},"end":{"line":5,"column":46}},"5":{"start":{"line":6,"column":22},"end":{"line":6,"column":48}},"6":{"start":{"line":7,"column":23},"end":{"line":7,"column":50}},"7":{"start":{"line":8,"column":22},"end":{"line":8,"column":48}},"8":{"start":{"line":9,"column":21},"end":{"line":9,"column":46}},"9":{"start":{"line":11,"column":0},"end":{"line":11,"column":38}},"10":{"start":{"line":12,"column":0},"end":{"line":12,"column":44}},"11":{"start":{"line":13,"column":0},"end":{"line":13,"column":36}},"12":{"start":{"line":14,"column":0},"end":{"line":14,"column":38}},"13":{"start":{"line":15,"column":0},"end":{"line":15,"column":40}},"14":{"start":{"line":16,"column":0},"end":{"line":16,"column":38}},"15":{"start":{"line":17,"column":0},"end":{"line":17,"column":36}},"16":{"start":{"line":19,"column":0},"end":{"line":19,"column":24}}},"fnMap":{},"branchMap":{},"s":{"0":6,"1":6,"2":6,"3":6,"4":6,"5":6,"6":6,"7":6,"8":6,"9":6,"10":6,"11":6,"12":6,"13":6,"14":6,"15":6,"16":6},"f":{},"b":{},"_coverageSchema":"1a1c01bbd47fc00a2c39e90264f33305004495a9","hash":"a0f98a89e175449a965bcec745cf71c15f9117bc"}
,"D:\\Hacktiv8\\Phase-3\\Privator\\server-2\\server\\routers\\instructorRouter.js": {"path":"D:\\Hacktiv8\\Phase-3\\Privator\\server-2\\server\\routers\\instructorRouter.js","statementMap":{"0":{"start":{"line":1,"column":16},"end":{"line":1,"column":34}},"1":{"start":{"line":2,"column":15},"end":{"line":2,"column":31}},"2":{"start":{"line":3,"column":29},"end":{"line":3,"column":75}},"3":{"start":{"line":8,"column":4},"end":{"line":8,"column":44}},"4":{"start":{"line":11,"column":15},"end":{"line":11,"column":32}},"5":{"start":{"line":12,"column":20},"end":{"line":12,"column":50}},"6":{"start":{"line":13,"column":15},"end":{"line":13,"column":34}},"7":{"start":{"line":15,"column":0},"end":{"line":15,"column":56}},"8":{"start":{"line":16,"column":0},"end":{"line":16,"column":80}},"9":{"start":{"line":17,"column":0},"end":{"line":17,"column":50}},"10":{"start":{"line":18,"column":0},"end":{"line":22,"column":2}},"11":{"start":{"line":23,"column":0},"end":{"line":23,"column":62}},"12":{"start":{"line":25,"column":0},"end":{"line":25,"column":24}}},"fnMap":{},"branchMap":{},"s":{"0":6,"1":6,"2":6,"3":6,"4":6,"5":6,"6":6,"7":6,"8":6,"9":6,"10":6,"11":6,"12":6},"f":{},"b":{},"_coverageSchema":"1a1c01bbd47fc00a2c39e90264f33305004495a9","hash":"9bcb1558c0ef2bc65421575276ee55284f436bd8"}
,"D:\\Hacktiv8\\Phase-3\\Privator\\server-2\\server\\routers\\paymentRouter.js": {"path":"D:\\Hacktiv8\\Phase-3\\Privator\\server-2\\server\\routers\\paymentRouter.js","statementMap":{"0":{"start":{"line":1,"column":16},"end":{"line":1,"column":34}},"1":{"start":{"line":2,"column":15},"end":{"line":2,"column":31}},"2":{"start":{"line":3,"column":26},"end":{"line":3,"column":69}},"3":{"start":{"line":8,"column":4},"end":{"line":8,"column":44}},"4":{"start":{"line":10,"column":0},"end":{"line":14,"column":2}},"5":{"start":{"line":16,"column":0},"end":{"line":20,"column":2}},"6":{"start":{"line":22,"column":0},"end":{"line":22,"column":24}}},"fnMap":{},"branchMap":{},"s":{"0":6,"1":6,"2":6,"3":6,"4":6,"5":6,"6":6},"f":{},"b":{},"_coverageSchema":"1a1c01bbd47fc00a2c39e90264f33305004495a9","hash":"5d109b429a0d9cda6bbdcd6b13804ab5e7d47ce2"}
,"D:\\Hacktiv8\\Phase-3\\Privator\\server-2\\server\\routers\\reviewRouter.js": {"path":"D:\\Hacktiv8\\Phase-3\\Privator\\server-2\\server\\routers\\reviewRouter.js","statementMap":{"0":{"start":{"line":1,"column":16},"end":{"line":1,"column":34}},"1":{"start":{"line":2,"column":15},"end":{"line":2,"column":31}},"2":{"start":{"line":4,"column":25},"end":{"line":4,"column":67}},"3":{"start":{"line":9,"column":4},"end":{"line":9,"column":44}},"4":{"start":{"line":11,"column":0},"end":{"line":11,"column":48}},"5":{"start":{"line":12,"column":0},"end":{"line":12,"column":46}},"6":{"start":{"line":13,"column":0},"end":{"line":13,"column":69}},"7":{"start":{"line":15,"column":0},"end":{"line":15,"column":24}}},"fnMap":{},"branchMap":{},"s":{"0":6,"1":6,"2":6,"3":6,"4":6,"5":6,"6":6,"7":6},"f":{},"b":{},"_coverageSchema":"1a1c01bbd47fc00a2c39e90264f33305004495a9","hash":"e0bddde567491ada7661687491d68240d3deef90"}
,"D:\\Hacktiv8\\Phase-3\\Privator\\server-2\\server\\routers\\scheduleRouter.js": {"path":"D:\\Hacktiv8\\Phase-3\\Privator\\server-2\\server\\routers\\scheduleRouter.js","statementMap":{"0":{"start":{"line":1,"column":16},"end":{"line":1,"column":34}},"1":{"start":{"line":2,"column":15},"end":{"line":2,"column":31}},"2":{"start":{"line":3,"column":27},"end":{"line":3,"column":71}},"3":{"start":{"line":5,"column":37},"end":{"line":5,"column":77}},"4":{"start":{"line":7,"column":0},"end":{"line":7,"column":78}},"5":{"start":{"line":8,"column":0},"end":{"line":12,"column":2}},"6":{"start":{"line":14,"column":0},"end":{"line":14,"column":24}}},"fnMap":{},"branchMap":{},"s":{"0":6,"1":6,"2":6,"3":6,"4":6,"5":6,"6":6},"f":{},"b":{},"_coverageSchema":"1a1c01bbd47fc00a2c39e90264f33305004495a9","hash":"8c93d6065ffee456fe955d03a5211ebbee997857"}
,"D:\\Hacktiv8\\Phase-3\\Privator\\server-2\\server\\routers\\studentRouter.js": {"path":"D:\\Hacktiv8\\Phase-3\\Privator\\server-2\\server\\routers\\studentRouter.js","statementMap":{"0":{"start":{"line":1,"column":16},"end":{"line":1,"column":34}},"1":{"start":{"line":2,"column":15},"end":{"line":2,"column":31}},"2":{"start":{"line":3,"column":26},"end":{"line":3,"column":69}},"3":{"start":{"line":8,"column":4},"end":{"line":8,"column":44}},"4":{"start":{"line":11,"column":15},"end":{"line":11,"column":32}},"5":{"start":{"line":12,"column":20},"end":{"line":12,"column":50}},"6":{"start":{"line":13,"column":15},"end":{"line":13,"column":34}},"7":{"start":{"line":15,"column":0},"end":{"line":15,"column":77}},"8":{"start":{"line":16,"column":0},"end":{"line":16,"column":47}},"9":{"start":{"line":18,"column":0},"end":{"line":18,"column":79}},"10":{"start":{"line":20,"column":0},"end":{"line":20,"column":24}}},"fnMap":{},"branchMap":{},"s":{"0":6,"1":6,"2":6,"3":6,"4":6,"5":6,"6":6,"7":6,"8":6,"9":6,"10":6},"f":{},"b":{},"_coverageSchema":"1a1c01bbd47fc00a2c39e90264f33305004495a9","hash":"c962a49015858ab31c696bad8d51feb3c89b6e05"}
}
