{"D:\\Hacktiv8\\Phase-3\\Privator\\server-2\\server\\app.js": {"path":"D:\\Hacktiv8\\Phase-3\\Privator\\server-2\\server\\app.js","statementMap":{"0":{"start":{"line":1,"column":0},"end":{"line":3,"column":1}},"1":{"start":{"line":2,"column":2},"end":{"line":2,"column":29}},"2":{"start":{"line":4,"column":13},"end":{"line":4,"column":28}},"3":{"start":{"line":5,"column":16},"end":{"line":5,"column":34}},"4":{"start":{"line":6,"column":12},"end":{"line":6,"column":21}},"5":{"start":{"line":7,"column":13},"end":{"line":7,"column":37}},"6":{"start":{"line":9,"column":21},"end":{"line":9,"column":58}},"7":{"start":{"line":10,"column":15},"end":{"line":10,"column":41}},"8":{"start":{"line":12,"column":0},"end":{"line":12,"column":24}},"9":{"start":{"line":13,"column":0},"end":{"line":13,"column":48}},"10":{"start":{"line":14,"column":0},"end":{"line":14,"column":16}},"11":{"start":{"line":16,"column":0},"end":{"line":16,"column":21}},"12":{"start":{"line":18,"column":0},"end":{"line":18,"column":22}},"13":{"start":{"line":24,"column":0},"end":{"line":24,"column":21}}},"fnMap":{},"branchMap":{"0":{"loc":{"start":{"line":1,"column":0},"end":{"line":3,"column":1}},"type":"if","locations":[{"start":{"line":1,"column":0},"end":{"line":3,"column":1}},{"start":{},"end":{}}],"line":1},"1":{"loc":{"start":{"line":7,"column":13},"end":{"line":7,"column":37}},"type":"binary-expr","locations":[{"start":{"line":7,"column":13},"end":{"line":7,"column":29}},{"start":{"line":7,"column":33},"end":{"line":7,"column":37}}],"line":7}},"s":{"0":2,"1":2,"2":2,"3":2,"4":2,"5":2,"6":2,"7":2,"8":2,"9":2,"10":2,"11":2,"12":2,"13":2},"f":{},"b":{"0":[2,0],"1":[2,2]},"_coverageSchema":"1a1c01bbd47fc00a2c39e90264f33305004495a9","hash":"1c827570dc8bf05d7e4abcda4cb5377375fb6acd"}
,"D:\\Hacktiv8\\Phase-3\\Privator\\server-2\\server\\cloudinary\\index.js": {"path":"D:\\Hacktiv8\\Phase-3\\Privator\\server-2\\server\\cloudinary\\index.js","statementMap":{"0":{"start":{"line":1,"column":19},"end":{"line":1,"column":43}},"1":{"start":{"line":2,"column":30},"end":{"line":2,"column":66}},"2":{"start":{"line":4,"column":0},"end":{"line":8,"column":3}},"3":{"start":{"line":10,"column":16},"end":{"line":14,"column":2}},"4":{"start":{"line":16,"column":0},"end":{"line":19,"column":2}}},"fnMap":{},"branchMap":{},"s":{"0":2,"1":2,"2":2,"3":2,"4":2},"f":{},"b":{},"_coverageSchema":"1a1c01bbd47fc00a2c39e90264f33305004495a9","hash":"3c5761ccc75126ee1bc0641dfb8787d89f7eb824"}
,"D:\\Hacktiv8\\Phase-3\\Privator\\server-2\\server\\controllers\\bookingController.js": {"path":"D:\\Hacktiv8\\Phase-3\\Privator\\server-2\\server\\controllers\\bookingController.js","statementMap":{"0":{"start":{"line":8,"column":4},"end":{"line":8,"column":24}},"1":{"start":{"line":13,"column":4},"end":{"line":34,"column":5}},"2":{"start":{"line":14,"column":23},"end":{"line":29,"column":8}},"3":{"start":{"line":31,"column":6},"end":{"line":31,"column":37}},"4":{"start":{"line":33,"column":6},"end":{"line":33,"column":18}},"5":{"start":{"line":39,"column":4},"end":{"line":57,"column":5}},"6":{"start":{"line":40,"column":22},"end":{"line":52,"column":8}},"7":{"start":{"line":54,"column":6},"end":{"line":54,"column":36}},"8":{"start":{"line":56,"column":6},"end":{"line":56,"column":18}},"9":{"start":{"line":62,"column":4},"end":{"line":78,"column":5}},"10":{"start":{"line":63,"column":23},"end":{"line":63,"column":42}},"11":{"start":{"line":64,"column":19},"end":{"line":64,"column":50}},"12":{"start":{"line":66,"column":6},"end":{"line":66,"column":54}},"13":{"start":{"line":66,"column":19},"end":{"line":66,"column":54}},"14":{"start":{"line":68,"column":22},"end":{"line":73,"column":8}},"15":{"start":{"line":75,"column":6},"end":{"line":75,"column":36}},"16":{"start":{"line":77,"column":6},"end":{"line":77,"column":18}},"17":{"start":{"line":83,"column":14},"end":{"line":83,"column":43}},"18":{"start":{"line":84,"column":4},"end":{"line":131,"column":5}},"19":{"start":{"line":85,"column":22},"end":{"line":85,"column":59}},"20":{"start":{"line":87,"column":28},"end":{"line":91,"column":8}},"21":{"start":{"line":93,"column":6},"end":{"line":93,"column":78}},"22":{"start":{"line":93,"column":37},"end":{"line":93,"column":78}},"23":{"start":{"line":95,"column":6},"end":{"line":99,"column":7}},"24":{"start":{"line":96,"column":8},"end":{"line":98,"column":9}},"25":{"start":{"line":97,"column":10},"end":{"line":97,"column":50}},"26":{"start":{"line":101,"column":6},"end":{"line":101,"column":56}},"27":{"start":{"line":101,"column":20},"end":{"line":101,"column":56}},"28":{"start":{"line":103,"column":6},"end":{"line":103,"column":68}},"29":{"start":{"line":103,"column":37},"end":{"line":103,"column":68}},"30":{"start":{"line":105,"column":6},"end":{"line":115,"column":8}},"31":{"start":{"line":117,"column":26},"end":{"line":122,"column":7}},"32":{"start":{"line":124,"column":6},"end":{"line":124,"column":80}},"33":{"start":{"line":126,"column":6},"end":{"line":126,"column":23}},"34":{"start":{"line":127,"column":6},"end":{"line":127,"column":36}},"35":{"start":{"line":129,"column":6},"end":{"line":129,"column":25}},"36":{"start":{"line":130,"column":6},"end":{"line":130,"column":18}},"37":{"start":{"line":135,"column":0},"end":{"line":135,"column":35}}},"fnMap":{"0":{"name":"(anonymous_0)","decl":{"start":{"line":12,"column":2},"end":{"line":12,"column":3}},"loc":{"start":{"line":12,"column":46},"end":{"line":35,"column":3}},"line":12},"1":{"name":"(anonymous_1)","decl":{"start":{"line":38,"column":2},"end":{"line":38,"column":3}},"loc":{"start":{"line":38,"column":45},"end":{"line":58,"column":3}},"line":38},"2":{"name":"(anonymous_2)","decl":{"start":{"line":61,"column":2},"end":{"line":61,"column":3}},"loc":{"start":{"line":61,"column":45},"end":{"line":79,"column":3}},"line":61},"3":{"name":"(anonymous_3)","decl":{"start":{"line":82,"column":2},"end":{"line":82,"column":3}},"loc":{"start":{"line":82,"column":42},"end":{"line":132,"column":3}},"line":82}},"branchMap":{"0":{"loc":{"start":{"line":66,"column":6},"end":{"line":66,"column":54}},"type":"if","locations":[{"start":{"line":66,"column":6},"end":{"line":66,"column":54}},{"start":{},"end":{}}],"line":66},"1":{"loc":{"start":{"line":93,"column":6},"end":{"line":93,"column":78}},"type":"if","locations":[{"start":{"line":93,"column":6},"end":{"line":93,"column":78}},{"start":{},"end":{}}],"line":93},"2":{"loc":{"start":{"line":96,"column":8},"end":{"line":98,"column":9}},"type":"if","locations":[{"start":{"line":96,"column":8},"end":{"line":98,"column":9}},{"start":{},"end":{}}],"line":96},"3":{"loc":{"start":{"line":101,"column":6},"end":{"line":101,"column":56}},"type":"if","locations":[{"start":{"line":101,"column":6},"end":{"line":101,"column":56}},{"start":{},"end":{}}],"line":101},"4":{"loc":{"start":{"line":103,"column":6},"end":{"line":103,"column":68}},"type":"if","locations":[{"start":{"line":103,"column":6},"end":{"line":103,"column":68}},{"start":{},"end":{}}],"line":103}},"s":{"0":2,"1":0,"2":0,"3":0,"4":0,"5":0,"6":0,"7":0,"8":0,"9":0,"10":0,"11":0,"12":0,"13":0,"14":0,"15":0,"16":0,"17":0,"18":0,"19":0,"20":0,"21":0,"22":0,"23":0,"24":0,"25":0,"26":0,"27":0,"28":0,"29":0,"30":0,"31":0,"32":0,"33":0,"34":0,"35":0,"36":0,"37":2},"f":{"0":0,"1":0,"2":0,"3":0},"b":{"0":[0,0],"1":[0,0],"2":[0,0],"3":[0,0],"4":[0,0]},"_coverageSchema":"1a1c01bbd47fc00a2c39e90264f33305004495a9","hash":"e7cdda1f75474754c0e17a073220729d6fc0217c"}
,"D:\\Hacktiv8\\Phase-3\\Privator\\server-2\\server\\controllers\\courseController.js": {"path":"D:\\Hacktiv8\\Phase-3\\Privator\\server-2\\server\\controllers\\courseController.js","statementMap":{"0":{"start":{"line":8,"column":4},"end":{"line":8,"column":24}},"1":{"start":{"line":13,"column":4},"end":{"line":39,"column":5}},"2":{"start":{"line":14,"column":22},"end":{"line":35,"column":8}},"3":{"start":{"line":36,"column":6},"end":{"line":36,"column":36}},"4":{"start":{"line":38,"column":6},"end":{"line":38,"column":18}},"5":{"start":{"line":44,"column":4},"end":{"line":72,"column":5}},"6":{"start":{"line":45,"column":21},"end":{"line":66,"column":8}},"7":{"start":{"line":68,"column":6},"end":{"line":68,"column":54}},"8":{"start":{"line":68,"column":19},"end":{"line":68,"column":54}},"9":{"start":{"line":69,"column":6},"end":{"line":69,"column":35}},"10":{"start":{"line":71,"column":6},"end":{"line":71,"column":18}},"11":{"start":{"line":77,"column":4},"end":{"line":84,"column":5}},"12":{"start":{"line":78,"column":25},"end":{"line":80,"column":8}},"13":{"start":{"line":81,"column":6},"end":{"line":81,"column":39}},"14":{"start":{"line":83,"column":6},"end":{"line":83,"column":18}},"15":{"start":{"line":89,"column":4},"end":{"line":120,"column":5}},"16":{"start":{"line":90,"column":22},"end":{"line":114,"column":8}},"17":{"start":{"line":116,"column":6},"end":{"line":116,"column":77}},"18":{"start":{"line":116,"column":32},"end":{"line":116,"column":77}},"19":{"start":{"line":117,"column":6},"end":{"line":117,"column":36}},"20":{"start":{"line":119,"column":6},"end":{"line":119,"column":18}},"21":{"start":{"line":125,"column":4},"end":{"line":159,"column":5}},"22":{"start":{"line":126,"column":71},"end":{"line":126,"column":79}},"23":{"start":{"line":141,"column":6},"end":{"line":143,"column":7}},"24":{"start":{"line":142,"column":8},"end":{"line":142,"column":52}},"25":{"start":{"line":145,"column":21},"end":{"line":154,"column":8}},"26":{"start":{"line":156,"column":6},"end":{"line":156,"column":35}},"27":{"start":{"line":158,"column":6},"end":{"line":158,"column":18}},"28":{"start":{"line":163,"column":0},"end":{"line":163,"column":34}}},"fnMap":{"0":{"name":"(anonymous_0)","decl":{"start":{"line":12,"column":2},"end":{"line":12,"column":3}},"loc":{"start":{"line":12,"column":45},"end":{"line":40,"column":3}},"line":12},"1":{"name":"(anonymous_1)","decl":{"start":{"line":43,"column":2},"end":{"line":43,"column":3}},"loc":{"start":{"line":43,"column":44},"end":{"line":73,"column":3}},"line":43},"2":{"name":"(anonymous_2)","decl":{"start":{"line":76,"column":2},"end":{"line":76,"column":3}},"loc":{"start":{"line":76,"column":48},"end":{"line":85,"column":3}},"line":76},"3":{"name":"(anonymous_3)","decl":{"start":{"line":88,"column":2},"end":{"line":88,"column":3}},"loc":{"start":{"line":88,"column":46},"end":{"line":121,"column":3}},"line":88},"4":{"name":"(anonymous_4)","decl":{"start":{"line":124,"column":2},"end":{"line":124,"column":3}},"loc":{"start":{"line":124,"column":44},"end":{"line":160,"column":3}},"line":124}},"branchMap":{"0":{"loc":{"start":{"line":68,"column":6},"end":{"line":68,"column":54}},"type":"if","locations":[{"start":{"line":68,"column":6},"end":{"line":68,"column":54}},{"start":{},"end":{}}],"line":68},"1":{"loc":{"start":{"line":116,"column":6},"end":{"line":116,"column":77}},"type":"if","locations":[{"start":{"line":116,"column":6},"end":{"line":116,"column":77}},{"start":{},"end":{}}],"line":116},"2":{"loc":{"start":{"line":141,"column":6},"end":{"line":143,"column":7}},"type":"if","locations":[{"start":{"line":141,"column":6},"end":{"line":143,"column":7}},{"start":{},"end":{}}],"line":141},"3":{"loc":{"start":{"line":141,"column":10},"end":{"line":141,"column":70}},"type":"binary-expr","locations":[{"start":{"line":141,"column":10},"end":{"line":141,"column":15}},{"start":{"line":141,"column":19},"end":{"line":141,"column":26}},{"start":{"line":141,"column":30},"end":{"line":141,"column":36}},{"start":{"line":141,"column":40},"end":{"line":141,"column":45}},{"start":{"line":141,"column":49},"end":{"line":141,"column":60}},{"start":{"line":141,"column":64},"end":{"line":141,"column":70}}],"line":141}},"s":{"0":2,"1":0,"2":0,"3":0,"4":0,"5":0,"6":0,"7":0,"8":0,"9":0,"10":0,"11":0,"12":0,"13":0,"14":0,"15":0,"16":0,"17":0,"18":0,"19":0,"20":0,"21":0,"22":0,"23":0,"24":0,"25":0,"26":0,"27":0,"28":2},"f":{"0":0,"1":0,"2":0,"3":0,"4":0},"b":{"0":[0,0],"1":[0,0],"2":[0,0],"3":[0,0,0,0,0,0]},"_coverageSchema":"1a1c01bbd47fc00a2c39e90264f33305004495a9","hash":"da10e4d8aa072bf08bb6e92315830bcb5facaae5"}
,"D:\\Hacktiv8\\Phase-3\\Privator\\server-2\\server\\controllers\\instructorController.js": {"path":"D:\\Hacktiv8\\Phase-3\\Privator\\server-2\\server\\controllers\\instructorController.js","statementMap":{"0":{"start":{"line":8,"column":4},"end":{"line":8,"column":24}},"1":{"start":{"line":9,"column":42},"end":{"line":9,"column":70}},"2":{"start":{"line":10,"column":24},"end":{"line":10,"column":49}},"3":{"start":{"line":13,"column":21},"end":{"line":13,"column":69}},"4":{"start":{"line":14,"column":20},"end":{"line":14,"column":44}},"5":{"start":{"line":15,"column":17},"end":{"line":15,"column":59}},"6":{"start":{"line":20,"column":4},"end":{"line":51,"column":5}},"7":{"start":{"line":21,"column":6},"end":{"line":21,"column":63}},"8":{"start":{"line":21,"column":27},"end":{"line":21,"column":63}},"9":{"start":{"line":22,"column":6},"end":{"line":22,"column":69}},"10":{"start":{"line":22,"column":30},"end":{"line":22,"column":69}},"11":{"start":{"line":23,"column":6},"end":{"line":23,"column":70}},"12":{"start":{"line":23,"column":30},"end":{"line":23,"column":70}},"13":{"start":{"line":24,"column":6},"end":{"line":24,"column":72}},"14":{"start":{"line":24,"column":31},"end":{"line":24,"column":72}},"15":{"start":{"line":25,"column":6},"end":{"line":25,"column":69}},"16":{"start":{"line":25,"column":30},"end":{"line":25,"column":69}},"17":{"start":{"line":27,"column":22},"end":{"line":32,"column":15}},"18":{"start":{"line":34,"column":18},"end":{"line":45,"column":7}},"19":{"start":{"line":47,"column":25},"end":{"line":47,"column":55}},"20":{"start":{"line":48,"column":6},"end":{"line":48,"column":76}},"21":{"start":{"line":50,"column":6},"end":{"line":50,"column":18}},"22":{"start":{"line":56,"column":4},"end":{"line":89,"column":5}},"23":{"start":{"line":57,"column":6},"end":{"line":57,"column":63}},"24":{"start":{"line":57,"column":27},"end":{"line":57,"column":63}},"25":{"start":{"line":58,"column":6},"end":{"line":58,"column":69}},"26":{"start":{"line":58,"column":30},"end":{"line":58,"column":69}},"27":{"start":{"line":60,"column":25},"end":{"line":64,"column":8}},"28":{"start":{"line":66,"column":6},"end":{"line":66,"column":67}},"29":{"start":{"line":66,"column":23},"end":{"line":66,"column":67}},"30":{"start":{"line":68,"column":30},"end":{"line":71,"column":7}},"31":{"start":{"line":73,"column":6},"end":{"line":73,"column":72}},"32":{"start":{"line":73,"column":28},"end":{"line":73,"column":72}},"33":{"start":{"line":75,"column":20},"end":{"line":77,"column":7}},"34":{"start":{"line":79,"column":25},"end":{"line":79,"column":45}},"35":{"start":{"line":81,"column":6},"end":{"line":86,"column":9}},"36":{"start":{"line":88,"column":6},"end":{"line":88,"column":18}},"37":{"start":{"line":94,"column":4},"end":{"line":125,"column":5}},"38":{"start":{"line":95,"column":26},"end":{"line":121,"column":8}},"39":{"start":{"line":122,"column":6},"end":{"line":122,"column":40}},"40":{"start":{"line":124,"column":6},"end":{"line":124,"column":18}},"41":{"start":{"line":130,"column":4},"end":{"line":179,"column":5}},"42":{"start":{"line":131,"column":25},"end":{"line":173,"column":8}},"43":{"start":{"line":175,"column":6},"end":{"line":175,"column":62}},"44":{"start":{"line":175,"column":23},"end":{"line":175,"column":62}},"45":{"start":{"line":176,"column":6},"end":{"line":176,"column":39}},"46":{"start":{"line":178,"column":6},"end":{"line":178,"column":18}},"47":{"start":{"line":183,"column":0},"end":{"line":183,"column":38}}},"fnMap":{"0":{"name":"(anonymous_0)","decl":{"start":{"line":19,"column":2},"end":{"line":19,"column":3}},"loc":{"start":{"line":19,"column":40},"end":{"line":52,"column":3}},"line":19},"1":{"name":"(anonymous_1)","decl":{"start":{"line":55,"column":2},"end":{"line":55,"column":3}},"loc":{"start":{"line":55,"column":37},"end":{"line":90,"column":3}},"line":55},"2":{"name":"(anonymous_2)","decl":{"start":{"line":93,"column":2},"end":{"line":93,"column":3}},"loc":{"start":{"line":93,"column":49},"end":{"line":126,"column":3}},"line":93},"3":{"name":"(anonymous_3)","decl":{"start":{"line":129,"column":2},"end":{"line":129,"column":3}},"loc":{"start":{"line":129,"column":48},"end":{"line":180,"column":3}},"line":129}},"branchMap":{"0":{"loc":{"start":{"line":21,"column":6},"end":{"line":21,"column":63}},"type":"if","locations":[{"start":{"line":21,"column":6},"end":{"line":21,"column":63}},{"start":{},"end":{}}],"line":21},"1":{"loc":{"start":{"line":22,"column":6},"end":{"line":22,"column":69}},"type":"if","locations":[{"start":{"line":22,"column":6},"end":{"line":22,"column":69}},{"start":{},"end":{}}],"line":22},"2":{"loc":{"start":{"line":23,"column":6},"end":{"line":23,"column":70}},"type":"if","locations":[{"start":{"line":23,"column":6},"end":{"line":23,"column":70}},{"start":{},"end":{}}],"line":23},"3":{"loc":{"start":{"line":24,"column":6},"end":{"line":24,"column":72}},"type":"if","locations":[{"start":{"line":24,"column":6},"end":{"line":24,"column":72}},{"start":{},"end":{}}],"line":24},"4":{"loc":{"start":{"line":25,"column":6},"end":{"line":25,"column":69}},"type":"if","locations":[{"start":{"line":25,"column":6},"end":{"line":25,"column":69}},{"start":{},"end":{}}],"line":25},"5":{"loc":{"start":{"line":57,"column":6},"end":{"line":57,"column":63}},"type":"if","locations":[{"start":{"line":57,"column":6},"end":{"line":57,"column":63}},{"start":{},"end":{}}],"line":57},"6":{"loc":{"start":{"line":58,"column":6},"end":{"line":58,"column":69}},"type":"if","locations":[{"start":{"line":58,"column":6},"end":{"line":58,"column":69}},{"start":{},"end":{}}],"line":58},"7":{"loc":{"start":{"line":66,"column":6},"end":{"line":66,"column":67}},"type":"if","locations":[{"start":{"line":66,"column":6},"end":{"line":66,"column":67}},{"start":{},"end":{}}],"line":66},"8":{"loc":{"start":{"line":73,"column":6},"end":{"line":73,"column":72}},"type":"if","locations":[{"start":{"line":73,"column":6},"end":{"line":73,"column":72}},{"start":{},"end":{}}],"line":73},"9":{"loc":{"start":{"line":175,"column":6},"end":{"line":175,"column":62}},"type":"if","locations":[{"start":{"line":175,"column":6},"end":{"line":175,"column":62}},{"start":{},"end":{}}],"line":175}},"s":{"0":2,"1":2,"2":2,"3":2,"4":2,"5":2,"6":8,"7":8,"8":1,"9":7,"10":1,"11":6,"12":1,"13":5,"14":1,"15":4,"16":1,"17":3,"18":3,"19":3,"20":1,"21":7,"22":5,"23":5,"24":1,"25":4,"26":1,"27":3,"28":3,"29":1,"30":2,"31":2,"32":1,"33":1,"34":1,"35":1,"36":4,"37":2,"38":2,"39":2,"40":0,"41":2,"42":2,"43":2,"44":1,"45":1,"46":1,"47":2},"f":{"0":8,"1":5,"2":2,"3":2},"b":{"0":[1,7],"1":[1,6],"2":[1,5],"3":[1,4],"4":[1,3],"5":[1,4],"6":[1,3],"7":[1,2],"8":[1,1],"9":[1,1]},"_coverageSchema":"1a1c01bbd47fc00a2c39e90264f33305004495a9","hash":"c1a116c9829b1744dd565c7e26af6a02c10a9d89"}
,"D:\\Hacktiv8\\Phase-3\\Privator\\server-2\\server\\controllers\\scheduleController.js": {"path":"D:\\Hacktiv8\\Phase-3\\Privator\\server-2\\server\\controllers\\scheduleController.js","statementMap":{"0":{"start":{"line":8,"column":4},"end":{"line":8,"column":24}},"1":{"start":{"line":13,"column":4},"end":{"line":30,"column":5}},"2":{"start":{"line":14,"column":24},"end":{"line":25,"column":8}},"3":{"start":{"line":27,"column":6},"end":{"line":27,"column":38}},"4":{"start":{"line":29,"column":6},"end":{"line":29,"column":18}},"5":{"start":{"line":35,"column":14},"end":{"line":35,"column":43}},"6":{"start":{"line":36,"column":4},"end":{"line":66,"column":5}},"7":{"start":{"line":37,"column":23},"end":{"line":37,"column":61}},"8":{"start":{"line":39,"column":6},"end":{"line":39,"column":58}},"9":{"start":{"line":39,"column":21},"end":{"line":39,"column":58}},"10":{"start":{"line":41,"column":6},"end":{"line":46,"column":8}},"11":{"start":{"line":48,"column":6},"end":{"line":59,"column":8}},"12":{"start":{"line":61,"column":6},"end":{"line":61,"column":23}},"13":{"start":{"line":62,"column":6},"end":{"line":62,"column":37}},"14":{"start":{"line":64,"column":6},"end":{"line":64,"column":25}},"15":{"start":{"line":65,"column":6},"end":{"line":65,"column":18}},"16":{"start":{"line":70,"column":0},"end":{"line":70,"column":36}}},"fnMap":{"0":{"name":"(anonymous_0)","decl":{"start":{"line":12,"column":2},"end":{"line":12,"column":3}},"loc":{"start":{"line":12,"column":47},"end":{"line":31,"column":3}},"line":12},"1":{"name":"(anonymous_1)","decl":{"start":{"line":34,"column":2},"end":{"line":34,"column":3}},"loc":{"start":{"line":34,"column":48},"end":{"line":67,"column":3}},"line":34}},"branchMap":{"0":{"loc":{"start":{"line":39,"column":6},"end":{"line":39,"column":58}},"type":"if","locations":[{"start":{"line":39,"column":6},"end":{"line":39,"column":58}},{"start":{},"end":{}}],"line":39}},"s":{"0":2,"1":0,"2":0,"3":0,"4":0,"5":0,"6":0,"7":0,"8":0,"9":0,"10":0,"11":0,"12":0,"13":0,"14":0,"15":0,"16":2},"f":{"0":0,"1":0},"b":{"0":[0,0]},"_coverageSchema":"1a1c01bbd47fc00a2c39e90264f33305004495a9","hash":"1096cb5fd81b38af5ac15a9a3f3c5f48977ddb4c"}
,"D:\\Hacktiv8\\Phase-3\\Privator\\server-2\\server\\controllers\\studentController.js": {"path":"D:\\Hacktiv8\\Phase-3\\Privator\\server-2\\server\\controllers\\studentController.js","statementMap":{"0":{"start":{"line":1,"column":28},"end":{"line":1,"column":48}},"1":{"start":{"line":2,"column":42},"end":{"line":2,"column":70}},"2":{"start":{"line":3,"column":24},"end":{"line":3,"column":49}},"3":{"start":{"line":6,"column":21},"end":{"line":6,"column":69}},"4":{"start":{"line":7,"column":20},"end":{"line":7,"column":44}},"5":{"start":{"line":8,"column":17},"end":{"line":8,"column":59}},"6":{"start":{"line":13,"column":4},"end":{"line":44,"column":5}},"7":{"start":{"line":14,"column":6},"end":{"line":14,"column":63}},"8":{"start":{"line":14,"column":27},"end":{"line":14,"column":63}},"9":{"start":{"line":15,"column":6},"end":{"line":15,"column":69}},"10":{"start":{"line":15,"column":30},"end":{"line":15,"column":69}},"11":{"start":{"line":16,"column":6},"end":{"line":16,"column":70}},"12":{"start":{"line":16,"column":30},"end":{"line":16,"column":70}},"13":{"start":{"line":17,"column":6},"end":{"line":17,"column":72}},"14":{"start":{"line":17,"column":31},"end":{"line":17,"column":72}},"15":{"start":{"line":18,"column":6},"end":{"line":18,"column":69}},"16":{"start":{"line":18,"column":30},"end":{"line":18,"column":69}},"17":{"start":{"line":20,"column":22},"end":{"line":25,"column":15}},"18":{"start":{"line":27,"column":18},"end":{"line":38,"column":7}},"19":{"start":{"line":40,"column":22},"end":{"line":40,"column":49}},"20":{"start":{"line":41,"column":6},"end":{"line":41,"column":72}},"21":{"start":{"line":43,"column":6},"end":{"line":43,"column":18}},"22":{"start":{"line":49,"column":4},"end":{"line":82,"column":5}},"23":{"start":{"line":50,"column":6},"end":{"line":50,"column":63}},"24":{"start":{"line":50,"column":27},"end":{"line":50,"column":63}},"25":{"start":{"line":51,"column":6},"end":{"line":51,"column":69}},"26":{"start":{"line":51,"column":30},"end":{"line":51,"column":69}},"27":{"start":{"line":53,"column":22},"end":{"line":57,"column":8}},"28":{"start":{"line":59,"column":6},"end":{"line":59,"column":64}},"29":{"start":{"line":59,"column":20},"end":{"line":59,"column":64}},"30":{"start":{"line":61,"column":30},"end":{"line":64,"column":7}},"31":{"start":{"line":66,"column":6},"end":{"line":66,"column":72}},"32":{"start":{"line":66,"column":28},"end":{"line":66,"column":72}},"33":{"start":{"line":68,"column":20},"end":{"line":70,"column":7}},"34":{"start":{"line":72,"column":25},"end":{"line":72,"column":45}},"35":{"start":{"line":74,"column":6},"end":{"line":79,"column":9}},"36":{"start":{"line":81,"column":6},"end":{"line":81,"column":18}},"37":{"start":{"line":86,"column":0},"end":{"line":86,"column":35}}},"fnMap":{"0":{"name":"(anonymous_0)","decl":{"start":{"line":12,"column":2},"end":{"line":12,"column":3}},"loc":{"start":{"line":12,"column":40},"end":{"line":45,"column":3}},"line":12},"1":{"name":"(anonymous_1)","decl":{"start":{"line":48,"column":2},"end":{"line":48,"column":3}},"loc":{"start":{"line":48,"column":37},"end":{"line":83,"column":3}},"line":48}},"branchMap":{"0":{"loc":{"start":{"line":14,"column":6},"end":{"line":14,"column":63}},"type":"if","locations":[{"start":{"line":14,"column":6},"end":{"line":14,"column":63}},{"start":{},"end":{}}],"line":14},"1":{"loc":{"start":{"line":15,"column":6},"end":{"line":15,"column":69}},"type":"if","locations":[{"start":{"line":15,"column":6},"end":{"line":15,"column":69}},{"start":{},"end":{}}],"line":15},"2":{"loc":{"start":{"line":16,"column":6},"end":{"line":16,"column":70}},"type":"if","locations":[{"start":{"line":16,"column":6},"end":{"line":16,"column":70}},{"start":{},"end":{}}],"line":16},"3":{"loc":{"start":{"line":17,"column":6},"end":{"line":17,"column":72}},"type":"if","locations":[{"start":{"line":17,"column":6},"end":{"line":17,"column":72}},{"start":{},"end":{}}],"line":17},"4":{"loc":{"start":{"line":18,"column":6},"end":{"line":18,"column":69}},"type":"if","locations":[{"start":{"line":18,"column":6},"end":{"line":18,"column":69}},{"start":{},"end":{}}],"line":18},"5":{"loc":{"start":{"line":50,"column":6},"end":{"line":50,"column":63}},"type":"if","locations":[{"start":{"line":50,"column":6},"end":{"line":50,"column":63}},{"start":{},"end":{}}],"line":50},"6":{"loc":{"start":{"line":51,"column":6},"end":{"line":51,"column":69}},"type":"if","locations":[{"start":{"line":51,"column":6},"end":{"line":51,"column":69}},{"start":{},"end":{}}],"line":51},"7":{"loc":{"start":{"line":59,"column":6},"end":{"line":59,"column":64}},"type":"if","locations":[{"start":{"line":59,"column":6},"end":{"line":59,"column":64}},{"start":{},"end":{}}],"line":59},"8":{"loc":{"start":{"line":66,"column":6},"end":{"line":66,"column":72}},"type":"if","locations":[{"start":{"line":66,"column":6},"end":{"line":66,"column":72}},{"start":{},"end":{}}],"line":66}},"s":{"0":2,"1":2,"2":2,"3":2,"4":2,"5":2,"6":8,"7":8,"8":1,"9":7,"10":1,"11":6,"12":1,"13":5,"14":1,"15":4,"16":1,"17":3,"18":3,"19":3,"20":1,"21":7,"22":5,"23":5,"24":1,"25":4,"26":1,"27":3,"28":3,"29":1,"30":2,"31":2,"32":1,"33":1,"34":1,"35":1,"36":4,"37":2},"f":{"0":8,"1":5},"b":{"0":[1,7],"1":[1,6],"2":[1,5],"3":[1,4],"4":[1,3],"5":[1,4],"6":[1,3],"7":[1,2],"8":[1,1]},"_coverageSchema":"1a1c01bbd47fc00a2c39e90264f33305004495a9","hash":"986a2c1506cb77d2497f2940b322a5e773408522"}
,"D:\\Hacktiv8\\Phase-3\\Privator\\server-2\\server\\helpers\\bcrypt.js": {"path":"D:\\Hacktiv8\\Phase-3\\Privator\\server-2\\server\\helpers\\bcrypt.js","statementMap":{"0":{"start":{"line":1,"column":15},"end":{"line":1,"column":32}},"1":{"start":{"line":2,"column":21},"end":{"line":2,"column":64}},"2":{"start":{"line":2,"column":35},"end":{"line":2,"column":64}},"3":{"start":{"line":3,"column":24},"end":{"line":3,"column":78}},"4":{"start":{"line":3,"column":44},"end":{"line":3,"column":78}},"5":{"start":{"line":7,"column":0},"end":{"line":7,"column":50}}},"fnMap":{"0":{"name":"(anonymous_0)","decl":{"start":{"line":2,"column":21},"end":{"line":2,"column":22}},"loc":{"start":{"line":2,"column":35},"end":{"line":2,"column":64}},"line":2},"1":{"name":"(anonymous_1)","decl":{"start":{"line":3,"column":24},"end":{"line":3,"column":25}},"loc":{"start":{"line":3,"column":44},"end":{"line":3,"column":78}},"line":3}},"branchMap":{},"s":{"0":2,"1":2,"2":6,"3":2,"4":4,"5":2},"f":{"0":6,"1":4},"b":{},"_coverageSchema":"1a1c01bbd47fc00a2c39e90264f33305004495a9","hash":"b7d15b19b80770e71eee90f74afd4be8c0a04843"}
,"D:\\Hacktiv8\\Phase-3\\Privator\\server-2\\server\\helpers\\jwt.js": {"path":"D:\\Hacktiv8\\Phase-3\\Privator\\server-2\\server\\helpers\\jwt.js","statementMap":{"0":{"start":{"line":1,"column":12},"end":{"line":1,"column":35}},"1":{"start":{"line":2,"column":13},"end":{"line":2,"column":35}},"2":{"start":{"line":4,"column":20},"end":{"line":6,"column":1}},"3":{"start":{"line":5,"column":2},"end":{"line":5,"column":34}},"4":{"start":{"line":8,"column":20},"end":{"line":10,"column":1}},"5":{"start":{"line":9,"column":2},"end":{"line":9,"column":34}},"6":{"start":{"line":12,"column":0},"end":{"line":12,"column":45}}},"fnMap":{"0":{"name":"(anonymous_0)","decl":{"start":{"line":4,"column":20},"end":{"line":4,"column":21}},"loc":{"start":{"line":4,"column":33},"end":{"line":6,"column":1}},"line":4},"1":{"name":"(anonymous_1)","decl":{"start":{"line":8,"column":20},"end":{"line":8,"column":21}},"loc":{"start":{"line":8,"column":31},"end":{"line":10,"column":1}},"line":8}},"branchMap":{},"s":{"0":2,"1":2,"2":2,"3":2,"4":2,"5":0,"6":2},"f":{"0":2,"1":0},"b":{},"_coverageSchema":"1a1c01bbd47fc00a2c39e90264f33305004495a9","hash":"0ab804b94689f0a8223cbe17ca075b5a33cddc21"}
,"D:\\Hacktiv8\\Phase-3\\Privator\\server-2\\server\\middlewares\\authentication.js": {"path":"D:\\Hacktiv8\\Phase-3\\Privator\\server-2\\server\\middlewares\\authentication.js","statementMap":{"0":{"start":{"line":1,"column":24},"end":{"line":1,"column":49}},"1":{"start":{"line":2,"column":32},"end":{"line":2,"column":52}},"2":{"start":{"line":5,"column":30},"end":{"line":21,"column":1}},"3":{"start":{"line":6,"column":2},"end":{"line":20,"column":3}},"4":{"start":{"line":7,"column":27},"end":{"line":7,"column":38}},"5":{"start":{"line":8,"column":4},"end":{"line":8,"column":55}},"6":{"start":{"line":8,"column":23},"end":{"line":8,"column":55}},"7":{"start":{"line":10,"column":18},"end":{"line":10,"column":43}},"8":{"start":{"line":12,"column":18},"end":{"line":12,"column":52}},"9":{"start":{"line":14,"column":4},"end":{"line":14,"column":50}},"10":{"start":{"line":14,"column":18},"end":{"line":14,"column":50}},"11":{"start":{"line":16,"column":4},"end":{"line":16,"column":37}},"12":{"start":{"line":17,"column":4},"end":{"line":17,"column":11}},"13":{"start":{"line":19,"column":4},"end":{"line":19,"column":16}},"14":{"start":{"line":24,"column":33},"end":{"line":41,"column":1}},"15":{"start":{"line":25,"column":2},"end":{"line":40,"column":3}},"16":{"start":{"line":26,"column":29},"end":{"line":26,"column":40}},"17":{"start":{"line":28,"column":4},"end":{"line":28,"column":55}},"18":{"start":{"line":28,"column":23},"end":{"line":28,"column":55}},"19":{"start":{"line":30,"column":18},"end":{"line":30,"column":43}},"20":{"start":{"line":32,"column":21},"end":{"line":32,"column":58}},"21":{"start":{"line":34,"column":4},"end":{"line":34,"column":53}},"22":{"start":{"line":34,"column":21},"end":{"line":34,"column":53}},"23":{"start":{"line":36,"column":4},"end":{"line":36,"column":43}},"24":{"start":{"line":37,"column":4},"end":{"line":37,"column":11}},"25":{"start":{"line":39,"column":4},"end":{"line":39,"column":16}},"26":{"start":{"line":43,"column":0},"end":{"line":43,"column":69}}},"fnMap":{"0":{"name":"(anonymous_0)","decl":{"start":{"line":5,"column":30},"end":{"line":5,"column":31}},"loc":{"start":{"line":5,"column":56},"end":{"line":21,"column":1}},"line":5},"1":{"name":"(anonymous_1)","decl":{"start":{"line":24,"column":33},"end":{"line":24,"column":34}},"loc":{"start":{"line":24,"column":59},"end":{"line":41,"column":1}},"line":24}},"branchMap":{"0":{"loc":{"start":{"line":8,"column":4},"end":{"line":8,"column":55}},"type":"if","locations":[{"start":{"line":8,"column":4},"end":{"line":8,"column":55}},{"start":{},"end":{}}],"line":8},"1":{"loc":{"start":{"line":14,"column":4},"end":{"line":14,"column":50}},"type":"if","locations":[{"start":{"line":14,"column":4},"end":{"line":14,"column":50}},{"start":{},"end":{}}],"line":14},"2":{"loc":{"start":{"line":28,"column":4},"end":{"line":28,"column":55}},"type":"if","locations":[{"start":{"line":28,"column":4},"end":{"line":28,"column":55}},{"start":{},"end":{}}],"line":28},"3":{"loc":{"start":{"line":34,"column":4},"end":{"line":34,"column":53}},"type":"if","locations":[{"start":{"line":34,"column":4},"end":{"line":34,"column":53}},{"start":{},"end":{}}],"line":34}},"s":{"0":2,"1":2,"2":2,"3":0,"4":0,"5":0,"6":0,"7":0,"8":0,"9":0,"10":0,"11":0,"12":0,"13":0,"14":2,"15":0,"16":0,"17":0,"18":0,"19":0,"20":0,"21":0,"22":0,"23":0,"24":0,"25":0,"26":2},"f":{"0":0,"1":0},"b":{"0":[0,0],"1":[0,0],"2":[0,0],"3":[0,0]},"_coverageSchema":"1a1c01bbd47fc00a2c39e90264f33305004495a9","hash":"a2c22c40af2edc37d7db6b84072f8d8236327866"}
,"D:\\Hacktiv8\\Phase-3\\Privator\\server-2\\server\\middlewares\\errorHandler.js": {"path":"D:\\Hacktiv8\\Phase-3\\Privator\\server-2\\server\\middlewares\\errorHandler.js","statementMap":{"0":{"start":{"line":1,"column":0},"end":{"line":57,"column":2}},"1":{"start":{"line":2,"column":2},"end":{"line":2,"column":19}},"2":{"start":{"line":3,"column":19},"end":{"line":3,"column":22}},"3":{"start":{"line":4,"column":16},"end":{"line":4,"column":39}},"4":{"start":{"line":6,"column":2},"end":{"line":54,"column":3}},"5":{"start":{"line":10,"column":4},"end":{"line":10,"column":21}},"6":{"start":{"line":11,"column":4},"end":{"line":11,"column":36}},"7":{"start":{"line":12,"column":9},"end":{"line":54,"column":3}},"8":{"start":{"line":19,"column":4},"end":{"line":19,"column":21}},"9":{"start":{"line":20,"column":4},"end":{"line":20,"column":23}},"10":{"start":{"line":21,"column":9},"end":{"line":54,"column":3}},"11":{"start":{"line":22,"column":4},"end":{"line":22,"column":21}},"12":{"start":{"line":23,"column":4},"end":{"line":23,"column":23}},"13":{"start":{"line":24,"column":9},"end":{"line":54,"column":3}},"14":{"start":{"line":25,"column":4},"end":{"line":25,"column":21}},"15":{"start":{"line":26,"column":4},"end":{"line":26,"column":23}},"16":{"start":{"line":27,"column":9},"end":{"line":54,"column":3}},"17":{"start":{"line":31,"column":4},"end":{"line":31,"column":21}},"18":{"start":{"line":32,"column":4},"end":{"line":32,"column":23}},"19":{"start":{"line":33,"column":9},"end":{"line":54,"column":3}},"20":{"start":{"line":34,"column":4},"end":{"line":34,"column":21}},"21":{"start":{"line":35,"column":4},"end":{"line":35,"column":23}},"22":{"start":{"line":36,"column":9},"end":{"line":54,"column":3}},"23":{"start":{"line":37,"column":4},"end":{"line":37,"column":21}},"24":{"start":{"line":38,"column":4},"end":{"line":38,"column":23}},"25":{"start":{"line":39,"column":9},"end":{"line":54,"column":3}},"26":{"start":{"line":40,"column":4},"end":{"line":40,"column":21}},"27":{"start":{"line":41,"column":4},"end":{"line":41,"column":23}},"28":{"start":{"line":42,"column":9},"end":{"line":54,"column":3}},"29":{"start":{"line":43,"column":4},"end":{"line":43,"column":21}},"30":{"start":{"line":44,"column":4},"end":{"line":44,"column":23}},"31":{"start":{"line":45,"column":9},"end":{"line":54,"column":3}},"32":{"start":{"line":46,"column":4},"end":{"line":46,"column":21}},"33":{"start":{"line":47,"column":4},"end":{"line":47,"column":23}},"34":{"start":{"line":48,"column":9},"end":{"line":54,"column":3}},"35":{"start":{"line":49,"column":4},"end":{"line":49,"column":21}},"36":{"start":{"line":50,"column":4},"end":{"line":50,"column":23}},"37":{"start":{"line":51,"column":9},"end":{"line":54,"column":3}},"38":{"start":{"line":52,"column":4},"end":{"line":52,"column":21}},"39":{"start":{"line":53,"column":4},"end":{"line":53,"column":23}},"40":{"start":{"line":56,"column":2},"end":{"line":56,"column":43}}},"fnMap":{"0":{"name":"errorHandler","decl":{"start":{"line":1,"column":26},"end":{"line":1,"column":38}},"loc":{"start":{"line":1,"column":60},"end":{"line":57,"column":1}},"line":1}},"branchMap":{"0":{"loc":{"start":{"line":6,"column":2},"end":{"line":54,"column":3}},"type":"if","locations":[{"start":{"line":6,"column":2},"end":{"line":54,"column":3}},{"start":{"line":12,"column":9},"end":{"line":54,"column":3}}],"line":6},"1":{"loc":{"start":{"line":7,"column":4},"end":{"line":8,"column":49}},"type":"binary-expr","locations":[{"start":{"line":7,"column":4},"end":{"line":7,"column":43}},{"start":{"line":8,"column":4},"end":{"line":8,"column":49}}],"line":7},"2":{"loc":{"start":{"line":12,"column":9},"end":{"line":54,"column":3}},"type":"if","locations":[{"start":{"line":12,"column":9},"end":{"line":54,"column":3}},{"start":{"line":21,"column":9},"end":{"line":54,"column":3}}],"line":12},"3":{"loc":{"start":{"line":13,"column":4},"end":{"line":17,"column":39}},"type":"binary-expr","locations":[{"start":{"line":13,"column":4},"end":{"line":13,"column":36}},{"start":{"line":14,"column":4},"end":{"line":14,"column":39}},{"start":{"line":15,"column":4},"end":{"line":15,"column":40}},{"start":{"line":16,"column":4},"end":{"line":16,"column":41}},{"start":{"line":17,"column":4},"end":{"line":17,"column":39}}],"line":13},"4":{"loc":{"start":{"line":21,"column":9},"end":{"line":54,"column":3}},"type":"if","locations":[{"start":{"line":21,"column":9},"end":{"line":54,"column":3}},{"start":{"line":24,"column":9},"end":{"line":54,"column":3}}],"line":21},"5":{"loc":{"start":{"line":24,"column":9},"end":{"line":54,"column":3}},"type":"if","locations":[{"start":{"line":24,"column":9},"end":{"line":54,"column":3}},{"start":{"line":27,"column":9},"end":{"line":54,"column":3}}],"line":24},"6":{"loc":{"start":{"line":24,"column":13},"end":{"line":24,"column":77}},"type":"binary-expr","locations":[{"start":{"line":24,"column":13},"end":{"line":24,"column":45}},{"start":{"line":24,"column":49},"end":{"line":24,"column":77}}],"line":24},"7":{"loc":{"start":{"line":27,"column":9},"end":{"line":54,"column":3}},"type":"if","locations":[{"start":{"line":27,"column":9},"end":{"line":54,"column":3}},{"start":{"line":33,"column":9},"end":{"line":54,"column":3}}],"line":27},"8":{"loc":{"start":{"line":28,"column":4},"end":{"line":29,"column":35}},"type":"binary-expr","locations":[{"start":{"line":28,"column":4},"end":{"line":28,"column":39}},{"start":{"line":29,"column":4},"end":{"line":29,"column":35}}],"line":28},"9":{"loc":{"start":{"line":33,"column":9},"end":{"line":54,"column":3}},"type":"if","locations":[{"start":{"line":33,"column":9},"end":{"line":54,"column":3}},{"start":{"line":36,"column":9},"end":{"line":54,"column":3}}],"line":33},"10":{"loc":{"start":{"line":36,"column":9},"end":{"line":54,"column":3}},"type":"if","locations":[{"start":{"line":36,"column":9},"end":{"line":54,"column":3}},{"start":{"line":39,"column":9},"end":{"line":54,"column":3}}],"line":36},"11":{"loc":{"start":{"line":39,"column":9},"end":{"line":54,"column":3}},"type":"if","locations":[{"start":{"line":39,"column":9},"end":{"line":54,"column":3}},{"start":{"line":42,"column":9},"end":{"line":54,"column":3}}],"line":39},"12":{"loc":{"start":{"line":42,"column":9},"end":{"line":54,"column":3}},"type":"if","locations":[{"start":{"line":42,"column":9},"end":{"line":54,"column":3}},{"start":{"line":45,"column":9},"end":{"line":54,"column":3}}],"line":42},"13":{"loc":{"start":{"line":45,"column":9},"end":{"line":54,"column":3}},"type":"if","locations":[{"start":{"line":45,"column":9},"end":{"line":54,"column":3}},{"start":{"line":48,"column":9},"end":{"line":54,"column":3}}],"line":45},"14":{"loc":{"start":{"line":48,"column":9},"end":{"line":54,"column":3}},"type":"if","locations":[{"start":{"line":48,"column":9},"end":{"line":54,"column":3}},{"start":{"line":51,"column":9},"end":{"line":54,"column":3}}],"line":48},"15":{"loc":{"start":{"line":51,"column":9},"end":{"line":54,"column":3}},"type":"if","locations":[{"start":{"line":51,"column":9},"end":{"line":54,"column":3}},{"start":{},"end":{}}],"line":51}},"s":{"0":2,"1":23,"2":23,"3":23,"4":23,"5":4,"6":4,"7":19,"8":14,"9":14,"10":5,"11":4,"12":4,"13":1,"14":0,"15":0,"16":1,"17":1,"18":1,"19":0,"20":0,"21":0,"22":0,"23":0,"24":0,"25":0,"26":0,"27":0,"28":0,"29":0,"30":0,"31":0,"32":0,"33":0,"34":0,"35":0,"36":0,"37":0,"38":0,"39":0,"40":23},"f":{"0":23},"b":{"0":[4,19],"1":[23,21],"2":[14,5],"3":[19,15,11,9,7],"4":[4,1],"5":[0,1],"6":[1,1],"7":[1,0],"8":[1,0],"9":[0,0],"10":[0,0],"11":[0,0],"12":[0,0],"13":[0,0],"14":[0,0],"15":[0,0]},"_coverageSchema":"1a1c01bbd47fc00a2c39e90264f33305004495a9","hash":"1f10f93d6f19485e66d3273385e4333d81ce0929"}
,"D:\\Hacktiv8\\Phase-3\\Privator\\server-2\\server\\models\\booking.js": {"path":"D:\\Hacktiv8\\Phase-3\\Privator\\server-2\\server\\models\\booking.js","statementMap":{"0":{"start":{"line":2,"column":18},"end":{"line":2,"column":38}},"1":{"start":{"line":3,"column":0},"end":{"line":37,"column":2}},"2":{"start":{"line":12,"column":6},"end":{"line":12,"column":40}},"3":{"start":{"line":13,"column":6},"end":{"line":13,"column":39}},"4":{"start":{"line":14,"column":6},"end":{"line":14,"column":43}},"5":{"start":{"line":17,"column":2},"end":{"line":35,"column":4}},"6":{"start":{"line":36,"column":2},"end":{"line":36,"column":17}}},"fnMap":{"0":{"name":"(anonymous_0)","decl":{"start":{"line":3,"column":17},"end":{"line":3,"column":18}},"loc":{"start":{"line":3,"column":43},"end":{"line":37,"column":1}},"line":3},"1":{"name":"(anonymous_1)","decl":{"start":{"line":10,"column":4},"end":{"line":10,"column":5}},"loc":{"start":{"line":10,"column":29},"end":{"line":15,"column":5}},"line":10}},"branchMap":{},"s":{"0":2,"1":2,"2":2,"3":2,"4":2,"5":2,"6":2},"f":{"0":2,"1":2},"b":{},"_coverageSchema":"1a1c01bbd47fc00a2c39e90264f33305004495a9","hash":"9da8503a7a5460f32c74fbf6672162f5a8aeb1aa"}
,"D:\\Hacktiv8\\Phase-3\\Privator\\server-2\\server\\models\\category.js": {"path":"D:\\Hacktiv8\\Phase-3\\Privator\\server-2\\server\\models\\category.js","statementMap":{"0":{"start":{"line":2,"column":18},"end":{"line":2,"column":38}},"1":{"start":{"line":3,"column":0},"end":{"line":25,"column":2}},"2":{"start":{"line":12,"column":6},"end":{"line":12,"column":38}},"3":{"start":{"line":15,"column":2},"end":{"line":23,"column":4}},"4":{"start":{"line":24,"column":2},"end":{"line":24,"column":18}}},"fnMap":{"0":{"name":"(anonymous_0)","decl":{"start":{"line":3,"column":17},"end":{"line":3,"column":18}},"loc":{"start":{"line":3,"column":43},"end":{"line":25,"column":1}},"line":3},"1":{"name":"(anonymous_1)","decl":{"start":{"line":10,"column":4},"end":{"line":10,"column":5}},"loc":{"start":{"line":10,"column":29},"end":{"line":13,"column":5}},"line":10}},"branchMap":{},"s":{"0":2,"1":2,"2":2,"3":2,"4":2},"f":{"0":2,"1":2},"b":{},"_coverageSchema":"1a1c01bbd47fc00a2c39e90264f33305004495a9","hash":"fb78a42d6d89a51376dd30a845a5c7b323f915ce"}
,"D:\\Hacktiv8\\Phase-3\\Privator\\server-2\\server\\models\\course.js": {"path":"D:\\Hacktiv8\\Phase-3\\Privator\\server-2\\server\\models\\course.js","statementMap":{"0":{"start":{"line":2,"column":18},"end":{"line":2,"column":38}},"1":{"start":{"line":3,"column":0},"end":{"line":85,"column":2}},"2":{"start":{"line":12,"column":6},"end":{"line":12,"column":42}},"3":{"start":{"line":13,"column":6},"end":{"line":13,"column":40}},"4":{"start":{"line":14,"column":6},"end":{"line":14,"column":37}},"5":{"start":{"line":17,"column":2},"end":{"line":83,"column":4}},"6":{"start":{"line":84,"column":2},"end":{"line":84,"column":16}}},"fnMap":{"0":{"name":"(anonymous_0)","decl":{"start":{"line":3,"column":17},"end":{"line":3,"column":18}},"loc":{"start":{"line":3,"column":43},"end":{"line":85,"column":1}},"line":3},"1":{"name":"(anonymous_1)","decl":{"start":{"line":10,"column":4},"end":{"line":10,"column":5}},"loc":{"start":{"line":10,"column":29},"end":{"line":15,"column":5}},"line":10}},"branchMap":{},"s":{"0":2,"1":2,"2":2,"3":2,"4":2,"5":2,"6":2},"f":{"0":2,"1":2},"b":{},"_coverageSchema":"1a1c01bbd47fc00a2c39e90264f33305004495a9","hash":"af9f9d3ef7a353a099f8cba63719b3802c72aaaa"}
,"D:\\Hacktiv8\\Phase-3\\Privator\\server-2\\server\\models\\index.js": {"path":"D:\\Hacktiv8\\Phase-3\\Privator\\server-2\\server\\models\\index.js","statementMap":{"0":{"start":{"line":3,"column":11},"end":{"line":3,"column":24}},"1":{"start":{"line":4,"column":13},"end":{"line":4,"column":28}},"2":{"start":{"line":5,"column":18},"end":{"line":5,"column":38}},"3":{"start":{"line":6,"column":16},"end":{"line":6,"column":34}},"4":{"start":{"line":7,"column":17},"end":{"line":7,"column":42}},"5":{"start":{"line":8,"column":12},"end":{"line":8,"column":49}},"6":{"start":{"line":9,"column":15},"end":{"line":9,"column":65}},"7":{"start":{"line":10,"column":11},"end":{"line":10,"column":13}},"8":{"start":{"line":13,"column":0},"end":{"line":17,"column":1}},"9":{"start":{"line":14,"column":2},"end":{"line":14,"column":74}},"10":{"start":{"line":16,"column":2},"end":{"line":16,"column":87}},"11":{"start":{"line":19,"column":0},"end":{"line":27,"column":5}},"12":{"start":{"line":22,"column":4},"end":{"line":22,"column":90}},"13":{"start":{"line":25,"column":18},"end":{"line":25,"column":85}},"14":{"start":{"line":26,"column":4},"end":{"line":26,"column":27}},"15":{"start":{"line":29,"column":0},"end":{"line":33,"column":3}},"16":{"start":{"line":30,"column":2},"end":{"line":32,"column":3}},"17":{"start":{"line":31,"column":4},"end":{"line":31,"column":32}},"18":{"start":{"line":35,"column":0},"end":{"line":35,"column":25}},"19":{"start":{"line":36,"column":0},"end":{"line":36,"column":25}},"20":{"start":{"line":38,"column":0},"end":{"line":38,"column":20}}},"fnMap":{"0":{"name":"(anonymous_0)","decl":{"start":{"line":21,"column":10},"end":{"line":21,"column":11}},"loc":{"start":{"line":21,"column":18},"end":{"line":23,"column":3}},"line":21},"1":{"name":"(anonymous_1)","decl":{"start":{"line":24,"column":11},"end":{"line":24,"column":12}},"loc":{"start":{"line":24,"column":19},"end":{"line":27,"column":3}},"line":24},"2":{"name":"(anonymous_2)","decl":{"start":{"line":29,"column":24},"end":{"line":29,"column":25}},"loc":{"start":{"line":29,"column":37},"end":{"line":33,"column":1}},"line":29}},"branchMap":{"0":{"loc":{"start":{"line":8,"column":12},"end":{"line":8,"column":49}},"type":"binary-expr","locations":[{"start":{"line":8,"column":12},"end":{"line":8,"column":32}},{"start":{"line":8,"column":36},"end":{"line":8,"column":49}}],"line":8},"1":{"loc":{"start":{"line":13,"column":0},"end":{"line":17,"column":1}},"type":"if","locations":[{"start":{"line":13,"column":0},"end":{"line":17,"column":1}},{"start":{"line":15,"column":7},"end":{"line":17,"column":1}}],"line":13},"2":{"loc":{"start":{"line":22,"column":11},"end":{"line":22,"column":89}},"type":"binary-expr","locations":[{"start":{"line":22,"column":12},"end":{"line":22,"column":35}},{"start":{"line":22,"column":41},"end":{"line":22,"column":58}},{"start":{"line":22,"column":64},"end":{"line":22,"column":88}}],"line":22},"3":{"loc":{"start":{"line":30,"column":2},"end":{"line":32,"column":3}},"type":"if","locations":[{"start":{"line":30,"column":2},"end":{"line":32,"column":3}},{"start":{},"end":{}}],"line":30}},"s":{"0":2,"1":2,"2":2,"3":2,"4":2,"5":2,"6":2,"7":2,"8":2,"9":0,"10":2,"11":2,"12":14,"13":12,"14":12,"15":2,"16":12,"17":12,"18":2,"19":2,"20":2},"f":{"0":14,"1":12,"2":12},"b":{"0":[2,0],"1":[0,2],"2":[14,14,12],"3":[12,0]},"_coverageSchema":"1a1c01bbd47fc00a2c39e90264f33305004495a9","hash":"23499a3ce5e4977558a9457717392f76dac86ca5"}
,"D:\\Hacktiv8\\Phase-3\\Privator\\server-2\\server\\models\\instructor.js": {"path":"D:\\Hacktiv8\\Phase-3\\Privator\\server-2\\server\\models\\instructor.js","statementMap":{"0":{"start":{"line":2,"column":18},"end":{"line":2,"column":38}},"1":{"start":{"line":3,"column":0},"end":{"line":84,"column":2}},"2":{"start":{"line":12,"column":6},"end":{"line":12,"column":40}},"3":{"start":{"line":13,"column":6},"end":{"line":13,"column":42}},"4":{"start":{"line":14,"column":6},"end":{"line":14,"column":41}},"5":{"start":{"line":17,"column":2},"end":{"line":82,"column":4}},"6":{"start":{"line":83,"column":2},"end":{"line":83,"column":20}}},"fnMap":{"0":{"name":"(anonymous_0)","decl":{"start":{"line":3,"column":17},"end":{"line":3,"column":18}},"loc":{"start":{"line":3,"column":43},"end":{"line":84,"column":1}},"line":3},"1":{"name":"(anonymous_1)","decl":{"start":{"line":10,"column":4},"end":{"line":10,"column":5}},"loc":{"start":{"line":10,"column":29},"end":{"line":15,"column":5}},"line":10}},"branchMap":{},"s":{"0":2,"1":2,"2":2,"3":2,"4":2,"5":2,"6":2},"f":{"0":2,"1":2},"b":{},"_coverageSchema":"1a1c01bbd47fc00a2c39e90264f33305004495a9","hash":"cafbf8d1e06e1ff082425cad377bb4051913d068"}
,"D:\\Hacktiv8\\Phase-3\\Privator\\server-2\\server\\models\\schedule.js": {"path":"D:\\Hacktiv8\\Phase-3\\Privator\\server-2\\server\\models\\schedule.js","statementMap":{"0":{"start":{"line":2,"column":18},"end":{"line":2,"column":38}},"1":{"start":{"line":3,"column":0},"end":{"line":31,"column":2}},"2":{"start":{"line":12,"column":6},"end":{"line":12,"column":44}},"3":{"start":{"line":13,"column":6},"end":{"line":13,"column":41}},"4":{"start":{"line":16,"column":2},"end":{"line":29,"column":4}},"5":{"start":{"line":30,"column":2},"end":{"line":30,"column":18}}},"fnMap":{"0":{"name":"(anonymous_0)","decl":{"start":{"line":3,"column":17},"end":{"line":3,"column":18}},"loc":{"start":{"line":3,"column":43},"end":{"line":31,"column":1}},"line":3},"1":{"name":"(anonymous_1)","decl":{"start":{"line":10,"column":4},"end":{"line":10,"column":5}},"loc":{"start":{"line":10,"column":29},"end":{"line":14,"column":5}},"line":10}},"branchMap":{},"s":{"0":2,"1":2,"2":2,"3":2,"4":2,"5":2},"f":{"0":2,"1":2},"b":{},"_coverageSchema":"1a1c01bbd47fc00a2c39e90264f33305004495a9","hash":"82eff3706d1d74a06cc58c86f450d98e8befc8c8"}
,"D:\\Hacktiv8\\Phase-3\\Privator\\server-2\\server\\models\\student.js": {"path":"D:\\Hacktiv8\\Phase-3\\Privator\\server-2\\server\\models\\student.js","statementMap":{"0":{"start":{"line":2,"column":18},"end":{"line":2,"column":38}},"1":{"start":{"line":3,"column":0},"end":{"line":83,"column":2}},"2":{"start":{"line":12,"column":6},"end":{"line":12,"column":38}},"3":{"start":{"line":13,"column":6},"end":{"line":13,"column":39}},"4":{"start":{"line":16,"column":2},"end":{"line":81,"column":4}},"5":{"start":{"line":82,"column":2},"end":{"line":82,"column":17}}},"fnMap":{"0":{"name":"(anonymous_0)","decl":{"start":{"line":3,"column":17},"end":{"line":3,"column":18}},"loc":{"start":{"line":3,"column":43},"end":{"line":83,"column":1}},"line":3},"1":{"name":"(anonymous_1)","decl":{"start":{"line":10,"column":4},"end":{"line":10,"column":5}},"loc":{"start":{"line":10,"column":29},"end":{"line":14,"column":5}},"line":10}},"branchMap":{},"s":{"0":2,"1":2,"2":2,"3":2,"4":2,"5":2},"f":{"0":2,"1":2},"b":{},"_coverageSchema":"1a1c01bbd47fc00a2c39e90264f33305004495a9","hash":"585749bccb60eb68ff35d67ddb10c3527af39a60"}
,"D:\\Hacktiv8\\Phase-3\\Privator\\server-2\\server\\routers\\bookingRouter.js": {"path":"D:\\Hacktiv8\\Phase-3\\Privator\\server-2\\server\\routers\\bookingRouter.js","statementMap":{"0":{"start":{"line":1,"column":16},"end":{"line":1,"column":34}},"1":{"start":{"line":2,"column":15},"end":{"line":2,"column":31}},"2":{"start":{"line":3,"column":26},"end":{"line":3,"column":69}},"3":{"start":{"line":8,"column":4},"end":{"line":8,"column":44}},"4":{"start":{"line":10,"column":0},"end":{"line":10,"column":73}},"5":{"start":{"line":11,"column":0},"end":{"line":15,"column":2}},"6":{"start":{"line":16,"column":0},"end":{"line":20,"column":2}},"7":{"start":{"line":21,"column":0},"end":{"line":21,"column":75}},"8":{"start":{"line":23,"column":0},"end":{"line":23,"column":24}}},"fnMap":{},"branchMap":{},"s":{"0":2,"1":2,"2":2,"3":2,"4":2,"5":2,"6":2,"7":2,"8":2},"f":{},"b":{},"_coverageSchema":"1a1c01bbd47fc00a2c39e90264f33305004495a9","hash":"0af905f8e24cd82c1b63afe1e646c19b3357c134"}
,"D:\\Hacktiv8\\Phase-3\\Privator\\server-2\\server\\routers\\courseRouter.js": {"path":"D:\\Hacktiv8\\Phase-3\\Privator\\server-2\\server\\routers\\courseRouter.js","statementMap":{"0":{"start":{"line":1,"column":16},"end":{"line":1,"column":34}},"1":{"start":{"line":2,"column":15},"end":{"line":2,"column":31}},"2":{"start":{"line":3,"column":25},"end":{"line":3,"column":67}},"3":{"start":{"line":7,"column":4},"end":{"line":7,"column":44}},"4":{"start":{"line":9,"column":15},"end":{"line":9,"column":32}},"5":{"start":{"line":10,"column":20},"end":{"line":10,"column":50}},"6":{"start":{"line":11,"column":15},"end":{"line":11,"column":34}},"7":{"start":{"line":13,"column":0},"end":{"line":13,"column":48}},"8":{"start":{"line":14,"column":0},"end":{"line":19,"column":2}},"9":{"start":{"line":20,"column":0},"end":{"line":20,"column":61}},"10":{"start":{"line":21,"column":0},"end":{"line":21,"column":50}},"11":{"start":{"line":22,"column":0},"end":{"line":22,"column":63}},"12":{"start":{"line":24,"column":0},"end":{"line":24,"column":24}}},"fnMap":{},"branchMap":{},"s":{"0":2,"1":2,"2":2,"3":2,"4":2,"5":2,"6":2,"7":2,"8":2,"9":2,"10":2,"11":2,"12":2},"f":{},"b":{},"_coverageSchema":"1a1c01bbd47fc00a2c39e90264f33305004495a9","hash":"688b61894b22b6fb622a906b1a83576bcc3aa53f"}
,"D:\\Hacktiv8\\Phase-3\\Privator\\server-2\\server\\routers\\index.js": {"path":"D:\\Hacktiv8\\Phase-3\\Privator\\server-2\\server\\routers\\index.js","statementMap":{"0":{"start":{"line":1,"column":16},"end":{"line":1,"column":34}},"1":{"start":{"line":2,"column":15},"end":{"line":2,"column":31}},"2":{"start":{"line":3,"column":22},"end":{"line":3,"column":48}},"3":{"start":{"line":4,"column":25},"end":{"line":4,"column":54}},"4":{"start":{"line":5,"column":21},"end":{"line":5,"column":46}},"5":{"start":{"line":6,"column":22},"end":{"line":6,"column":48}},"6":{"start":{"line":7,"column":23},"end":{"line":7,"column":50}},"7":{"start":{"line":9,"column":0},"end":{"line":9,"column":38}},"8":{"start":{"line":10,"column":0},"end":{"line":10,"column":44}},"9":{"start":{"line":11,"column":0},"end":{"line":11,"column":36}},"10":{"start":{"line":12,"column":0},"end":{"line":12,"column":38}},"11":{"start":{"line":13,"column":0},"end":{"line":13,"column":40}},"12":{"start":{"line":15,"column":0},"end":{"line":15,"column":24}}},"fnMap":{},"branchMap":{},"s":{"0":2,"1":2,"2":2,"3":2,"4":2,"5":2,"6":2,"7":2,"8":2,"9":2,"10":2,"11":2,"12":2},"f":{},"b":{},"_coverageSchema":"1a1c01bbd47fc00a2c39e90264f33305004495a9","hash":"248e5470813d85026d8e1857ff8ec4da15043b88"}
,"D:\\Hacktiv8\\Phase-3\\Privator\\server-2\\server\\routers\\instructorRouter.js": {"path":"D:\\Hacktiv8\\Phase-3\\Privator\\server-2\\server\\routers\\instructorRouter.js","statementMap":{"0":{"start":{"line":1,"column":16},"end":{"line":1,"column":34}},"1":{"start":{"line":2,"column":15},"end":{"line":2,"column":31}},"2":{"start":{"line":3,"column":29},"end":{"line":3,"column":75}},"3":{"start":{"line":6,"column":15},"end":{"line":6,"column":32}},"4":{"start":{"line":7,"column":20},"end":{"line":7,"column":50}},"5":{"start":{"line":8,"column":15},"end":{"line":8,"column":34}},"6":{"start":{"line":10,"column":0},"end":{"line":10,"column":56}},"7":{"start":{"line":11,"column":0},"end":{"line":11,"column":80}},"8":{"start":{"line":12,"column":0},"end":{"line":12,"column":50}},"9":{"start":{"line":13,"column":0},"end":{"line":13,"column":58}},"10":{"start":{"line":15,"column":0},"end":{"line":15,"column":24}}},"fnMap":{},"branchMap":{},"s":{"0":2,"1":2,"2":2,"3":2,"4":2,"5":2,"6":2,"7":2,"8":2,"9":2,"10":2},"f":{},"b":{},"_coverageSchema":"1a1c01bbd47fc00a2c39e90264f33305004495a9","hash":"c72ca23406f81ac405b403aa1d850a0ef2351b7e"}
,"D:\\Hacktiv8\\Phase-3\\Privator\\server-2\\server\\routers\\scheduleRouter.js": {"path":"D:\\Hacktiv8\\Phase-3\\Privator\\server-2\\server\\routers\\scheduleRouter.js","statementMap":{"0":{"start":{"line":1,"column":16},"end":{"line":1,"column":34}},"1":{"start":{"line":2,"column":15},"end":{"line":2,"column":31}},"2":{"start":{"line":3,"column":27},"end":{"line":3,"column":71}},"3":{"start":{"line":5,"column":37},"end":{"line":5,"column":77}},"4":{"start":{"line":7,"column":0},"end":{"line":7,"column":78}},"5":{"start":{"line":8,"column":0},"end":{"line":12,"column":2}},"6":{"start":{"line":14,"column":0},"end":{"line":14,"column":24}}},"fnMap":{},"branchMap":{},"s":{"0":2,"1":2,"2":2,"3":2,"4":2,"5":2,"6":2},"f":{},"b":{},"_coverageSchema":"1a1c01bbd47fc00a2c39e90264f33305004495a9","hash":"8c93d6065ffee456fe955d03a5211ebbee997857"}
,"D:\\Hacktiv8\\Phase-3\\Privator\\server-2\\server\\routers\\studentRouter.js": {"path":"D:\\Hacktiv8\\Phase-3\\Privator\\server-2\\server\\routers\\studentRouter.js","statementMap":{"0":{"start":{"line":1,"column":16},"end":{"line":1,"column":34}},"1":{"start":{"line":2,"column":15},"end":{"line":2,"column":31}},"2":{"start":{"line":3,"column":26},"end":{"line":3,"column":69}},"3":{"start":{"line":6,"column":15},"end":{"line":6,"column":32}},"4":{"start":{"line":7,"column":20},"end":{"line":7,"column":50}},"5":{"start":{"line":8,"column":15},"end":{"line":8,"column":34}},"6":{"start":{"line":10,"column":0},"end":{"line":10,"column":77}},"7":{"start":{"line":11,"column":0},"end":{"line":11,"column":47}},"8":{"start":{"line":13,"column":0},"end":{"line":13,"column":24}}},"fnMap":{},"branchMap":{},"s":{"0":2,"1":2,"2":2,"3":2,"4":2,"5":2,"6":2,"7":2,"8":2},"f":{},"b":{},"_coverageSchema":"1a1c01bbd47fc00a2c39e90264f33305004495a9","hash":"b5242ad97f156e4660094644fe9eebb175721fb3"}
}
