TN:
SF:app.js
FNF:0
FNH:0
DA:1,2
DA:2,2
DA:4,2
DA:5,2
DA:6,2
DA:7,2
DA:9,2
DA:10,2
DA:12,2
DA:13,2
DA:14,2
DA:16,2
DA:18,2
DA:24,2
LF:14
LH:14
BRDA:1,0,0,2
BRDA:1,0,1,0
BRDA:7,1,0,2
BRDA:7,1,1,2
BRF:4
BRH:3
end_of_record
TN:
SF:cloudinary\index.js
FNF:0
FNH:0
DA:1,2
DA:2,2
DA:4,2
DA:10,2
DA:16,2
LF:5
LH:5
BRF:0
BRH:0
end_of_record
TN:
SF:controllers\bookingController.js
FN:12,(anonymous_0)
FN:38,(anonymous_1)
FN:61,(anonymous_2)
FN:82,(anonymous_3)
FNF:4
FNH:0
FNDA:0,(anonymous_0)
FNDA:0,(anonymous_1)
FNDA:0,(anonymous_2)
FNDA:0,(anonymous_3)
DA:8,2
DA:13,0
DA:14,0
DA:31,0
DA:33,0
DA:39,0
DA:40,0
DA:54,0
DA:56,0
DA:62,0
DA:63,0
DA:64,0
DA:66,0
DA:68,0
DA:75,0
DA:77,0
DA:83,0
DA:84,0
DA:85,0
DA:87,0
DA:93,0
DA:95,0
DA:96,0
DA:97,0
DA:101,0
DA:103,0
DA:105,0
DA:117,0
DA:124,0
DA:126,0
DA:127,0
DA:129,0
DA:130,0
DA:135,2
LF:34
LH:2
BRDA:66,0,0,0
BRDA:66,0,1,0
BRDA:93,1,0,0
BRDA:93,1,1,0
BRDA:96,2,0,0
BRDA:96,2,1,0
BRDA:101,3,0,0
BRDA:101,3,1,0
BRDA:103,4,0,0
BRDA:103,4,1,0
BRF:10
BRH:0
end_of_record
TN:
SF:controllers\courseController.js
FN:12,(anonymous_0)
FN:43,(anonymous_1)
FN:76,(anonymous_2)
FN:88,(anonymous_3)
FN:124,(anonymous_4)
FNF:5
FNH:0
FNDA:0,(anonymous_0)
FNDA:0,(anonymous_1)
FNDA:0,(anonymous_2)
FNDA:0,(anonymous_3)
FNDA:0,(anonymous_4)
DA:8,2
DA:13,0
DA:14,0
DA:36,0
DA:38,0
DA:44,0
DA:45,0
DA:68,0
DA:69,0
DA:71,0
DA:77,0
DA:78,0
DA:81,0
DA:83,0
DA:89,0
DA:90,0
DA:116,0
DA:117,0
DA:119,0
DA:125,0
DA:126,0
DA:141,0
DA:142,0
DA:145,0
DA:156,0
DA:158,0
DA:163,2
LF:27
LH:2
BRDA:68,0,0,0
BRDA:68,0,1,0
BRDA:116,1,0,0
BRDA:116,1,1,0
BRDA:141,2,0,0
BRDA:141,2,1,0
BRDA:141,3,0,0
BRDA:141,3,1,0
BRDA:141,3,2,0
BRDA:141,3,3,0
BRDA:141,3,4,0
BRDA:141,3,5,0
BRF:12
BRH:0
end_of_record
TN:
SF:controllers\instructorController.js
FN:19,(anonymous_0)
FN:55,(anonymous_1)
FN:93,(anonymous_2)
FN:129,(anonymous_3)
FNF:4
FNH:4
FNDA:8,(anonymous_0)
FNDA:5,(anonymous_1)
FNDA:2,(anonymous_2)
FNDA:2,(anonymous_3)
DA:8,2
DA:9,2
DA:10,2
DA:13,2
DA:14,2
DA:15,2
DA:20,8
DA:21,8
DA:22,7
DA:23,6
DA:24,5
DA:25,4
DA:27,3
DA:34,3
DA:47,3
DA:48,1
DA:50,7
DA:56,5
DA:57,5
DA:58,4
DA:60,3
DA:66,3
DA:68,2
DA:73,2
DA:75,1
DA:79,1
DA:81,1
DA:88,4
DA:94,2
DA:95,2
DA:122,2
DA:124,0
DA:130,2
DA:131,2
DA:175,2
DA:176,1
DA:178,1
DA:183,2
LF:38
LH:37
BRDA:21,0,0,1
BRDA:21,0,1,7
BRDA:22,1,0,1
BRDA:22,1,1,6
BRDA:23,2,0,1
BRDA:23,2,1,5
BRDA:24,3,0,1
BRDA:24,3,1,4
BRDA:25,4,0,1
BRDA:25,4,1,3
BRDA:57,5,0,1
BRDA:57,5,1,4
BRDA:58,6,0,1
BRDA:58,6,1,3
BRDA:66,7,0,1
BRDA:66,7,1,2
BRDA:73,8,0,1
BRDA:73,8,1,1
BRDA:175,9,0,1
BRDA:175,9,1,1
BRF:20
BRH:20
end_of_record
TN:
SF:controllers\scheduleController.js
FN:12,(anonymous_0)
FN:34,(anonymous_1)
FNF:2
FNH:0
FNDA:0,(anonymous_0)
FNDA:0,(anonymous_1)
DA:8,2
DA:13,0
DA:14,0
DA:27,0
DA:29,0
DA:35,0
DA:36,0
DA:37,0
DA:39,0
DA:41,0
DA:48,0
DA:61,0
DA:62,0
DA:64,0
DA:65,0
DA:70,2
LF:16
LH:2
BRDA:39,0,0,0
BRDA:39,0,1,0
BRF:2
BRH:0
end_of_record
TN:
SF:controllers\studentController.js
FN:12,(anonymous_0)
FN:48,(anonymous_1)
FNF:2
FNH:2
FNDA:8,(anonymous_0)
FNDA:5,(anonymous_1)
DA:1,2
DA:2,2
DA:3,2
DA:6,2
DA:7,2
DA:8,2
DA:13,8
DA:14,8
DA:15,7
DA:16,6
DA:17,5
DA:18,4
DA:20,3
DA:27,3
DA:40,3
DA:41,1
DA:43,7
DA:49,5
DA:50,5
DA:51,4
DA:53,3
DA:59,3
DA:61,2
DA:66,2
DA:68,1
DA:72,1
DA:74,1
DA:81,4
DA:86,2
LF:29
LH:29
BRDA:14,0,0,1
BRDA:14,0,1,7
BRDA:15,1,0,1
BRDA:15,1,1,6
BRDA:16,2,0,1
BRDA:16,2,1,5
BRDA:17,3,0,1
BRDA:17,3,1,4
BRDA:18,4,0,1
BRDA:18,4,1,3
BRDA:50,5,0,1
BRDA:50,5,1,4
BRDA:51,6,0,1
BRDA:51,6,1,3
BRDA:59,7,0,1
BRDA:59,7,1,2
BRDA:66,8,0,1
BRDA:66,8,1,1
BRF:18
BRH:18
end_of_record
TN:
SF:helpers\bcrypt.js
FN:2,(anonymous_0)
FN:3,(anonymous_1)
FNF:2
FNH:2
FNDA:6,(anonymous_0)
FNDA:4,(anonymous_1)
DA:1,2
DA:2,6
DA:3,4
DA:7,2
LF:4
LH:4
BRF:0
BRH:0
end_of_record
TN:
SF:helpers\jwt.js
FN:4,(anonymous_0)
FN:8,(anonymous_1)
FNF:2
FNH:1
FNDA:2,(anonymous_0)
FNDA:0,(anonymous_1)
DA:1,2
DA:2,2
DA:4,2
DA:5,2
DA:8,2
DA:9,0
DA:12,2
LF:7
LH:6
BRF:0
BRH:0
end_of_record
TN:
SF:middlewares\authentication.js
FN:5,(anonymous_0)
FN:24,(anonymous_1)
FNF:2
FNH:0
FNDA:0,(anonymous_0)
FNDA:0,(anonymous_1)
DA:1,2
DA:2,2
DA:5,2
DA:6,0
DA:7,0
DA:8,0
DA:10,0
DA:12,0
DA:14,0
DA:16,0
DA:17,0
DA:19,0
DA:24,2
DA:25,0
DA:26,0
DA:28,0
DA:30,0
DA:32,0
DA:34,0
DA:36,0
DA:37,0
DA:39,0
DA:43,2
LF:23
LH:5
BRDA:8,0,0,0
BRDA:8,0,1,0
BRDA:14,1,0,0
BRDA:14,1,1,0
BRDA:28,2,0,0
BRDA:28,2,1,0
BRDA:34,3,0,0
BRDA:34,3,1,0
BRF:8
BRH:0
end_of_record
TN:
SF:middlewares\errorHandler.js
FN:1,errorHandler
FNF:1
FNH:1
FNDA:23,errorHandler
DA:1,2
DA:2,23
DA:3,23
DA:4,23
DA:6,23
DA:10,4
DA:11,4
DA:12,19
DA:19,14
DA:20,14
DA:21,5
DA:22,4
DA:23,4
DA:24,1
DA:25,0
DA:26,0
DA:27,1
DA:31,1
DA:32,1
DA:33,0
DA:34,0
DA:35,0
DA:36,0
DA:37,0
DA:38,0
DA:39,0
DA:40,0
DA:41,0
DA:42,0
DA:43,0
DA:44,0
DA:45,0
DA:46,0
DA:47,0
DA:48,0
DA:49,0
DA:50,0
DA:51,0
DA:52,0
DA:53,0
DA:56,23
LF:41
LH:18
BRDA:6,0,0,4
BRDA:6,0,1,19
BRDA:7,1,0,23
BRDA:7,1,1,21
BRDA:12,2,0,14
BRDA:12,2,1,5
BRDA:13,3,0,19
BRDA:13,3,1,15
BRDA:13,3,2,11
BRDA:13,3,3,9
BRDA:13,3,4,7
BRDA:21,4,0,4
BRDA:21,4,1,1
BRDA:24,5,0,0
BRDA:24,5,1,1
BRDA:24,6,0,1
BRDA:24,6,1,1
BRDA:27,7,0,1
BRDA:27,7,1,0
BRDA:28,8,0,1
BRDA:28,8,1,0
BRDA:33,9,0,0
BRDA:33,9,1,0
BRDA:36,10,0,0
BRDA:36,10,1,0
BRDA:39,11,0,0
BRDA:39,11,1,0
BRDA:42,12,0,0
BRDA:42,12,1,0
BRDA:45,13,0,0
BRDA:45,13,1,0
BRDA:48,14,0,0
BRDA:48,14,1,0
BRDA:51,15,0,0
BRDA:51,15,1,0
BRF:35
BRH:18
end_of_record
TN:
SF:models\booking.js
FN:3,(anonymous_0)
FN:10,(anonymous_1)
FNF:2
FNH:2
FNDA:2,(anonymous_0)
FNDA:2,(anonymous_1)
DA:2,2
DA:3,2
DA:12,2
DA:13,2
DA:14,2
DA:17,2
DA:36,2
LF:7
LH:7
BRF:0
BRH:0
end_of_record
TN:
SF:models\category.js
FN:3,(anonymous_0)
FN:10,(anonymous_1)
FNF:2
FNH:2
FNDA:2,(anonymous_0)
FNDA:2,(anonymous_1)
DA:2,2
DA:3,2
DA:12,2
DA:15,2
DA:24,2
LF:5
LH:5
BRF:0
BRH:0
end_of_record
TN:
SF:models\course.js
FN:3,(anonymous_0)
FN:10,(anonymous_1)
FNF:2
FNH:2
FNDA:2,(anonymous_0)
FNDA:2,(anonymous_1)
DA:2,2
DA:3,2
DA:12,2
DA:13,2
DA:14,2
DA:17,2
DA:84,2
LF:7
LH:7
BRF:0
BRH:0
end_of_record
TN:
SF:models\index.js
FN:21,(anonymous_0)
FN:24,(anonymous_1)
FN:29,(anonymous_2)
FNF:3
FNH:3
FNDA:14,(anonymous_0)
FNDA:12,(anonymous_1)
FNDA:12,(anonymous_2)
DA:3,2
DA:4,2
DA:5,2
DA:6,2
DA:7,2
DA:8,2
DA:9,2
DA:10,2
DA:13,2
DA:14,0
DA:16,2
DA:19,2
DA:22,14
DA:25,12
DA:26,12
DA:29,2
DA:30,12
DA:31,12
DA:35,2
DA:36,2
DA:38,2
LF:21
LH:20
BRDA:8,0,0,2
BRDA:8,0,1,0
BRDA:13,1,0,0
BRDA:13,1,1,2
BRDA:22,2,0,14
BRDA:22,2,1,14
BRDA:22,2,2,12
BRDA:30,3,0,12
BRDA:30,3,1,0
BRF:9
BRH:6
end_of_record
TN:
SF:models\instructor.js
FN:3,(anonymous_0)
FN:10,(anonymous_1)
FNF:2
FNH:2
FNDA:2,(anonymous_0)
FNDA:2,(anonymous_1)
DA:2,2
DA:3,2
DA:12,2
DA:13,2
DA:14,2
DA:17,2
DA:83,2
LF:7
LH:7
BRF:0
BRH:0
end_of_record
TN:
SF:models\schedule.js
FN:3,(anonymous_0)
FN:10,(anonymous_1)
FNF:2
FNH:2
FNDA:2,(anonymous_0)
FNDA:2,(anonymous_1)
DA:2,2
DA:3,2
DA:12,2
DA:13,2
DA:16,2
DA:30,2
LF:6
LH:6
BRF:0
BRH:0
end_of_record
TN:
SF:models\student.js
FN:3,(anonymous_0)
FN:10,(anonymous_1)
FNF:2
FNH:2
FNDA:2,(anonymous_0)
FNDA:2,(anonymous_1)
DA:2,2
DA:3,2
DA:12,2
DA:13,2
DA:16,2
DA:82,2
LF:6
LH:6
BRF:0
BRH:0
end_of_record
TN:
SF:routers\bookingRouter.js
FNF:0
FNH:0
DA:1,2
DA:2,2
DA:3,2
DA:8,2
DA:10,2
DA:11,2
DA:16,2
DA:21,2
DA:23,2
LF:9
LH:9
BRF:0
BRH:0
end_of_record
TN:
SF:routers\courseRouter.js
FNF:0
FNH:0
DA:1,2
DA:2,2
DA:3,2
DA:7,2
DA:9,2
DA:10,2
DA:11,2
DA:13,2
DA:14,2
DA:20,2
DA:21,2
DA:22,2
DA:24,2
LF:13
LH:13
BRF:0
BRH:0
end_of_record
TN:
SF:routers\index.js
FNF:0
FNH:0
DA:1,2
DA:2,2
DA:3,2
DA:4,2
DA:5,2
DA:6,2
DA:7,2
DA:9,2
DA:10,2
DA:11,2
DA:12,2
DA:13,2
DA:15,2
LF:13
LH:13
BRF:0
BRH:0
end_of_record
TN:
SF:routers\instructorRouter.js
FNF:0
FNH:0
DA:1,2
DA:2,2
DA:3,2
DA:6,2
DA:7,2
DA:8,2
DA:10,2
DA:11,2
DA:12,2
DA:13,2
DA:15,2
LF:11
LH:11
BRF:0
BRH:0
end_of_record
TN:
SF:routers\scheduleRouter.js
FNF:0
FNH:0
DA:1,2
DA:2,2
DA:3,2
DA:5,2
DA:7,2
DA:8,2
DA:14,2
LF:7
LH:7
BRF:0
BRH:0
end_of_record
TN:
SF:routers\studentRouter.js
FNF:0
FNH:0
DA:1,2
DA:2,2
DA:3,2
DA:6,2
DA:7,2
DA:8,2
DA:10,2
DA:11,2
DA:13,2
LF:9
LH:9
BRF:0
BRH:0
end_of_record
