TN:
SF:app.js
FNF:0
FNH:0
DA:1,5
DA:2,5
DA:4,5
DA:5,5
DA:6,5
DA:7,5
DA:9,5
DA:10,5
DA:12,5
DA:13,5
DA:14,5
DA:16,5
DA:18,5
DA:24,5
LF:14
LH:14
BRDA:1,0,0,5
BRDA:1,0,1,0
BRDA:7,1,0,5
BRDA:7,1,1,5
BRF:4
BRH:3
end_of_record
TN:
SF:cloudinary\index.js
FNF:0
FNH:0
DA:1,5
DA:2,5
DA:4,5
DA:10,5
DA:16,5
LF:5
LH:5
BRF:0
BRH:0
end_of_record
TN:
SF:controllers\bookingController.js
FN:13,(anonymous_0)
FN:39,(anonymous_1)
FN:66,(anonymous_2)
FN:87,(anonymous_3)
FNF:4
FNH:4
FNDA:1,(anonymous_0)
FNDA:2,(anonymous_1)
FNDA:2,(anonymous_2)
FNDA:1,(anonymous_3)
DA:9,5
DA:14,1
DA:15,1
DA:32,1
DA:34,0
DA:40,2
DA:41,2
DA:55,2
DA:56,1
DA:59,1
DA:61,1
DA:67,2
DA:68,2
DA:69,2
DA:71,2
DA:73,1
DA:80,1
DA:82,1
DA:88,1
DA:89,1
DA:90,1
DA:92,1
DA:98,1
DA:100,1
DA:101,0
DA:102,0
DA:106,1
DA:108,1
DA:110,1
DA:122,1
DA:129,1
DA:131,1
DA:132,1
DA:134,0
DA:135,0
DA:140,5
LF:36
LH:31
BRDA:55,0,0,1
BRDA:55,0,1,1
BRDA:71,1,0,1
BRDA:71,1,1,1
BRDA:98,2,0,0
BRDA:98,2,1,1
BRDA:101,3,0,0
BRDA:101,3,1,0
BRDA:106,4,0,0
BRDA:106,4,1,1
BRDA:108,5,0,0
BRDA:108,5,1,1
BRF:12
BRH:7
end_of_record
TN:
SF:controllers\courseController.js
FN:12,(anonymous_0)
FN:43,(anonymous_1)
FN:76,(anonymous_2)
FN:88,(anonymous_3)
FN:124,(anonymous_4)
FNF:5
FNH:5
FNDA:1,(anonymous_0)
FNDA:2,(anonymous_1)
FNDA:1,(anonymous_2)
FNDA:2,(anonymous_3)
FNDA:2,(anonymous_4)
DA:8,5
DA:13,1
DA:14,1
DA:36,1
DA:38,0
DA:44,2
DA:45,2
DA:68,2
DA:69,1
DA:71,1
DA:77,1
DA:78,1
DA:81,1
DA:83,0
DA:89,2
DA:90,2
DA:116,2
DA:117,1
DA:119,1
DA:125,2
DA:126,2
DA:127,2
DA:128,1
DA:131,1
DA:142,1
DA:144,1
DA:149,5
LF:27
LH:25
BRDA:68,0,0,1
BRDA:68,0,1,1
BRDA:116,1,0,1
BRDA:116,1,1,1
BRDA:127,2,0,1
BRDA:127,2,1,1
BRDA:127,3,0,2
BRDA:127,3,1,2
BRDA:127,3,2,1
BRDA:127,3,3,1
BRDA:127,3,4,1
BRDA:127,3,5,1
BRF:12
BRH:12
end_of_record
TN:
SF:controllers\instructorController.js
FN:19,(anonymous_0)
FN:55,(anonymous_1)
FN:93,(anonymous_2)
FN:129,(anonymous_3)
FNF:4
FNH:4
FNDA:9,(anonymous_0)
FNDA:8,(anonymous_1)
FNDA:2,(anonymous_2)
FNDA:2,(anonymous_3)
DA:8,5
DA:9,5
DA:10,5
DA:13,5
DA:14,5
DA:15,5
DA:20,9
DA:21,9
DA:22,8
DA:23,7
DA:24,6
DA:25,5
DA:27,4
DA:34,4
DA:47,4
DA:48,2
DA:50,7
DA:56,8
DA:57,8
DA:58,7
DA:60,6
DA:66,6
DA:68,5
DA:73,5
DA:75,4
DA:79,4
DA:81,4
DA:88,4
DA:94,2
DA:95,2
DA:122,2
DA:124,0
DA:130,2
DA:131,2
DA:175,2
DA:176,1
DA:178,1
DA:183,5
LF:38
LH:37
BRDA:21,0,0,1
BRDA:21,0,1,8
BRDA:22,1,0,1
BRDA:22,1,1,7
BRDA:23,2,0,1
BRDA:23,2,1,6
BRDA:24,3,0,1
BRDA:24,3,1,5
BRDA:25,4,0,1
BRDA:25,4,1,4
BRDA:57,5,0,1
BRDA:57,5,1,7
BRDA:58,6,0,1
BRDA:58,6,1,6
BRDA:66,7,0,1
BRDA:66,7,1,5
BRDA:73,8,0,1
BRDA:73,8,1,4
BRDA:175,9,0,1
BRDA:175,9,1,1
BRF:20
BRH:20
end_of_record
TN:
SF:controllers\scheduleController.js
FN:13,(anonymous_0)
FN:36,(anonymous_1)
FNF:2
FNH:2
FNDA:1,(anonymous_0)
FNDA:2,(anonymous_1)
DA:9,5
DA:14,1
DA:15,1
DA:28,1
DA:31,0
DA:37,2
DA:38,2
DA:39,2
DA:41,2
DA:43,1
DA:50,1
DA:63,1
DA:64,1
DA:66,1
DA:67,1
DA:72,5
LF:16
LH:15
BRDA:41,0,0,1
BRDA:41,0,1,1
BRF:2
BRH:2
end_of_record
TN:
SF:controllers\studentController.js
FN:12,(anonymous_0)
FN:48,(anonymous_1)
FNF:2
FNH:2
FNDA:8,(anonymous_0)
FNDA:6,(anonymous_1)
DA:1,5
DA:2,5
DA:3,5
DA:6,5
DA:7,5
DA:8,5
DA:13,8
DA:14,8
DA:15,7
DA:16,6
DA:17,5
DA:18,4
DA:20,3
DA:27,3
DA:40,3
DA:41,1
DA:43,7
DA:49,6
DA:50,6
DA:51,5
DA:53,4
DA:59,4
DA:61,3
DA:66,3
DA:68,2
DA:72,2
DA:74,2
DA:81,4
DA:86,5
LF:29
LH:29
BRDA:14,0,0,1
BRDA:14,0,1,7
BRDA:15,1,0,1
BRDA:15,1,1,6
BRDA:16,2,0,1
BRDA:16,2,1,5
BRDA:17,3,0,1
BRDA:17,3,1,4
BRDA:18,4,0,1
BRDA:18,4,1,3
BRDA:50,5,0,1
BRDA:50,5,1,5
BRDA:51,6,0,1
BRDA:51,6,1,4
BRDA:59,7,0,1
BRDA:59,7,1,3
BRDA:66,8,0,1
BRDA:66,8,1,2
BRF:18
BRH:18
end_of_record
TN:
SF:helpers\bcrypt.js
FN:2,(anonymous_0)
FN:3,(anonymous_1)
FNF:2
FNH:2
FNDA:7,(anonymous_0)
FNDA:8,(anonymous_1)
DA:1,5
DA:2,7
DA:3,8
DA:7,5
LF:4
LH:4
BRF:0
BRH:0
end_of_record
TN:
SF:helpers\jwt.js
FN:4,(anonymous_0)
FN:8,(anonymous_1)
FNF:2
FNH:2
FNDA:6,(anonymous_0)
FNDA:17,(anonymous_1)
DA:1,5
DA:2,5
DA:4,5
DA:5,6
DA:8,5
DA:9,17
DA:12,5
LF:7
LH:7
BRF:0
BRH:0
end_of_record
TN:
SF:middlewares\authentication.js
FN:5,(anonymous_0)
FN:24,(anonymous_1)
FNF:2
FNH:2
FNDA:10,(anonymous_0)
FNDA:11,(anonymous_1)
DA:1,5
DA:2,5
DA:5,5
DA:6,10
DA:7,10
DA:8,10
DA:10,9
DA:12,6
DA:14,6
DA:16,6
DA:17,6
DA:19,4
DA:24,5
DA:25,11
DA:26,11
DA:28,11
DA:30,8
DA:32,5
DA:34,5
DA:36,5
DA:37,5
DA:39,6
DA:43,5
LF:23
LH:23
BRDA:8,0,0,1
BRDA:8,0,1,9
BRDA:14,1,0,0
BRDA:14,1,1,6
BRDA:28,2,0,3
BRDA:28,2,1,8
BRDA:34,3,0,0
BRDA:34,3,1,5
BRF:8
BRH:6
end_of_record
TN:
SF:middlewares\errorHandler.js
FN:1,errorHandler
FNF:1
FNH:1
FNDA:39,errorHandler
DA:1,5
DA:2,39
DA:3,39
DA:4,39
DA:6,39
DA:10,4
DA:11,4
DA:12,35
DA:19,14
DA:20,14
DA:21,21
DA:22,4
DA:23,4
DA:24,17
DA:25,10
DA:26,10
DA:27,7
DA:31,3
DA:32,3
DA:33,4
DA:34,1
DA:35,1
DA:36,3
DA:37,1
DA:38,1
DA:39,2
DA:40,0
DA:41,0
DA:42,2
DA:43,1
DA:44,1
DA:45,1
DA:46,0
DA:47,0
DA:48,1
DA:49,0
DA:50,0
DA:51,1
DA:52,1
DA:53,1
DA:56,39
LF:41
LH:35
BRDA:6,0,0,4
BRDA:6,0,1,35
BRDA:7,1,0,39
BRDA:7,1,1,37
BRDA:12,2,0,14
BRDA:12,2,1,21
BRDA:13,3,0,35
BRDA:13,3,1,31
BRDA:13,3,2,27
BRDA:13,3,3,25
BRDA:13,3,4,23
BRDA:21,4,0,4
BRDA:21,4,1,17
BRDA:24,5,0,10
BRDA:24,5,1,7
BRDA:24,6,0,17
BRDA:24,6,1,11
BRDA:27,7,0,3
BRDA:27,7,1,4
BRDA:28,8,0,7
BRDA:28,8,1,6
BRDA:33,9,0,1
BRDA:33,9,1,3
BRDA:36,10,0,1
BRDA:36,10,1,2
BRDA:39,11,0,0
BRDA:39,11,1,2
BRDA:42,12,0,1
BRDA:42,12,1,1
BRDA:45,13,0,0
BRDA:45,13,1,1
BRDA:48,14,0,0
BRDA:48,14,1,1
BRDA:51,15,0,1
BRDA:51,15,1,0
BRF:35
BRH:31
end_of_record
TN:
SF:models\booking.js
FN:3,(anonymous_0)
FN:10,(anonymous_1)
FNF:2
FNH:2
FNDA:5,(anonymous_0)
FNDA:5,(anonymous_1)
DA:2,5
DA:3,5
DA:12,5
DA:13,5
DA:14,5
DA:17,5
DA:36,5
LF:7
LH:7
BRF:0
BRH:0
end_of_record
TN:
SF:models\category.js
FN:3,(anonymous_0)
FN:10,(anonymous_1)
FNF:2
FNH:2
FNDA:5,(anonymous_0)
FNDA:5,(anonymous_1)
DA:2,5
DA:3,5
DA:12,5
DA:15,5
DA:24,5
LF:5
LH:5
BRF:0
BRH:0
end_of_record
TN:
SF:models\course.js
FN:3,(anonymous_0)
FN:10,(anonymous_1)
FNF:2
FNH:2
FNDA:5,(anonymous_0)
FNDA:5,(anonymous_1)
DA:2,5
DA:3,5
DA:12,5
DA:13,5
DA:14,5
DA:17,5
DA:84,5
LF:7
LH:7
BRF:0
BRH:0
end_of_record
TN:
SF:models\index.js
FN:21,(anonymous_0)
FN:24,(anonymous_1)
FN:29,(anonymous_2)
FNF:3
FNH:3
FNDA:35,(anonymous_0)
FNDA:30,(anonymous_1)
FNDA:30,(anonymous_2)
DA:3,5
DA:4,5
DA:5,5
DA:6,5
DA:7,5
DA:8,5
DA:9,5
DA:10,5
DA:13,5
DA:14,0
DA:16,5
DA:19,5
DA:22,35
DA:25,30
DA:26,30
DA:29,5
DA:30,30
DA:31,30
DA:35,5
DA:36,5
DA:38,5
LF:21
LH:20
BRDA:8,0,0,5
BRDA:8,0,1,0
BRDA:13,1,0,0
BRDA:13,1,1,5
BRDA:22,2,0,35
BRDA:22,2,1,35
BRDA:22,2,2,30
BRDA:30,3,0,30
BRDA:30,3,1,0
BRF:9
BRH:6
end_of_record
TN:
SF:models\instructor.js
FN:3,(anonymous_0)
FN:10,(anonymous_1)
FNF:2
FNH:2
FNDA:5,(anonymous_0)
FNDA:5,(anonymous_1)
DA:2,5
DA:3,5
DA:12,5
DA:13,5
DA:14,5
DA:17,5
DA:83,5
LF:7
LH:7
BRF:0
BRH:0
end_of_record
TN:
SF:models\schedule.js
FN:3,(anonymous_0)
FN:10,(anonymous_1)
FNF:2
FNH:2
FNDA:5,(anonymous_0)
FNDA:5,(anonymous_1)
DA:2,5
DA:3,5
DA:12,5
DA:13,5
DA:16,5
DA:30,5
LF:6
LH:6
BRF:0
BRH:0
end_of_record
TN:
SF:models\student.js
FN:3,(anonymous_0)
FN:10,(anonymous_1)
FNF:2
FNH:2
FNDA:5,(anonymous_0)
FNDA:5,(anonymous_1)
DA:2,5
DA:3,5
DA:12,5
DA:13,5
DA:16,5
DA:82,5
LF:6
LH:6
BRF:0
BRH:0
end_of_record
TN:
SF:routers\bookingRouter.js
FNF:0
FNH:0
DA:1,5
DA:2,5
DA:3,5
DA:8,5
DA:10,5
DA:11,5
DA:16,5
DA:21,5
DA:23,5
LF:9
LH:9
BRF:0
BRH:0
end_of_record
TN:
SF:routers\courseRouter.js
FNF:0
FNH:0
DA:1,5
DA:2,5
DA:3,5
DA:7,5
DA:9,5
DA:10,5
DA:11,5
DA:13,5
DA:14,5
DA:20,5
DA:21,5
DA:22,5
DA:24,5
LF:13
LH:13
BRF:0
BRH:0
end_of_record
TN:
SF:routers\index.js
FNF:0
FNH:0
DA:1,5
DA:2,5
DA:3,5
DA:4,5
DA:5,5
DA:6,5
DA:7,5
DA:9,5
DA:10,5
DA:11,5
DA:12,5
DA:13,5
DA:15,5
LF:13
LH:13
BRF:0
BRH:0
end_of_record
TN:
SF:routers\instructorRouter.js
FNF:0
FNH:0
DA:1,5
DA:2,5
DA:3,5
DA:6,5
DA:7,5
DA:8,5
DA:10,5
DA:11,5
DA:12,5
DA:13,5
DA:15,5
LF:11
LH:11
BRF:0
BRH:0
end_of_record
TN:
SF:routers\scheduleRouter.js
FNF:0
FNH:0
DA:1,5
DA:2,5
DA:3,5
DA:5,5
DA:7,5
DA:8,5
DA:14,5
LF:7
LH:7
BRF:0
BRH:0
end_of_record
TN:
SF:routers\studentRouter.js
FNF:0
FNH:0
DA:1,5
DA:2,5
DA:3,5
DA:6,5
DA:7,5
DA:8,5
DA:10,5
DA:11,5
DA:13,5
LF:9
LH:9
BRF:0
BRH:0
end_of_record
