{"D:\\Hacktiv8\\Phase-3\\Privator\\server\\services\\app\\app.js": {"path":"D:\\Hacktiv8\\Phase-3\\Privator\\server\\services\\app\\app.js","statementMap":{"0":{"start":{"line":1,"column":0},"end":{"line":3,"column":1}},"1":{"start":{"line":2,"column":2},"end":{"line":2,"column":29}},"2":{"start":{"line":5,"column":16},"end":{"line":5,"column":34}},"3":{"start":{"line":6,"column":13},"end":{"line":6,"column":28}},"4":{"start":{"line":7,"column":15},"end":{"line":7,"column":34}},"5":{"start":{"line":8,"column":20},"end":{"line":8,"column":56}},"6":{"start":{"line":9,"column":12},"end":{"line":9,"column":21}},"7":{"start":{"line":10,"column":13},"end":{"line":10,"column":37}},"8":{"start":{"line":12,"column":0},"end":{"line":12,"column":16}},"9":{"start":{"line":13,"column":0},"end":{"line":13,"column":48}},"10":{"start":{"line":14,"column":0},"end":{"line":14,"column":24}},"11":{"start":{"line":16,"column":0},"end":{"line":16,"column":21}},"12":{"start":{"line":18,"column":0},"end":{"line":18,"column":21}},"13":{"start":{"line":24,"column":0},"end":{"line":24,"column":21}}},"fnMap":{},"branchMap":{"0":{"loc":{"start":{"line":1,"column":0},"end":{"line":3,"column":1}},"type":"if","locations":[{"start":{"line":1,"column":0},"end":{"line":3,"column":1}},{"start":{},"end":{}}],"line":1},"1":{"loc":{"start":{"line":10,"column":13},"end":{"line":10,"column":37}},"type":"binary-expr","locations":[{"start":{"line":10,"column":13},"end":{"line":10,"column":29}},{"start":{"line":10,"column":33},"end":{"line":10,"column":37}}],"line":10}},"s":{"0":1,"1":1,"2":1,"3":1,"4":1,"5":1,"6":1,"7":1,"8":1,"9":1,"10":1,"11":1,"12":1,"13":1},"f":{},"b":{"0":[1,0],"1":[1,1]},"_coverageSchema":"1a1c01bbd47fc00a2c39e90264f33305004495a9","hash":"473058ffc8088fb92c2fec4288580cd8a553582f"}
,"D:\\Hacktiv8\\Phase-3\\Privator\\server\\services\\app\\controllers\\CategoryController.js": {"path":"D:\\Hacktiv8\\Phase-3\\Privator\\server\\services\\app\\controllers\\CategoryController.js","statementMap":{"0":{"start":{"line":1,"column":29},"end":{"line":1,"column":49}},"1":{"start":{"line":5,"column":4},"end":{"line":15,"column":5}},"2":{"start":{"line":6,"column":25},"end":{"line":11,"column":8}},"3":{"start":{"line":12,"column":6},"end":{"line":12,"column":39}},"4":{"start":{"line":14,"column":6},"end":{"line":14,"column":16}},"5":{"start":{"line":19,"column":4},"end":{"line":27,"column":5}},"6":{"start":{"line":20,"column":21},"end":{"line":20,"column":31}},"7":{"start":{"line":21,"column":21},"end":{"line":23,"column":8}},"8":{"start":{"line":24,"column":6},"end":{"line":24,"column":35}},"9":{"start":{"line":26,"column":6},"end":{"line":26,"column":18}},"10":{"start":{"line":31,"column":0},"end":{"line":31,"column":36}}},"fnMap":{"0":{"name":"(anonymous_0)","decl":{"start":{"line":4,"column":2},"end":{"line":4,"column":3}},"loc":{"start":{"line":4,"column":45},"end":{"line":16,"column":3}},"line":4},"1":{"name":"(anonymous_1)","decl":{"start":{"line":18,"column":2},"end":{"line":18,"column":3}},"loc":{"start":{"line":18,"column":53},"end":{"line":28,"column":3}},"line":18}},"branchMap":{},"s":{"0":1,"1":0,"2":0,"3":0,"4":0,"5":0,"6":0,"7":0,"8":0,"9":0,"10":1},"f":{"0":0,"1":0},"b":{},"_coverageSchema":"1a1c01bbd47fc00a2c39e90264f33305004495a9","hash":"f373db873e101c5930cdec07c2eaf0576454572b"}
,"D:\\Hacktiv8\\Phase-3\\Privator\\server\\services\\app\\controllers\\CourseController.js": {"path":"D:\\Hacktiv8\\Phase-3\\Privator\\server\\services\\app\\controllers\\CourseController.js","statementMap":{"0":{"start":{"line":1,"column":53},"end":{"line":1,"column":73}},"1":{"start":{"line":2,"column":15},"end":{"line":2,"column":35}},"2":{"start":{"line":6,"column":4},"end":{"line":24,"column":5}},"3":{"start":{"line":7,"column":25},"end":{"line":7,"column":34}},"4":{"start":{"line":8,"column":20},"end":{"line":8,"column":22}},"5":{"start":{"line":10,"column":6},"end":{"line":10,"column":68}},"6":{"start":{"line":11,"column":6},"end":{"line":11,"column":31}},"7":{"start":{"line":12,"column":6},"end":{"line":18,"column":7}},"8":{"start":{"line":13,"column":8},"end":{"line":17,"column":10}},"9":{"start":{"line":20,"column":19},"end":{"line":20,"column":48}},"10":{"start":{"line":21,"column":6},"end":{"line":21,"column":33}},"11":{"start":{"line":23,"column":6},"end":{"line":23,"column":16}},"12":{"start":{"line":28,"column":14},"end":{"line":28,"column":43}},"13":{"start":{"line":29,"column":4},"end":{"line":52,"column":5}},"14":{"start":{"line":30,"column":57},"end":{"line":30,"column":65}},"15":{"start":{"line":31,"column":24},"end":{"line":31,"column":32}},"16":{"start":{"line":32,"column":19},"end":{"line":43,"column":7}},"17":{"start":{"line":45,"column":6},"end":{"line":45,"column":23}},"18":{"start":{"line":46,"column":6},"end":{"line":48,"column":9}},"19":{"start":{"line":50,"column":6},"end":{"line":50,"column":25}},"20":{"start":{"line":51,"column":6},"end":{"line":51,"column":16}},"21":{"start":{"line":56,"column":4},"end":{"line":71,"column":5}},"22":{"start":{"line":57,"column":21},"end":{"line":57,"column":31}},"23":{"start":{"line":58,"column":19},"end":{"line":64,"column":8}},"24":{"start":{"line":65,"column":6},"end":{"line":67,"column":7}},"25":{"start":{"line":66,"column":8},"end":{"line":66,"column":35}},"26":{"start":{"line":68,"column":6},"end":{"line":68,"column":33}},"27":{"start":{"line":70,"column":6},"end":{"line":70,"column":16}},"28":{"start":{"line":75,"column":4},"end":{"line":84,"column":5}},"29":{"start":{"line":76,"column":21},"end":{"line":76,"column":29}},"30":{"start":{"line":77,"column":21},"end":{"line":79,"column":8}},"31":{"start":{"line":81,"column":6},"end":{"line":81,"column":35}},"32":{"start":{"line":83,"column":6},"end":{"line":83,"column":18}},"33":{"start":{"line":88,"column":4},"end":{"line":96,"column":5}},"34":{"start":{"line":89,"column":21},"end":{"line":89,"column":31}},"35":{"start":{"line":90,"column":21},"end":{"line":92,"column":8}},"36":{"start":{"line":93,"column":6},"end":{"line":93,"column":35}},"37":{"start":{"line":95,"column":6},"end":{"line":95,"column":18}},"38":{"start":{"line":100,"column":4},"end":{"line":114,"column":5}},"39":{"start":{"line":101,"column":21},"end":{"line":101,"column":31}},"40":{"start":{"line":103,"column":21},"end":{"line":103,"column":46}},"41":{"start":{"line":105,"column":6},"end":{"line":107,"column":7}},"42":{"start":{"line":106,"column":8},"end":{"line":106,"column":35}},"43":{"start":{"line":109,"column":6},"end":{"line":109,"column":46}},"44":{"start":{"line":111,"column":6},"end":{"line":111,"column":68}},"45":{"start":{"line":113,"column":6},"end":{"line":113,"column":18}},"46":{"start":{"line":118,"column":4},"end":{"line":137,"column":5}},"47":{"start":{"line":119,"column":21},"end":{"line":119,"column":31}},"48":{"start":{"line":120,"column":57},"end":{"line":120,"column":65}},"49":{"start":{"line":121,"column":24},"end":{"line":121,"column":32}},"50":{"start":{"line":122,"column":6},"end":{"line":132,"column":8}},"51":{"start":{"line":134,"column":6},"end":{"line":134,"column":67}},"52":{"start":{"line":136,"column":6},"end":{"line":136,"column":18}},"53":{"start":{"line":141,"column":0},"end":{"line":141,"column":34}}},"fnMap":{"0":{"name":"(anonymous_0)","decl":{"start":{"line":5,"column":2},"end":{"line":5,"column":3}},"loc":{"start":{"line":5,"column":42},"end":{"line":25,"column":3}},"line":5},"1":{"name":"(anonymous_1)","decl":{"start":{"line":27,"column":2},"end":{"line":27,"column":3}},"loc":{"start":{"line":27,"column":42},"end":{"line":53,"column":3}},"line":27},"2":{"name":"(anonymous_2)","decl":{"start":{"line":55,"column":2},"end":{"line":55,"column":3}},"loc":{"start":{"line":55,"column":45},"end":{"line":72,"column":3}},"line":55},"3":{"name":"(anonymous_3)","decl":{"start":{"line":74,"column":2},"end":{"line":74,"column":3}},"loc":{"start":{"line":74,"column":53},"end":{"line":85,"column":3}},"line":74},"4":{"name":"(anonymous_4)","decl":{"start":{"line":87,"column":2},"end":{"line":87,"column":3}},"loc":{"start":{"line":87,"column":53},"end":{"line":97,"column":3}},"line":87},"5":{"name":"(anonymous_5)","decl":{"start":{"line":99,"column":2},"end":{"line":99,"column":3}},"loc":{"start":{"line":99,"column":45},"end":{"line":115,"column":3}},"line":99},"6":{"name":"(anonymous_6)","decl":{"start":{"line":117,"column":2},"end":{"line":117,"column":3}},"loc":{"start":{"line":117,"column":45},"end":{"line":138,"column":3}},"line":117}},"branchMap":{"0":{"loc":{"start":{"line":12,"column":6},"end":{"line":18,"column":7}},"type":"if","locations":[{"start":{"line":12,"column":6},"end":{"line":18,"column":7}},{"start":{},"end":{}}],"line":12},"1":{"loc":{"start":{"line":65,"column":6},"end":{"line":67,"column":7}},"type":"if","locations":[{"start":{"line":65,"column":6},"end":{"line":67,"column":7}},{"start":{},"end":{}}],"line":65},"2":{"loc":{"start":{"line":105,"column":6},"end":{"line":107,"column":7}},"type":"if","locations":[{"start":{"line":105,"column":6},"end":{"line":107,"column":7}},{"start":{},"end":{}}],"line":105}},"s":{"0":1,"1":1,"2":1,"3":1,"4":1,"5":1,"6":1,"7":1,"8":0,"9":1,"10":1,"11":0,"12":0,"13":0,"14":0,"15":0,"16":0,"17":0,"18":0,"19":0,"20":0,"21":2,"22":2,"23":2,"24":2,"25":1,"26":1,"27":1,"28":0,"29":0,"30":0,"31":0,"32":0,"33":0,"34":0,"35":0,"36":0,"37":0,"38":2,"39":2,"40":2,"41":2,"42":1,"43":1,"44":1,"45":1,"46":0,"47":0,"48":0,"49":0,"50":0,"51":0,"52":0,"53":1},"f":{"0":1,"1":0,"2":2,"3":0,"4":0,"5":2,"6":0},"b":{"0":[0,1],"1":[1,1],"2":[1,1]},"_coverageSchema":"1a1c01bbd47fc00a2c39e90264f33305004495a9","hash":"bef09584194503a98a7581bb9f4737f3c996a21b"}
,"D:\\Hacktiv8\\Phase-3\\Privator\\server\\services\\app\\controllers\\InstructorController.js": {"path":"D:\\Hacktiv8\\Phase-3\\Privator\\server\\services\\app\\controllers\\InstructorController.js","statementMap":{"0":{"start":{"line":1,"column":14},"end":{"line":1,"column":30}},"1":{"start":{"line":2,"column":24},"end":{"line":2,"column":49}},"2":{"start":{"line":5,"column":4},"end":{"line":31,"column":5}},"3":{"start":{"line":6,"column":34},"end":{"line":6,"column":42}},"4":{"start":{"line":7,"column":6},"end":{"line":9,"column":7}},"5":{"start":{"line":8,"column":8},"end":{"line":8,"column":44}},"6":{"start":{"line":10,"column":6},"end":{"line":12,"column":7}},"7":{"start":{"line":11,"column":8},"end":{"line":11,"column":47}},"8":{"start":{"line":14,"column":23},"end":{"line":21,"column":8}},"9":{"start":{"line":23,"column":22},"end":{"line":23,"column":38}},"10":{"start":{"line":24,"column":27},"end":{"line":24,"column":47}},"11":{"start":{"line":26,"column":6},"end":{"line":28,"column":72}},"12":{"start":{"line":30,"column":6},"end":{"line":30,"column":18}},"13":{"start":{"line":35,"column":0},"end":{"line":35,"column":38}}},"fnMap":{"0":{"name":"(anonymous_0)","decl":{"start":{"line":4,"column":2},"end":{"line":4,"column":3}},"loc":{"start":{"line":4,"column":37},"end":{"line":32,"column":3}},"line":4}},"branchMap":{"0":{"loc":{"start":{"line":7,"column":6},"end":{"line":9,"column":7}},"type":"if","locations":[{"start":{"line":7,"column":6},"end":{"line":9,"column":7}},{"start":{},"end":{}}],"line":7},"1":{"loc":{"start":{"line":10,"column":6},"end":{"line":12,"column":7}},"type":"if","locations":[{"start":{"line":10,"column":6},"end":{"line":12,"column":7}},{"start":{},"end":{}}],"line":10}},"s":{"0":1,"1":1,"2":0,"3":0,"4":0,"5":0,"6":0,"7":0,"8":0,"9":0,"10":0,"11":0,"12":0,"13":1},"f":{"0":0},"b":{"0":[0,0],"1":[0,0]},"_coverageSchema":"1a1c01bbd47fc00a2c39e90264f33305004495a9","hash":"14beb964319fa7974f1cb0767938e18496e1c7c7"}
,"D:\\Hacktiv8\\Phase-3\\Privator\\server\\services\\app\\controllers\\UserController.js": {"path":"D:\\Hacktiv8\\Phase-3\\Privator\\server\\services\\app\\controllers\\UserController.js","statementMap":{"0":{"start":{"line":1,"column":17},"end":{"line":1,"column":37}},"1":{"start":{"line":2,"column":24},"end":{"line":2,"column":49}},"2":{"start":{"line":3,"column":28},"end":{"line":3,"column":56}},"3":{"start":{"line":4,"column":14},"end":{"line":4,"column":30}},"4":{"start":{"line":8,"column":4},"end":{"line":38,"column":5}},"5":{"start":{"line":9,"column":34},"end":{"line":9,"column":42}},"6":{"start":{"line":10,"column":6},"end":{"line":12,"column":7}},"7":{"start":{"line":11,"column":8},"end":{"line":11,"column":44}},"8":{"start":{"line":13,"column":6},"end":{"line":15,"column":7}},"9":{"start":{"line":14,"column":8},"end":{"line":14,"column":47}},"10":{"start":{"line":17,"column":23},"end":{"line":24,"column":8}},"11":{"start":{"line":26,"column":6},"end":{"line":28,"column":7}},"12":{"start":{"line":27,"column":8},"end":{"line":27,"column":41}},"13":{"start":{"line":30,"column":22},"end":{"line":30,"column":38}},"14":{"start":{"line":31,"column":27},"end":{"line":31,"column":47}},"15":{"start":{"line":33,"column":6},"end":{"line":35,"column":72}},"16":{"start":{"line":37,"column":6},"end":{"line":37,"column":16}},"17":{"start":{"line":42,"column":4},"end":{"line":60,"column":5}},"18":{"start":{"line":44,"column":8},"end":{"line":44,"column":16}},"19":{"start":{"line":45,"column":23},"end":{"line":55,"column":8}},"20":{"start":{"line":57,"column":6},"end":{"line":57,"column":33}},"21":{"start":{"line":59,"column":6},"end":{"line":59,"column":16}},"22":{"start":{"line":64,"column":0},"end":{"line":64,"column":32}}},"fnMap":{"0":{"name":"(anonymous_0)","decl":{"start":{"line":7,"column":2},"end":{"line":7,"column":3}},"loc":{"start":{"line":7,"column":44},"end":{"line":39,"column":3}},"line":7},"1":{"name":"(anonymous_1)","decl":{"start":{"line":41,"column":2},"end":{"line":41,"column":3}},"loc":{"start":{"line":41,"column":40},"end":{"line":61,"column":3}},"line":41}},"branchMap":{"0":{"loc":{"start":{"line":10,"column":6},"end":{"line":12,"column":7}},"type":"if","locations":[{"start":{"line":10,"column":6},"end":{"line":12,"column":7}},{"start":{},"end":{}}],"line":10},"1":{"loc":{"start":{"line":13,"column":6},"end":{"line":15,"column":7}},"type":"if","locations":[{"start":{"line":13,"column":6},"end":{"line":15,"column":7}},{"start":{},"end":{}}],"line":13},"2":{"loc":{"start":{"line":26,"column":6},"end":{"line":28,"column":7}},"type":"if","locations":[{"start":{"line":26,"column":6},"end":{"line":28,"column":7}},{"start":{},"end":{}}],"line":26}},"s":{"0":1,"1":1,"2":1,"3":1,"4":0,"5":0,"6":0,"7":0,"8":0,"9":0,"10":0,"11":0,"12":0,"13":0,"14":0,"15":0,"16":0,"17":0,"18":0,"19":0,"20":0,"21":0,"22":1},"f":{"0":0,"1":0},"b":{"0":[0,0],"1":[0,0],"2":[0,0]},"_coverageSchema":"1a1c01bbd47fc00a2c39e90264f33305004495a9","hash":"19ef0a22570b0b627994a8f42da57c9d8387dc6d"}
,"D:\\Hacktiv8\\Phase-3\\Privator\\server\\services\\app\\helpers\\bcrypt.js": {"path":"D:\\Hacktiv8\\Phase-3\\Privator\\server\\services\\app\\helpers\\bcrypt.js","statementMap":{"0":{"start":{"line":1,"column":15},"end":{"line":1,"column":34}},"1":{"start":{"line":4,"column":15},"end":{"line":4,"column":37}},"2":{"start":{"line":5,"column":15},"end":{"line":5,"column":50}},"3":{"start":{"line":6,"column":2},"end":{"line":6,"column":14}},"4":{"start":{"line":10,"column":2},"end":{"line":10,"column":48}},"5":{"start":{"line":12,"column":0},"end":{"line":12,"column":51}}},"fnMap":{"0":{"name":"hashPassword","decl":{"start":{"line":3,"column":9},"end":{"line":3,"column":21}},"loc":{"start":{"line":3,"column":36},"end":{"line":7,"column":1}},"line":3},"1":{"name":"comparePassword","decl":{"start":{"line":9,"column":9},"end":{"line":9,"column":24}},"loc":{"start":{"line":9,"column":45},"end":{"line":11,"column":1}},"line":9}},"branchMap":{},"s":{"0":1,"1":0,"2":0,"3":0,"4":0,"5":1},"f":{"0":0,"1":0},"b":{},"_coverageSchema":"1a1c01bbd47fc00a2c39e90264f33305004495a9","hash":"d052f9eff88485621afc23a3dfb03d6fccfe15a3"}
,"D:\\Hacktiv8\\Phase-3\\Privator\\server\\services\\app\\helpers\\jwt.js": {"path":"D:\\Hacktiv8\\Phase-3\\Privator\\server\\services\\app\\helpers\\jwt.js","statementMap":{"0":{"start":{"line":1,"column":12},"end":{"line":1,"column":35}},"1":{"start":{"line":2,"column":15},"end":{"line":2,"column":40}},"2":{"start":{"line":5,"column":2},"end":{"line":5,"column":33}},"3":{"start":{"line":9,"column":2},"end":{"line":9,"column":35}},"4":{"start":{"line":12,"column":0},"end":{"line":12,"column":47}}},"fnMap":{"0":{"name":"createToken","decl":{"start":{"line":4,"column":9},"end":{"line":4,"column":20}},"loc":{"start":{"line":4,"column":28},"end":{"line":6,"column":1}},"line":4},"1":{"name":"decodedToken","decl":{"start":{"line":8,"column":9},"end":{"line":8,"column":21}},"loc":{"start":{"line":8,"column":29},"end":{"line":10,"column":1}},"line":8}},"branchMap":{},"s":{"0":1,"1":1,"2":0,"3":2,"4":1},"f":{"0":0,"1":2},"b":{},"_coverageSchema":"1a1c01bbd47fc00a2c39e90264f33305004495a9","hash":"b30813b8844147dd88ade6764223143ab34cd143"}
,"D:\\Hacktiv8\\Phase-3\\Privator\\server\\services\\app\\middlewares\\authentication.js": {"path":"D:\\Hacktiv8\\Phase-3\\Privator\\server\\services\\app\\middlewares\\authentication.js","statementMap":{"0":{"start":{"line":1,"column":25},"end":{"line":1,"column":50}},"1":{"start":{"line":2,"column":14},"end":{"line":2,"column":30}},"2":{"start":{"line":5,"column":2},"end":{"line":26,"column":3}},"3":{"start":{"line":6,"column":29},"end":{"line":6,"column":40}},"4":{"start":{"line":7,"column":20},"end":{"line":7,"column":46}},"5":{"start":{"line":9,"column":21},"end":{"line":12,"column":6}},"6":{"start":{"line":14,"column":4},"end":{"line":23,"column":5}},"7":{"start":{"line":15,"column":6},"end":{"line":19,"column":8}},"8":{"start":{"line":20,"column":6},"end":{"line":20,"column":13}},"9":{"start":{"line":22,"column":6},"end":{"line":22,"column":41}},"10":{"start":{"line":25,"column":4},"end":{"line":25,"column":14}},"11":{"start":{"line":29,"column":0},"end":{"line":29,"column":32}}},"fnMap":{"0":{"name":"authentication","decl":{"start":{"line":4,"column":15},"end":{"line":4,"column":29}},"loc":{"start":{"line":4,"column":46},"end":{"line":27,"column":1}},"line":4}},"branchMap":{"0":{"loc":{"start":{"line":14,"column":4},"end":{"line":23,"column":5}},"type":"if","locations":[{"start":{"line":14,"column":4},"end":{"line":23,"column":5}},{"start":{"line":21,"column":11},"end":{"line":23,"column":5}}],"line":14}},"s":{"0":1,"1":1,"2":0,"3":0,"4":0,"5":0,"6":0,"7":0,"8":0,"9":0,"10":0,"11":1},"f":{"0":0},"b":{"0":[0,0]},"_coverageSchema":"1a1c01bbd47fc00a2c39e90264f33305004495a9","hash":"648f638985bdce868e80b1d055d965f59b3f9907"}
,"D:\\Hacktiv8\\Phase-3\\Privator\\server\\services\\app\\middlewares\\authenticationInstructor.js": {"path":"D:\\Hacktiv8\\Phase-3\\Privator\\server\\services\\app\\middlewares\\authenticationInstructor.js","statementMap":{"0":{"start":{"line":1,"column":25},"end":{"line":1,"column":50}},"1":{"start":{"line":2,"column":14},"end":{"line":2,"column":30}},"2":{"start":{"line":5,"column":2},"end":{"line":27,"column":3}},"3":{"start":{"line":6,"column":29},"end":{"line":6,"column":40}},"4":{"start":{"line":8,"column":20},"end":{"line":8,"column":46}},"5":{"start":{"line":9,"column":21},"end":{"line":12,"column":6}},"6":{"start":{"line":14,"column":4},"end":{"line":23,"column":5}},"7":{"start":{"line":15,"column":6},"end":{"line":19,"column":8}},"8":{"start":{"line":20,"column":6},"end":{"line":20,"column":12}},"9":{"start":{"line":22,"column":6},"end":{"line":22,"column":41}},"10":{"start":{"line":26,"column":4},"end":{"line":26,"column":16}},"11":{"start":{"line":30,"column":0},"end":{"line":30,"column":32}}},"fnMap":{"0":{"name":"authentication","decl":{"start":{"line":4,"column":15},"end":{"line":4,"column":29}},"loc":{"start":{"line":4,"column":46},"end":{"line":28,"column":1}},"line":4}},"branchMap":{"0":{"loc":{"start":{"line":14,"column":4},"end":{"line":23,"column":5}},"type":"if","locations":[{"start":{"line":14,"column":4},"end":{"line":23,"column":5}},{"start":{"line":21,"column":11},"end":{"line":23,"column":5}}],"line":14}},"s":{"0":1,"1":1,"2":2,"3":2,"4":2,"5":2,"6":2,"7":2,"8":2,"9":0,"10":0,"11":1},"f":{"0":2},"b":{"0":[2,0]},"_coverageSchema":"1a1c01bbd47fc00a2c39e90264f33305004495a9","hash":"3c985603dba469446fcac4126219afdc0103c76c"}
,"D:\\Hacktiv8\\Phase-3\\Privator\\server\\services\\app\\middlewares\\handleError.js": {"path":"D:\\Hacktiv8\\Phase-3\\Privator\\server\\services\\app\\middlewares\\handleError.js","statementMap":{"0":{"start":{"line":2,"column":19},"end":{"line":2,"column":22}},"1":{"start":{"line":3,"column":16},"end":{"line":3,"column":39}},"2":{"start":{"line":4,"column":2},"end":{"line":31,"column":3}},"3":{"start":{"line":8,"column":4},"end":{"line":8,"column":21}},"4":{"start":{"line":9,"column":4},"end":{"line":9,"column":36}},"5":{"start":{"line":10,"column":9},"end":{"line":31,"column":3}},"6":{"start":{"line":11,"column":4},"end":{"line":11,"column":21}},"7":{"start":{"line":12,"column":4},"end":{"line":12,"column":40}},"8":{"start":{"line":13,"column":9},"end":{"line":31,"column":3}},"9":{"start":{"line":14,"column":4},"end":{"line":14,"column":21}},"10":{"start":{"line":15,"column":4},"end":{"line":15,"column":43}},"11":{"start":{"line":16,"column":9},"end":{"line":31,"column":3}},"12":{"start":{"line":17,"column":4},"end":{"line":17,"column":21}},"13":{"start":{"line":18,"column":4},"end":{"line":18,"column":44}},"14":{"start":{"line":19,"column":9},"end":{"line":31,"column":3}},"15":{"start":{"line":20,"column":4},"end":{"line":20,"column":21}},"16":{"start":{"line":21,"column":4},"end":{"line":21,"column":30}},"17":{"start":{"line":22,"column":9},"end":{"line":31,"column":3}},"18":{"start":{"line":23,"column":4},"end":{"line":23,"column":21}},"19":{"start":{"line":24,"column":4},"end":{"line":24,"column":38}},"20":{"start":{"line":25,"column":9},"end":{"line":31,"column":3}},"21":{"start":{"line":26,"column":4},"end":{"line":26,"column":21}},"22":{"start":{"line":27,"column":4},"end":{"line":27,"column":30}},"23":{"start":{"line":28,"column":9},"end":{"line":31,"column":3}},"24":{"start":{"line":29,"column":4},"end":{"line":29,"column":21}},"25":{"start":{"line":30,"column":4},"end":{"line":30,"column":26}},"26":{"start":{"line":32,"column":2},"end":{"line":32,"column":43}},"27":{"start":{"line":35,"column":0},"end":{"line":35,"column":29}}},"fnMap":{"0":{"name":"handleError","decl":{"start":{"line":1,"column":9},"end":{"line":1,"column":20}},"loc":{"start":{"line":1,"column":42},"end":{"line":33,"column":1}},"line":1}},"branchMap":{"0":{"loc":{"start":{"line":4,"column":2},"end":{"line":31,"column":3}},"type":"if","locations":[{"start":{"line":4,"column":2},"end":{"line":31,"column":3}},{"start":{"line":10,"column":9},"end":{"line":31,"column":3}}],"line":4},"1":{"loc":{"start":{"line":5,"column":4},"end":{"line":6,"column":49}},"type":"binary-expr","locations":[{"start":{"line":5,"column":4},"end":{"line":5,"column":43}},{"start":{"line":6,"column":4},"end":{"line":6,"column":49}}],"line":5},"2":{"loc":{"start":{"line":10,"column":9},"end":{"line":31,"column":3}},"type":"if","locations":[{"start":{"line":10,"column":9},"end":{"line":31,"column":3}},{"start":{"line":13,"column":9},"end":{"line":31,"column":3}}],"line":10},"3":{"loc":{"start":{"line":13,"column":9},"end":{"line":31,"column":3}},"type":"if","locations":[{"start":{"line":13,"column":9},"end":{"line":31,"column":3}},{"start":{"line":16,"column":9},"end":{"line":31,"column":3}}],"line":13},"4":{"loc":{"start":{"line":16,"column":9},"end":{"line":31,"column":3}},"type":"if","locations":[{"start":{"line":16,"column":9},"end":{"line":31,"column":3}},{"start":{"line":19,"column":9},"end":{"line":31,"column":3}}],"line":16},"5":{"loc":{"start":{"line":19,"column":9},"end":{"line":31,"column":3}},"type":"if","locations":[{"start":{"line":19,"column":9},"end":{"line":31,"column":3}},{"start":{"line":22,"column":9},"end":{"line":31,"column":3}}],"line":19},"6":{"loc":{"start":{"line":22,"column":9},"end":{"line":31,"column":3}},"type":"if","locations":[{"start":{"line":22,"column":9},"end":{"line":31,"column":3}},{"start":{"line":25,"column":9},"end":{"line":31,"column":3}}],"line":22},"7":{"loc":{"start":{"line":25,"column":9},"end":{"line":31,"column":3}},"type":"if","locations":[{"start":{"line":25,"column":9},"end":{"line":31,"column":3}},{"start":{"line":28,"column":9},"end":{"line":31,"column":3}}],"line":25},"8":{"loc":{"start":{"line":28,"column":9},"end":{"line":31,"column":3}},"type":"if","locations":[{"start":{"line":28,"column":9},"end":{"line":31,"column":3}},{"start":{},"end":{}}],"line":28}},"s":{"0":2,"1":2,"2":2,"3":0,"4":0,"5":2,"6":0,"7":0,"8":2,"9":0,"10":0,"11":2,"12":0,"13":0,"14":2,"15":0,"16":0,"17":2,"18":0,"19":0,"20":2,"21":0,"22":0,"23":2,"24":2,"25":2,"26":2,"27":1},"f":{"0":2},"b":{"0":[0,2],"1":[2,2],"2":[0,2],"3":[0,2],"4":[0,2],"5":[0,2],"6":[0,2],"7":[0,2],"8":[2,0]},"_coverageSchema":"1a1c01bbd47fc00a2c39e90264f33305004495a9","hash":"776eaff2356cd63d493e1d730322f1837208912d"}
,"D:\\Hacktiv8\\Phase-3\\Privator\\server\\services\\app\\models\\category.js": {"path":"D:\\Hacktiv8\\Phase-3\\Privator\\server\\services\\app\\models\\category.js","statementMap":{"0":{"start":{"line":4,"column":4},"end":{"line":4,"column":24}},"1":{"start":{"line":5,"column":0},"end":{"line":24,"column":2}},"2":{"start":{"line":16,"column":2},"end":{"line":22,"column":5}},"3":{"start":{"line":23,"column":2},"end":{"line":23,"column":18}}},"fnMap":{"0":{"name":"(anonymous_0)","decl":{"start":{"line":5,"column":17},"end":{"line":5,"column":18}},"loc":{"start":{"line":5,"column":43},"end":{"line":24,"column":1}},"line":5},"1":{"name":"(anonymous_1)","decl":{"start":{"line":12,"column":4},"end":{"line":12,"column":5}},"loc":{"start":{"line":12,"column":29},"end":{"line":14,"column":5}},"line":12}},"branchMap":{},"s":{"0":1,"1":1,"2":1,"3":1},"f":{"0":1,"1":1},"b":{},"_coverageSchema":"1a1c01bbd47fc00a2c39e90264f33305004495a9","hash":"677b6b11e35f319ecc6297e8c3ffc96cc0d8652a"}
,"D:\\Hacktiv8\\Phase-3\\Privator\\server\\services\\app\\models\\course.js": {"path":"D:\\Hacktiv8\\Phase-3\\Privator\\server\\services\\app\\models\\course.js","statementMap":{"0":{"start":{"line":4,"column":4},"end":{"line":4,"column":24}},"1":{"start":{"line":5,"column":0},"end":{"line":30,"column":2}},"2":{"start":{"line":14,"column":6},"end":{"line":14,"column":37}},"3":{"start":{"line":17,"column":2},"end":{"line":28,"column":5}},"4":{"start":{"line":29,"column":2},"end":{"line":29,"column":16}}},"fnMap":{"0":{"name":"(anonymous_0)","decl":{"start":{"line":5,"column":17},"end":{"line":5,"column":18}},"loc":{"start":{"line":5,"column":43},"end":{"line":30,"column":1}},"line":5},"1":{"name":"(anonymous_1)","decl":{"start":{"line":12,"column":4},"end":{"line":12,"column":5}},"loc":{"start":{"line":12,"column":29},"end":{"line":15,"column":5}},"line":12}},"branchMap":{},"s":{"0":1,"1":1,"2":1,"3":1,"4":1},"f":{"0":1,"1":1},"b":{},"_coverageSchema":"1a1c01bbd47fc00a2c39e90264f33305004495a9","hash":"542af26070b6b2938095705eae87836d200529ea"}
,"D:\\Hacktiv8\\Phase-3\\Privator\\server\\services\\app\\models\\index.js": {"path":"D:\\Hacktiv8\\Phase-3\\Privator\\server\\services\\app\\models\\index.js","statementMap":{"0":{"start":{"line":3,"column":11},"end":{"line":3,"column":24}},"1":{"start":{"line":4,"column":13},"end":{"line":4,"column":28}},"2":{"start":{"line":5,"column":18},"end":{"line":5,"column":38}},"3":{"start":{"line":6,"column":16},"end":{"line":6,"column":34}},"4":{"start":{"line":7,"column":17},"end":{"line":7,"column":42}},"5":{"start":{"line":8,"column":12},"end":{"line":8,"column":49}},"6":{"start":{"line":9,"column":15},"end":{"line":9,"column":65}},"7":{"start":{"line":10,"column":11},"end":{"line":10,"column":13}},"8":{"start":{"line":13,"column":0},"end":{"line":17,"column":1}},"9":{"start":{"line":14,"column":2},"end":{"line":14,"column":74}},"10":{"start":{"line":16,"column":2},"end":{"line":16,"column":87}},"11":{"start":{"line":19,"column":0},"end":{"line":32,"column":5}},"12":{"start":{"line":22,"column":4},"end":{"line":27,"column":6}},"13":{"start":{"line":30,"column":18},"end":{"line":30,"column":85}},"14":{"start":{"line":31,"column":4},"end":{"line":31,"column":27}},"15":{"start":{"line":34,"column":0},"end":{"line":38,"column":3}},"16":{"start":{"line":35,"column":2},"end":{"line":37,"column":3}},"17":{"start":{"line":36,"column":4},"end":{"line":36,"column":32}},"18":{"start":{"line":40,"column":0},"end":{"line":40,"column":25}},"19":{"start":{"line":41,"column":0},"end":{"line":41,"column":25}},"20":{"start":{"line":43,"column":0},"end":{"line":43,"column":20}}},"fnMap":{"0":{"name":"(anonymous_0)","decl":{"start":{"line":21,"column":10},"end":{"line":21,"column":11}},"loc":{"start":{"line":21,"column":18},"end":{"line":28,"column":3}},"line":21},"1":{"name":"(anonymous_1)","decl":{"start":{"line":29,"column":11},"end":{"line":29,"column":12}},"loc":{"start":{"line":29,"column":19},"end":{"line":32,"column":3}},"line":29},"2":{"name":"(anonymous_2)","decl":{"start":{"line":34,"column":24},"end":{"line":34,"column":25}},"loc":{"start":{"line":34,"column":37},"end":{"line":38,"column":1}},"line":34}},"branchMap":{"0":{"loc":{"start":{"line":8,"column":12},"end":{"line":8,"column":49}},"type":"binary-expr","locations":[{"start":{"line":8,"column":12},"end":{"line":8,"column":32}},{"start":{"line":8,"column":36},"end":{"line":8,"column":49}}],"line":8},"1":{"loc":{"start":{"line":13,"column":0},"end":{"line":17,"column":1}},"type":"if","locations":[{"start":{"line":13,"column":0},"end":{"line":17,"column":1}},{"start":{"line":15,"column":7},"end":{"line":17,"column":1}}],"line":13},"2":{"loc":{"start":{"line":23,"column":6},"end":{"line":26,"column":37}},"type":"binary-expr","locations":[{"start":{"line":23,"column":6},"end":{"line":23,"column":29}},{"start":{"line":24,"column":6},"end":{"line":24,"column":23}},{"start":{"line":25,"column":6},"end":{"line":25,"column":30}},{"start":{"line":26,"column":6},"end":{"line":26,"column":37}}],"line":23},"3":{"loc":{"start":{"line":35,"column":2},"end":{"line":37,"column":3}},"type":"if","locations":[{"start":{"line":35,"column":2},"end":{"line":37,"column":3}},{"start":{},"end":{}}],"line":35}},"s":{"0":1,"1":1,"2":1,"3":1,"4":1,"5":1,"6":1,"7":1,"8":1,"9":0,"10":1,"11":1,"12":5,"13":4,"14":4,"15":1,"16":4,"17":4,"18":1,"19":1,"20":1},"f":{"0":5,"1":4,"2":4},"b":{"0":[1,0],"1":[0,1],"2":[5,5,4,4],"3":[4,0]},"_coverageSchema":"1a1c01bbd47fc00a2c39e90264f33305004495a9","hash":"88ae81671d34038404761225eaf665ca75521c50"}
,"D:\\Hacktiv8\\Phase-3\\Privator\\server\\services\\app\\models\\schedule.js": {"path":"D:\\Hacktiv8\\Phase-3\\Privator\\server\\services\\app\\models\\schedule.js","statementMap":{"0":{"start":{"line":4,"column":4},"end":{"line":4,"column":24}},"1":{"start":{"line":5,"column":0},"end":{"line":23,"column":2}},"2":{"start":{"line":16,"column":2},"end":{"line":21,"column":5}},"3":{"start":{"line":22,"column":2},"end":{"line":22,"column":18}}},"fnMap":{"0":{"name":"(anonymous_0)","decl":{"start":{"line":5,"column":17},"end":{"line":5,"column":18}},"loc":{"start":{"line":5,"column":43},"end":{"line":23,"column":1}},"line":5},"1":{"name":"(anonymous_1)","decl":{"start":{"line":12,"column":4},"end":{"line":12,"column":5}},"loc":{"start":{"line":12,"column":29},"end":{"line":14,"column":5}},"line":12}},"branchMap":{},"s":{"0":1,"1":1,"2":1,"3":1},"f":{"0":1,"1":1},"b":{},"_coverageSchema":"1a1c01bbd47fc00a2c39e90264f33305004495a9","hash":"595968f6f6eea92ad15586c2bd8f630dc343224b"}
,"D:\\Hacktiv8\\Phase-3\\Privator\\server\\services\\app\\models\\transaction.js": {"path":"D:\\Hacktiv8\\Phase-3\\Privator\\server\\services\\app\\models\\transaction.js","statementMap":{"0":{"start":{"line":4,"column":4},"end":{"line":4,"column":24}},"1":{"start":{"line":5,"column":0},"end":{"line":24,"column":2}},"2":{"start":{"line":16,"column":2},"end":{"line":22,"column":5}},"3":{"start":{"line":23,"column":2},"end":{"line":23,"column":21}}},"fnMap":{"0":{"name":"(anonymous_0)","decl":{"start":{"line":5,"column":17},"end":{"line":5,"column":18}},"loc":{"start":{"line":5,"column":43},"end":{"line":24,"column":1}},"line":5},"1":{"name":"(anonymous_1)","decl":{"start":{"line":12,"column":4},"end":{"line":12,"column":5}},"loc":{"start":{"line":12,"column":29},"end":{"line":14,"column":5}},"line":12}},"branchMap":{},"s":{"0":1,"1":1,"2":1,"3":1},"f":{"0":1,"1":1},"b":{},"_coverageSchema":"1a1c01bbd47fc00a2c39e90264f33305004495a9","hash":"75822817f304fd125c85913916da30f9efb8a6eb"}
,"D:\\Hacktiv8\\Phase-3\\Privator\\server\\services\\app\\routes\\course.js": {"path":"D:\\Hacktiv8\\Phase-3\\Privator\\server\\services\\app\\routes\\course.js","statementMap":{"0":{"start":{"line":1,"column":16},"end":{"line":1,"column":34}},"1":{"start":{"line":2,"column":15},"end":{"line":2,"column":31}},"2":{"start":{"line":3,"column":25},"end":{"line":3,"column":67}},"3":{"start":{"line":5,"column":23},"end":{"line":5,"column":73}},"4":{"start":{"line":6,"column":19},"end":{"line":6,"column":43}},"5":{"start":{"line":7,"column":30},"end":{"line":7,"column":66}},"6":{"start":{"line":8,"column":15},"end":{"line":8,"column":32}},"7":{"start":{"line":9,"column":0},"end":{"line":13,"column":3}},"8":{"start":{"line":15,"column":16},"end":{"line":20,"column":2}},"9":{"start":{"line":21,"column":15},"end":{"line":21,"column":43}},"10":{"start":{"line":23,"column":0},"end":{"line":23,"column":45}},"11":{"start":{"line":24,"column":0},"end":{"line":29,"column":2}},"12":{"start":{"line":30,"column":0},"end":{"line":34,"column":2}},"13":{"start":{"line":35,"column":0},"end":{"line":35,"column":51}},"14":{"start":{"line":36,"column":0},"end":{"line":36,"column":70}},"15":{"start":{"line":37,"column":0},"end":{"line":37,"column":70}},"16":{"start":{"line":38,"column":0},"end":{"line":43,"column":2}},"17":{"start":{"line":45,"column":0},"end":{"line":45,"column":24}}},"fnMap":{},"branchMap":{},"s":{"0":1,"1":1,"2":1,"3":1,"4":1,"5":1,"6":1,"7":1,"8":1,"9":1,"10":1,"11":1,"12":1,"13":1,"14":1,"15":1,"16":1,"17":1},"f":{},"b":{},"_coverageSchema":"1a1c01bbd47fc00a2c39e90264f33305004495a9","hash":"31d9823c209ed1504eefcdfc6d22b541bd3905ef"}
,"D:\\Hacktiv8\\Phase-3\\Privator\\server\\services\\app\\routes\\index.js": {"path":"D:\\Hacktiv8\\Phase-3\\Privator\\server\\services\\app\\routes\\index.js","statementMap":{"0":{"start":{"line":1,"column":27},"end":{"line":1,"column":71}},"1":{"start":{"line":2,"column":16},"end":{"line":2,"column":34}},"2":{"start":{"line":3,"column":15},"end":{"line":3,"column":31}},"3":{"start":{"line":4,"column":15},"end":{"line":4,"column":34}},"4":{"start":{"line":5,"column":16},"end":{"line":5,"column":36}},"5":{"start":{"line":6,"column":19},"end":{"line":6,"column":42}},"6":{"start":{"line":8,"column":0},"end":{"line":8,"column":60}},"7":{"start":{"line":9,"column":0},"end":{"line":9,"column":31}},"8":{"start":{"line":10,"column":0},"end":{"line":10,"column":33}},"9":{"start":{"line":11,"column":0},"end":{"line":11,"column":39}},"10":{"start":{"line":14,"column":0},"end":{"line":14,"column":24}}},"fnMap":{},"branchMap":{},"s":{"0":1,"1":1,"2":1,"3":1,"4":1,"5":1,"6":1,"7":1,"8":1,"9":1,"10":1},"f":{},"b":{},"_coverageSchema":"1a1c01bbd47fc00a2c39e90264f33305004495a9","hash":"baf92e9d237cb0cb1c0d04deca457047e9535701"}
,"D:\\Hacktiv8\\Phase-3\\Privator\\server\\services\\app\\routes\\instructor.js": {"path":"D:\\Hacktiv8\\Phase-3\\Privator\\server\\services\\app\\routes\\instructor.js","statementMap":{"0":{"start":{"line":1,"column":16},"end":{"line":1,"column":34}},"1":{"start":{"line":2,"column":15},"end":{"line":2,"column":31}},"2":{"start":{"line":3,"column":29},"end":{"line":3,"column":75}},"3":{"start":{"line":5,"column":0},"end":{"line":5,"column":49}},"4":{"start":{"line":6,"column":0},"end":{"line":6,"column":11}},"5":{"start":{"line":7,"column":0},"end":{"line":7,"column":24}}},"fnMap":{},"branchMap":{},"s":{"0":1,"1":1,"2":1,"3":1,"4":1,"5":1},"f":{},"b":{},"_coverageSchema":"1a1c01bbd47fc00a2c39e90264f33305004495a9","hash":"bac3db823f196794ed8d8b06cfb07c8ff3405052"}
,"D:\\Hacktiv8\\Phase-3\\Privator\\server\\services\\app\\routes\\student.js": {"path":"D:\\Hacktiv8\\Phase-3\\Privator\\server\\services\\app\\routes\\student.js","statementMap":{"0":{"start":{"line":1,"column":16},"end":{"line":1,"column":34}},"1":{"start":{"line":2,"column":15},"end":{"line":2,"column":31}},"2":{"start":{"line":3,"column":23},"end":{"line":3,"column":63}},"3":{"start":{"line":4,"column":23},"end":{"line":4,"column":63}},"4":{"start":{"line":6,"column":0},"end":{"line":6,"column":51}},"5":{"start":{"line":9,"column":0},"end":{"line":9,"column":24}}},"fnMap":{},"branchMap":{},"s":{"0":1,"1":1,"2":1,"3":1,"4":1,"5":1},"f":{},"b":{},"_coverageSchema":"1a1c01bbd47fc00a2c39e90264f33305004495a9","hash":"b25b68b5a5b6889311cf82b4c39615dd094a7f00"}
}
