TN:
SF:app.js
FNF:0
FNH:0
DA:1,1
DA:2,1
DA:5,1
DA:6,1
DA:7,1
DA:8,1
DA:9,1
DA:10,1
DA:12,1
DA:13,1
DA:14,1
DA:16,1
DA:18,1
DA:24,1
LF:14
LH:14
BRDA:1,0,0,1
BRDA:1,0,1,0
BRDA:10,1,0,1
BRDA:10,1,1,1
BRF:4
BRH:3
end_of_record
TN:
SF:controllers\CategoryController.js
FN:4,(anonymous_0)
FN:18,(anonymous_1)
FNF:2
FNH:0
FNDA:0,(anonymous_0)
FNDA:0,(anonymous_1)
DA:1,1
DA:5,0
DA:6,0
DA:12,0
DA:14,0
DA:19,0
DA:20,0
DA:21,0
DA:24,0
DA:26,0
DA:31,1
LF:11
LH:2
BRF:0
BRH:0
end_of_record
TN:
SF:controllers\CourseController.js
FN:5,(anonymous_0)
FN:27,(anonymous_1)
FN:55,(anonymous_2)
FN:74,(anonymous_3)
FN:87,(anonymous_4)
FN:99,(anonymous_5)
FN:117,(anonymous_6)
FNF:7
FNH:3
FNDA:1,(anonymous_0)
FNDA:0,(anonymous_1)
FNDA:2,(anonymous_2)
FNDA:0,(anonymous_3)
FNDA:0,(anonymous_4)
FNDA:2,(anonymous_5)
FNDA:0,(anonymous_6)
DA:1,1
DA:2,1
DA:6,1
DA:7,1
DA:8,1
DA:10,1
DA:11,1
DA:12,1
DA:13,0
DA:20,1
DA:21,1
DA:23,0
DA:28,0
DA:29,0
DA:30,0
DA:31,0
DA:32,0
DA:45,0
DA:46,0
DA:50,0
DA:51,0
DA:56,2
DA:57,2
DA:58,2
DA:65,2
DA:66,1
DA:68,1
DA:70,1
DA:75,0
DA:76,0
DA:77,0
DA:81,0
DA:83,0
DA:88,0
DA:89,0
DA:90,0
DA:93,0
DA:95,0
DA:100,2
DA:101,2
DA:103,2
DA:105,2
DA:106,1
DA:109,1
DA:111,1
DA:113,1
DA:118,0
DA:119,0
DA:120,0
DA:121,0
DA:122,0
DA:134,0
DA:136,0
DA:141,1
LF:54
LH:26
BRDA:12,0,0,0
BRDA:12,0,1,1
BRDA:65,1,0,1
BRDA:65,1,1,1
BRDA:105,2,0,1
BRDA:105,2,1,1
BRF:6
BRH:5
end_of_record
TN:
SF:controllers\InstructorController.js
FN:4,(anonymous_0)
FNF:1
FNH:0
FNDA:0,(anonymous_0)
DA:1,1
DA:2,1
DA:5,0
DA:6,0
DA:7,0
DA:8,0
DA:10,0
DA:11,0
DA:14,0
DA:23,0
DA:24,0
DA:26,0
DA:30,0
DA:35,1
LF:14
LH:3
BRDA:7,0,0,0
BRDA:7,0,1,0
BRDA:10,1,0,0
BRDA:10,1,1,0
BRF:4
BRH:0
end_of_record
TN:
SF:controllers\UserController.js
FN:7,(anonymous_0)
FN:41,(anonymous_1)
FNF:2
FNH:0
FNDA:0,(anonymous_0)
FNDA:0,(anonymous_1)
DA:1,1
DA:2,1
DA:3,1
DA:4,1
DA:8,0
DA:9,0
DA:10,0
DA:11,0
DA:13,0
DA:14,0
DA:17,0
DA:26,0
DA:27,0
DA:30,0
DA:31,0
DA:33,0
DA:37,0
DA:42,0
DA:44,0
DA:45,0
DA:57,0
DA:59,0
DA:64,1
LF:23
LH:5
BRDA:10,0,0,0
BRDA:10,0,1,0
BRDA:13,1,0,0
BRDA:13,1,1,0
BRDA:26,2,0,0
BRDA:26,2,1,0
BRF:6
BRH:0
end_of_record
TN:
SF:helpers\bcrypt.js
FN:3,hashPassword
FN:9,comparePassword
FNF:2
FNH:0
FNDA:0,hashPassword
FNDA:0,comparePassword
DA:1,1
DA:4,0
DA:5,0
DA:6,0
DA:10,0
DA:12,1
LF:6
LH:2
BRF:0
BRH:0
end_of_record
TN:
SF:helpers\jwt.js
FN:4,createToken
FN:8,decodedToken
FNF:2
FNH:1
FNDA:0,createToken
FNDA:2,decodedToken
DA:1,1
DA:2,1
DA:5,0
DA:9,2
DA:12,1
LF:5
LH:4
BRF:0
BRH:0
end_of_record
TN:
SF:middlewares\authentication.js
FN:4,authentication
FNF:1
FNH:0
FNDA:0,authentication
DA:1,1
DA:2,1
DA:5,0
DA:6,0
DA:7,0
DA:9,0
DA:14,0
DA:15,0
DA:20,0
DA:22,0
DA:25,0
DA:29,1
LF:12
LH:3
BRDA:14,0,0,0
BRDA:14,0,1,0
BRF:2
BRH:0
end_of_record
TN:
SF:middlewares\authenticationInstructor.js
FN:4,authentication
FNF:1
FNH:1
FNDA:2,authentication
DA:1,1
DA:2,1
DA:5,2
DA:6,2
DA:8,2
DA:9,2
DA:14,2
DA:15,2
DA:20,2
DA:22,0
DA:26,0
DA:30,1
LF:12
LH:10
BRDA:14,0,0,2
BRDA:14,0,1,0
BRF:2
BRH:1
end_of_record
TN:
SF:middlewares\handleError.js
FN:1,handleError
FNF:1
FNH:1
FNDA:2,handleError
DA:2,2
DA:3,2
DA:4,2
DA:8,0
DA:9,0
DA:10,2
DA:11,0
DA:12,0
DA:13,2
DA:14,0
DA:15,0
DA:16,2
DA:17,0
DA:18,0
DA:19,2
DA:20,0
DA:21,0
DA:22,2
DA:23,0
DA:24,0
DA:25,2
DA:26,0
DA:27,0
DA:28,2
DA:29,2
DA:30,2
DA:32,2
DA:35,1
LF:28
LH:14
BRDA:4,0,0,0
BRDA:4,0,1,2
BRDA:5,1,0,2
BRDA:5,1,1,2
BRDA:10,2,0,0
BRDA:10,2,1,2
BRDA:13,3,0,0
BRDA:13,3,1,2
BRDA:16,4,0,0
BRDA:16,4,1,2
BRDA:19,5,0,0
BRDA:19,5,1,2
BRDA:22,6,0,0
BRDA:22,6,1,2
BRDA:25,7,0,0
BRDA:25,7,1,2
BRDA:28,8,0,2
BRDA:28,8,1,0
BRF:18
BRH:10
end_of_record
TN:
SF:models\category.js
FN:5,(anonymous_0)
FN:12,(anonymous_1)
FNF:2
FNH:2
FNDA:1,(anonymous_0)
FNDA:1,(anonymous_1)
DA:4,1
DA:5,1
DA:16,1
DA:23,1
LF:4
LH:4
BRF:0
BRH:0
end_of_record
TN:
SF:models\course.js
FN:5,(anonymous_0)
FN:12,(anonymous_1)
FNF:2
FNH:2
FNDA:1,(anonymous_0)
FNDA:1,(anonymous_1)
DA:4,1
DA:5,1
DA:14,1
DA:17,1
DA:29,1
LF:5
LH:5
BRF:0
BRH:0
end_of_record
TN:
SF:models\index.js
FN:21,(anonymous_0)
FN:29,(anonymous_1)
FN:34,(anonymous_2)
FNF:3
FNH:3
FNDA:5,(anonymous_0)
FNDA:4,(anonymous_1)
FNDA:4,(anonymous_2)
DA:3,1
DA:4,1
DA:5,1
DA:6,1
DA:7,1
DA:8,1
DA:9,1
DA:10,1
DA:13,1
DA:14,0
DA:16,1
DA:19,1
DA:22,5
DA:30,4
DA:31,4
DA:34,1
DA:35,4
DA:36,4
DA:40,1
DA:41,1
DA:43,1
LF:21
LH:20
BRDA:8,0,0,1
BRDA:8,0,1,0
BRDA:13,1,0,0
BRDA:13,1,1,1
BRDA:23,2,0,5
BRDA:23,2,1,5
BRDA:23,2,2,4
BRDA:23,2,3,4
BRDA:35,3,0,4
BRDA:35,3,1,0
BRF:10
BRH:7
end_of_record
TN:
SF:models\schedule.js
FN:5,(anonymous_0)
FN:12,(anonymous_1)
FNF:2
FNH:2
FNDA:1,(anonymous_0)
FNDA:1,(anonymous_1)
DA:4,1
DA:5,1
DA:16,1
DA:22,1
LF:4
LH:4
BRF:0
BRH:0
end_of_record
TN:
SF:models\transaction.js
FN:5,(anonymous_0)
FN:12,(anonymous_1)
FNF:2
FNH:2
FNDA:1,(anonymous_0)
FNDA:1,(anonymous_1)
DA:4,1
DA:5,1
DA:16,1
DA:23,1
LF:4
LH:4
BRF:0
BRH:0
end_of_record
TN:
SF:routes\course.js
FNF:0
FNH:0
DA:1,1
DA:2,1
DA:3,1
DA:5,1
DA:6,1
DA:7,1
DA:8,1
DA:9,1
DA:15,1
DA:21,1
DA:23,1
DA:24,1
DA:30,1
DA:35,1
DA:36,1
DA:37,1
DA:38,1
DA:45,1
LF:18
LH:18
BRF:0
BRH:0
end_of_record
TN:
SF:routes\index.js
FNF:0
FNH:0
DA:1,1
DA:2,1
DA:3,1
DA:4,1
DA:5,1
DA:6,1
DA:8,1
DA:9,1
DA:10,1
DA:11,1
DA:14,1
LF:11
LH:11
BRF:0
BRH:0
end_of_record
TN:
SF:routes\instructor.js
FNF:0
FNH:0
DA:1,1
DA:2,1
DA:3,1
DA:5,1
DA:6,1
DA:7,1
LF:6
LH:6
BRF:0
BRH:0
end_of_record
TN:
SF:routes\student.js
FNF:0
FNH:0
DA:1,1
DA:2,1
DA:3,1
DA:4,1
DA:6,1
DA:9,1
LF:6
LH:6
BRF:0
BRH:0
end_of_record
